2026-04-02T10:02:22.2875233Z,Updating submodules.,6a0c7693-0090-42d2-a8cc-83d6fa54acf9,0
2026-04-02T10:02:23.4749781Z,Preparing deployment for commit id 'a0a2fb6a-e'.,18e7ba4d-16c9-4b64-ba8f-1be8ff2bba94,0
2026-04-02T10:02:23.8823415Z,PreDeployment: context.CleanOutputPath False,4ebd06fd-e8f1-4349-a02a-01898ba10828,0
2026-04-02T10:02:24.1591598Z,PreDeployment: context.OutputPath /home/site/wwwroot,6906aa89-f1a3-473f-8262-45ba3d8c0fb2,0
2026-04-02T10:02:24.3036690Z,Repository path is /tmp/zipdeploy/extracted,165c4187-0788-4a36-b692-37e412634d90,0
2026-04-02T10:02:24.4514108Z,Running oryx build...,c2db986a-b710-48d4-b2ec-12e265e6863a,0
	2026-04-02T10:02:24.4555435Z,Command: oryx build /tmp/zipdeploy/extracted -o /home/site/wwwroot --platform python --platform-version 3.11 -p virtualenv_name=antenv --log-file /tmp/build-debug.log  -i /tmp/8de909eefd978a2 --compress-destination-dir | tee /tmp/oryx-build.log,,0
	2026-04-02T10:02:27.8148229Z,Operation performed by Microsoft Oryx&comma; https://github.com/Microsoft/Oryx,,0
	2026-04-02T10:02:27.8545285Z,You can report issues at https://github.com/Microsoft/Oryx/issues,,0
	2026-04-02T10:02:27.8838738Z,,,0
	2026-04-02T10:02:27.9598771Z,Oryx Version: 0.2.20260204.1+0fdbe200b286be083841ff7fa201c6c2316dc6b9&comma; Commit: 0fdbe200b286be083841ff7fa201c6c2316dc6b9&comma; ReleaseTagName: 20260204.1,,0
	2026-04-02T10:02:27.9810942Z,,,0
	2026-04-02T10:02:28.0189727Z,Build Operation ID: 497e264fd505dcbe,,0
	2026-04-02T10:02:28.0420121Z,Repository Commit : a0a2fb6a-ebfc-49d8-88a9-2dc7d28c4e0a,,0
	2026-04-02T10:02:28.0706449Z,OS Type           : bullseye,,0
	2026-04-02T10:02:28.1489206Z,Image Type        : githubactions,,0
	2026-04-02T10:02:28.1902307Z,,,0
	2026-04-02T10:02:28.2190045Z,Primary SDK Storage URL: https://oryx-cdn.microsoft.io,,0
	2026-04-02T10:02:28.2705531Z,Backup SDK Storage URL: ,,0
	2026-04-02T10:02:28.2998369Z,Detecting platforms...,,0
	2026-04-02T10:02:28.3608217Z,External SDK provider is enabled.,,0
	2026-04-02T10:02:28.4713077Z,Requesting metadata for platform python from external SDK provider,,0
	2026-04-02T10:02:30.7753871Z,Requesting metadata for platform python from external SDK provider,,0
	2026-04-02T10:02:31.4239630Z,Detected following platforms:,,0
	2026-04-02T10:02:31.4847921Z,  python: 3.11.15,,0
	2026-04-02T10:02:31.5147742Z,Requesting metadata for platform python from external SDK provider,,0
	2026-04-02T10:02:35.8385509Z,Version '3.11.15' of platform 'python' is not installed. Generating script to install it...,,0
	2026-04-02T10:02:36.3624863Z,,,0
	2026-04-02T10:02:36.4896601Z,Using intermediate directory '/tmp/8de909eefd978a2'.,,0
	2026-04-02T10:02:36.5179032Z,,,0
	2026-04-02T10:02:36.5879147Z,Copying files to the intermediate directory...,,0
	2026-04-02T10:02:36.6267303Z,Copying files to intermediate directory done in 0 sec(s).,,0
	2026-04-02T10:02:36.6448443Z,,,0
	2026-04-02T10:02:36.6893615Z,Source directory     : /tmp/8de909eefd978a2,,0
	2026-04-02T10:02:36.7112564Z,Destination directory: /home/site/wwwroot,,0
	2026-04-02T10:02:36.7318787Z,,,0
	2026-04-02T10:02:36.8083801Z,Installing platform...,,0
	2026-04-02T10:02:36.8397207Z,,,0
	2026-04-02T10:02:36.8805179Z,Downloading and extracting 'python' version '3.11.15' to '/tmp/oryx/platforms/python/3.11.15'...,,0
	2026-04-02T10:02:36.9384995Z,Detected image debian flavor: bullseye.,,0
	2026-04-02T10:02:36.9491366Z,Skipping download of python version 3.11.15 as it is available in external sdk provider cache...,,0
	2026-04-02T10:02:36.9783518Z,Extracting contents...,,0
	2026-04-02T10:02:55.2689713Z,Successfully extracted python version 3.11.15 from external sdk provider cache...,,0
	2026-04-02T10:02:55.3401291Z,,,0
	2026-04-02T10:02:55.4282199Z,image detector file exists&comma; platform is python..,,0
	2026-04-02T10:02:55.4594716Z,OS detector file exists&comma; OS is bullseye..,,0
	2026-04-02T10:02:55.5093124Z,Platform installation done in 19 sec(s).,,0
	2026-04-02T10:02:56.1639899Z,Running build script snippets...,,0
	2026-04-02T10:02:56.1948502Z,Python Version: /tmp/oryx/platforms/python/3.11.15/bin/python3.11,,0
	2026-04-02T10:02:56.2225929Z,Creating directory for command manifest file if it does not exist,,0
	2026-04-02T10:02:56.2655275Z,Removing existing manifest file,,0
	2026-04-02T10:02:56.2936456Z,Python Virtual Environment: antenv,,0
	2026-04-02T10:02:56.3536375Z,Creating virtual environment...,,0
	2026-04-02T10:02:56.3962583Z,Executing: /tmp/oryx/platforms/python/3.11.15/bin/python3.11 -m venv antenv --copies --system-site-packages,,0
	2026-04-02T10:03:19.6731567Z,Activating virtual environment...,,0
	2026-04-02T10:03:19.7033986Z,Fast build is enabled,,0
	2026-04-02T10:03:19.7429377Z,Installing uv...,,0
	2026-04-02T10:03:23.5185543Z,Collecting uv,,0
	2026-04-02T10:03:23.6361805Z,  Using cached uv-0.11.3-py3-none-manylinux_2_17_x86_64.manylinux2014_x86_64.whl.metadata (11 kB),,0
	2026-04-02T10:03:23.7266334Z,Using cached uv-0.11.3-py3-none-manylinux_2_17_x86_64.manylinux2014_x86_64.whl (24.6 MB),,0
	2026-04-02T10:03:24.6758015Z,Installing collected packages: uv,,0
	2026-04-02T10:03:27.4650409Z,Successfully installed uv-0.11.3,,0
	2026-04-02T10:03:28.6254471Z,,,1
	2026-04-02T10:03:28.8155196Z,[notice] A new release of pip is available: 24.0 -> 26.0.1,,1
	2026-04-02T10:03:29.0540837Z,[notice] To update&comma; run: pip install --upgrade pip,,1
	2026-04-02T10:03:33.1864818Z,Running uv pip install...,,0
	2026-04-02T10:03:49.8246506Z,Using Python 3.11.15 environment at: antenv,,0
	2026-04-02T10:03:49.9153965Z,Resolved 15 packages in 934ms,,0
	2026-04-02T10:03:49.9851495Z,Prepared 15 packages in 873ms,,0
	2026-04-02T10:03:50.1654397Z,Installed 15 packages in 397ms,,0
	2026-04-02T10:03:50.3368996Z,Bytecode compiled 1155 files in 13.02s,,0
	2026-04-02T10:03:50.4160597Z, + blinker==1.9.0,,0
	2026-04-02T10:03:50.5353924Z, + certifi==2026.2.25,,0
	2026-04-02T10:03:50.7056822Z, + charset-normalizer==3.4.7,,0
	2026-04-02T10:03:50.7846347Z, + click==8.3.1,,0
	2026-04-02T10:03:51.0204285Z, + flask==3.1.3,,0
	2026-04-02T10:03:51.1011550Z, + gunicorn==25.3.0,,0
	2026-04-02T10:03:51.2786923Z, + idna==3.11,,0
	2026-04-02T10:03:51.4157953Z, + itsdangerous==2.2.0,,0
	2026-04-02T10:03:51.4434760Z, + jinja2==3.1.6,,0
	2026-04-02T10:03:51.6215232Z, + markupsafe==3.0.3,,0
	2026-04-02T10:03:51.6724491Z, + packaging==26.0,,0
	2026-04-02T10:03:51.7002988Z, + python-dotenv==1.2.2,,0
	2026-04-02T10:03:51.8774928Z, + requests==2.33.1,,0
	2026-04-02T10:03:51.9451376Z, + urllib3==2.6.3,,0
	2026-04-02T10:03:51.9923818Z, + werkzeug==3.1.7,,0
	2026-04-02T10:03:52.1528744Z,uv pip install done in 30 sec(s).,,0
	2026-04-02T10:03:52.2374782Z,Not a vso image&comma; so not writing build commands,,0
	2026-04-02T10:03:52.3080262Z,Build script snippets done in 54 sec(s).,,0
	2026-04-02T10:03:52.3467852Z,Preparing output...,,0
	2026-04-02T10:03:52.4454496Z,Compressing source directory directly to destination (optimized path)...,,0
	2026-04-02T10:03:52.5644366Z,Using zstd for compression,,0
	2026-04-02T10:04:16.3749355Z,Copied the compressed output to '/home/site/wwwroot',,0
	2026-04-02T10:04:16.4220509Z,Direct compression with zstd done in 26 sec(s).,,0
	2026-04-02T10:04:16.5019027Z,,,0
	2026-04-02T10:04:16.5487096Z,Removing existing manifest file,,0
	2026-04-02T10:04:16.5674843Z,Creating a manifest file...,,0
	2026-04-02T10:04:16.6522774Z,Manifest file created.,,0
	2026-04-02T10:04:16.6825482Z,Copying .ostype to manifest output directory.,,0
	2026-04-02T10:04:16.7453250Z,,,0
	2026-04-02T10:04:16.8057538Z,Total execution done in 100 sec(s).,,0
2026-04-02T10:04:19.1828272Z,Running post deployment command(s)...,7b5834f7-bd18-4fbc-a140-90843f9721ff,0
2026-04-02T10:04:19.4167246Z,,9f62c771-217f-4a24-b0ea-db9d0da35e24,0
2026-04-02T10:04:19.6275820Z,Generating summary of Oryx build,fbfdd926-6f2a-4a26-9093-1e5abb0e83f5,0
2026-04-02T10:04:20.0174593Z,Parsing the build logs,b93b8ba9-51e3-4201-b8d2-f8d73e83e0ce,0
2026-04-02T10:04:20.1792941Z,Found 0 issue(s),7a01a08f-9c60-4577-b5b4-6b9e1f9d015a,0
2026-04-02T10:04:20.3099617Z,,f5c4fe31-a97e-49aa-b1df-1542cb582a2f,0
2026-04-02T10:04:20.4937426Z,Build Summary :,44edb344-c3af-4a0a-8c8e-38952179c0f4,0
2026-04-02T10:04:20.6258740Z,===============,f995a0d7-5431-43a7-9166-60705ba6ce99,0
2026-04-02T10:04:20.7449291Z,Errors (0),36135054-071a-41d3-bbe7-fdcaf71ed19c,0
2026-04-02T10:04:20.8975014Z,Warnings (0),68727830-33bc-4e41-80dd-5ec20cfebfb5,0
2026-04-02T10:04:21.0283275Z,,0f261f4c-6e17-4638-80c8-29de9f76ac5b,0
2026-04-02T10:04:21.3145177Z,Triggering recycle (preview mode disabled).,6bbfe73b-1b45-4911-9fb6-67c1b6095d01,0
2026-04-02T10:04:21.5587094Z,Deployment successful. deployer = Push-Deployer deploymentPath = ZipDeploy. Extract zip. Remote build.,86403c38-481d-4cd9-8093-e4ee93ea4f00,0
