2026-04-02T09:30:30.7078792Z,Updating submodules.,613a0829-9d83-44a9-813e-95cf31656b2d,0
2026-04-02T09:30:31.8413393Z,Preparing deployment for commit id 'e428cf64-e'.,ab8143c4-fe76-4378-84a4-1269fb132962,0
2026-04-02T09:30:32.1253399Z,PreDeployment: context.CleanOutputPath False,167fe590-76b4-478e-8e5a-68479f63ade0,0
2026-04-02T09:30:32.2978454Z,PreDeployment: context.OutputPath /home/site/wwwroot,0e501f75-9b46-4ce2-b38d-3219bad25073,0
2026-04-02T09:30:32.4663562Z,Repository path is /tmp/zipdeploy/extracted,5185541b-c478-43cc-adf3-47a313bc4478,0
2026-04-02T09:30:32.5868272Z,Running oryx build...,824f11b9-ba27-4d45-87c8-72806b4d2f34,0
	2026-04-02T09:30:32.6103374Z,Command: oryx build /tmp/zipdeploy/extracted -o /home/site/wwwroot --platform python --platform-version 3.11 -p virtualenv_name=antenv --log-file /tmp/build-debug.log  -i /tmp/8de909a7c6686e0 --compress-destination-dir | tee /tmp/oryx-build.log,,0
	2026-04-02T09:30:36.6602144Z,Operation performed by Microsoft Oryx&comma; https://github.com/Microsoft/Oryx,,0
	2026-04-02T09:30:36.7089162Z,You can report issues at https://github.com/Microsoft/Oryx/issues,,0
	2026-04-02T09:30:36.7405155Z,,,0
	2026-04-02T09:30:36.8322863Z,Oryx Version: 0.2.20260204.1+0fdbe200b286be083841ff7fa201c6c2316dc6b9&comma; Commit: 0fdbe200b286be083841ff7fa201c6c2316dc6b9&comma; ReleaseTagName: 20260204.1,,0
	2026-04-02T09:30:36.8707539Z,,,0
	2026-04-02T09:30:36.9231906Z,Build Operation ID: 93dac8ff466214f4,,0
	2026-04-02T09:30:36.9722353Z,Repository Commit : e428cf64-ef89-4f47-88a6-742f10e6dd4a,,0
	2026-04-02T09:30:37.0294483Z,OS Type           : bullseye,,0
	2026-04-02T09:30:37.0632022Z,Image Type        : githubactions,,0
	2026-04-02T09:30:37.1893915Z,,,0
	2026-04-02T09:30:37.2214152Z,Primary SDK Storage URL: https://oryx-cdn.microsoft.io,,0
	2026-04-02T09:30:37.2504415Z,Backup SDK Storage URL: ,,0
	2026-04-02T09:30:37.2804565Z,Detecting platforms...,,0
	2026-04-02T09:30:37.3685966Z,External SDK provider is enabled.,,0
	2026-04-02T09:30:37.4410678Z,Requesting metadata for platform python from external SDK provider,,0
	2026-04-02T09:30:39.8571888Z,Requesting metadata for platform python from external SDK provider,,0
	2026-04-02T09:30:42.1584573Z,Successfully requested blob for platform python&comma; blobName defaultVersion.bullseye.txt&comma; available at /var/OryxSdks/python/defaultVersion.bullseye.txt,,0
	2026-04-02T09:30:42.3100523Z,Detected following platforms:,,0
	2026-04-02T09:30:42.3305047Z,  python: 3.11.15,,0
	2026-04-02T09:30:42.4117535Z,Requesting metadata for platform python from external SDK provider,,0
	2026-04-02T09:30:51.3432013Z,Successfully requested blob for platform python&comma; blobName python-bullseye-3.11.15.tar.gz&comma; available at /var/OryxSdks/python/python-bullseye-3.11.15.tar.gz,,0
	2026-04-02T09:30:53.1948752Z,Version '3.11.15' of platform 'python' is not installed. Generating script to install it...,,0
	2026-04-02T09:30:54.1784001Z,,,0
	2026-04-02T09:30:54.7857866Z,Using intermediate directory '/tmp/8de909a7c6686e0'.,,0
	2026-04-02T09:30:54.9429140Z,,,0
	2026-04-02T09:30:54.9811334Z,Copying files to the intermediate directory...,,0
	2026-04-02T09:30:55.0228606Z,Copying files to intermediate directory done in 0 sec(s).,,0
	2026-04-02T09:30:55.0608871Z,,,0
	2026-04-02T09:30:55.0823576Z,Source directory     : /tmp/8de909a7c6686e0,,0
	2026-04-02T09:30:55.1210863Z,Destination directory: /home/site/wwwroot,,0
	2026-04-02T09:30:55.1419832Z,,,0
	2026-04-02T09:30:55.2273633Z,Installing platform...,,0
	2026-04-02T09:30:55.3267365Z,,,0
	2026-04-02T09:30:55.3484745Z,Downloading and extracting 'python' version '3.11.15' to '/tmp/oryx/platforms/python/3.11.15'...,,0
	2026-04-02T09:30:55.3991666Z,Detected image debian flavor: bullseye.,,0
	2026-04-02T09:30:55.4397614Z,Skipping download of python version 3.11.15 as it is available in external sdk provider cache...,,0
	2026-04-02T09:30:55.4797649Z,Extracting contents...,,0
	2026-04-02T09:31:25.4148808Z,Successfully extracted python version 3.11.15 from external sdk provider cache...,,0
	2026-04-02T09:31:25.5103794Z,,,0
	2026-04-02T09:31:25.5499246Z,image detector file exists&comma; platform is python..,,0
	2026-04-02T09:31:25.5804860Z,OS detector file exists&comma; OS is bullseye..,,0
	2026-04-02T09:31:25.6103923Z,Platform installation done in 31 sec(s).,,0
	2026-04-02T09:31:25.8973371Z,Running build script snippets...,,0
	2026-04-02T09:31:25.9651452Z,Python Version: /tmp/oryx/platforms/python/3.11.15/bin/python3.11,,0
	2026-04-02T09:31:26.0048162Z,Creating directory for command manifest file if it does not exist,,0
	2026-04-02T09:31:26.0545853Z,Removing existing manifest file,,0
	2026-04-02T09:31:26.0731927Z,Python Virtual Environment: antenv,,0
	2026-04-02T09:31:26.1230750Z,Creating virtual environment...,,0
	2026-04-02T09:31:26.1536973Z,Executing: /tmp/oryx/platforms/python/3.11.15/bin/python3.11 -m venv antenv --copies --system-site-packages,,0
	2026-04-02T09:31:44.5775168Z,Activating virtual environment...,,0
	2026-04-02T09:31:44.6378755Z,Fast build is enabled,,0
	2026-04-02T09:31:44.6875601Z,Installing uv...,,0
	2026-04-02T09:31:48.5089314Z,Collecting uv,,0
	2026-04-02T09:31:48.6170658Z,  Downloading uv-0.11.3-py3-none-manylinux_2_17_x86_64.manylinux2014_x86_64.whl.metadata (11 kB),,0
	2026-04-02T09:31:48.7913541Z,Downloading uv-0.11.3-py3-none-manylinux_2_17_x86_64.manylinux2014_x86_64.whl (24.6 MB),,0
	2026-04-02T09:31:50.7976336Z,   ━━━━━━━━━━━━━━━━━━━━━━━━━━━━━━━━━━━━━━━━ 24.6/24.6 MB 6.5 MB/s eta 0:00:00,,0
	2026-04-02T09:31:51.5509217Z,Installing collected packages: uv,,0
	2026-04-02T09:31:53.4942863Z,Successfully installed uv-0.11.3,,0
	2026-04-02T09:31:53.9889443Z,,,1
	2026-04-02T09:31:54.0305424Z,[notice] A new release of pip is available: 24.0 -> 26.0.1,,1
	2026-04-02T09:31:54.0802437Z,[notice] To update&comma; run: pip install --upgrade pip,,1
	2026-04-02T09:31:54.9423411Z,Running uv pip install...,,0
	2026-04-02T09:36:26.8236430Z,Using Python 3.11.15 environment at: antenv,,0
	2026-04-02T09:36:26.8945216Z,Resolved 138 packages in 2.67s,,0
	2026-04-02T09:36:26.9264204Z,Downloading pygments (1.2MiB),,0
	2026-04-02T09:36:26.9664189Z,Downloading xgboost (125.6MiB),,0
	2026-04-02T09:36:26.9858524Z,Downloading azure-mgmt-resource (3.4MiB),,0
	2026-04-02T09:36:26.9979191Z,Downloading fonttools (4.8MiB),,0
	2026-04-02T09:36:27.0156846Z,Downloading azure-mgmt-containerregistry (1.6MiB),,0
	2026-04-02T09:36:27.0464509Z,Downloading azureml-core (3.2MiB),,0
	2026-04-02T09:36:27.0686046Z,Downloading azure-ai-ml (12.6MiB),,0
	2026-04-02T09:36:27.0972448Z,Downloading lightgbm (3.4MiB),,0
	2026-04-02T09:36:27.1182395Z,Downloading nvidia-nccl-cu12 (280.0MiB),,0
	2026-04-02T09:36:27.1376086Z,Downloading azure-mgmt-authorization (1.0MiB),,0
	2026-04-02T09:36:27.1491358Z,Downloading kiwisolver (1.4MiB),,0
	2026-04-02T09:36:27.1598950Z,Downloading cryptography (4.3MiB),,0
	2026-04-02T09:36:27.1702268Z,Downloading matplotlib (8.3MiB),,0
	2026-04-02T09:36:27.2070684Z,Downloading pillow (6.8MiB),,0
	2026-04-02T09:36:27.2180995Z,Downloading numpy (16.1MiB),,0
	2026-04-02T09:36:27.2281992Z,Downloading pynacl (1.4MiB),,0
	2026-04-02T09:36:27.2392125Z,Downloading scipy (33.7MiB),,0
	2026-04-02T09:36:27.2497000Z,Downloading pandas (10.7MiB),,0
	2026-04-02T09:36:27.2604640Z,Downloading plotly (9.5MiB),,0
	2026-04-02T09:36:27.2700554Z,Downloading scikit-learn (8.7MiB),,0
	2026-04-02T09:36:27.2971553Z, Downloaded pygments,,0
	2026-04-02T09:36:27.3156855Z, Downloaded kiwisolver,,0
	2026-04-02T09:36:27.3259285Z, Downloaded pynacl,,0
	2026-04-02T09:36:27.3463613Z, Downloaded azure-mgmt-containerregistry,,0
	2026-04-02T09:36:27.3771092Z, Downloaded azure-mgmt-authorization,,0
	2026-04-02T09:36:27.3999801Z, Downloaded lightgbm,,0
	2026-04-02T09:36:27.4099841Z, Downloaded cryptography,,0
	2026-04-02T09:36:27.4195499Z, Downloaded fonttools,,0
	2026-04-02T09:36:27.4762037Z, Downloaded azureml-core,,0
	2026-04-02T09:36:27.5001223Z, Downloaded azure-mgmt-resource,,0
	2026-04-02T09:36:27.5112097Z, Downloaded pillow,,0
	2026-04-02T09:36:27.5262829Z, Downloaded matplotlib,,0
	2026-04-02T09:36:27.5367990Z, Downloaded scikit-learn,,0
	2026-04-02T09:36:27.5470118Z, Downloaded plotly,,0
	2026-04-02T09:36:27.5568584Z, Downloaded numpy,,0
	2026-04-02T09:36:27.5883012Z, Downloaded pandas,,0
	2026-04-02T09:36:27.6096276Z, Downloaded scipy,,0
	2026-04-02T09:36:27.7087355Z, Downloaded azure-ai-ml,,0
	2026-04-02T09:36:27.7399985Z, Downloaded xgboost,,0
	2026-04-02T09:36:27.8481777Z, Downloaded nvidia-nccl-cu12,,0
	2026-04-02T09:36:27.9385854Z,Prepared 138 packages in 56.14s,,0
	2026-04-02T09:36:27.9907110Z,Installed 138 packages in 3.88s,,0
	2026-04-02T09:36:28.0915519Z,Bytecode compiled 16717 files in 3m 28s,,0
	2026-04-02T09:36:28.1901300Z, + adal==1.2.7,,0
	2026-04-02T09:36:28.2227952Z, + argcomplete==3.6.3,,0
	2026-04-02T09:36:28.3032695Z, + asgiref==3.11.1,,0
	2026-04-02T09:36:28.3526437Z, + attrs==26.1.0,,0
	2026-04-02T09:36:28.4134238Z, + azure-ai-ml==1.32.0,,0
	2026-04-02T09:36:28.4604597Z, + azure-common==1.1.28,,0
	2026-04-02T09:36:28.5030277Z, + azure-core==1.39.0,,0
	2026-04-02T09:36:28.5431219Z, + azure-core-tracing-opentelemetry==1.0.0b12,,0
	2026-04-02T09:36:28.6111861Z, + azure-eventhub==5.15.1,,0
	2026-04-02T09:36:28.6708582Z, + azure-graphrbac==0.61.2,,0
	2026-04-02T09:36:28.6988394Z, + azure-identity==1.25.3,,0
	2026-04-02T09:36:28.7574676Z, + azure-keyvault-secrets==4.10.0,,0
	2026-04-02T09:36:28.8655453Z, + azure-mgmt-authorization==4.0.0,,0
	2026-04-02T09:36:28.9284566Z, + azure-mgmt-containerregistry==14.0.0,,0
	2026-04-02T09:36:28.9651416Z, + azure-mgmt-core==1.6.0,,0
	2026-04-02T09:36:29.0161903Z, + azure-mgmt-datafactory==9.3.0,,0
	2026-04-02T09:36:29.0354517Z, + azure-mgmt-keyvault==11.0.0,,0
	2026-04-02T09:36:29.0468938Z, + azure-mgmt-network==30.0.0,,0
	2026-04-02T09:36:29.0766673Z, + azure-mgmt-resource==24.0.0,,0
	2026-04-02T09:36:29.1062196Z, + azure-mgmt-storage==24.0.0,,0
	2026-04-02T09:36:29.1484383Z, + azure-monitor-opentelemetry==1.8.7,,0
	2026-04-02T09:36:29.1890789Z, + azure-monitor-opentelemetry-exporter==1.0.0b49,,0
	2026-04-02T09:36:29.2078836Z, + azure-storage-blob==12.28.0,,0
	2026-04-02T09:36:29.2383881Z, + azure-storage-file-datalake==12.23.0,,0
	2026-04-02T09:36:29.2606065Z, + azure-storage-file-share==12.24.0,,0
	2026-04-02T09:36:29.2770399Z, + azureml-core==1.61.0.post3,,0
	2026-04-02T09:36:29.2973955Z, + backports-tempfile==1.0,,0
	2026-04-02T09:36:29.3249680Z, + backports-weakref==1.0.post1,,0
	2026-04-02T09:36:29.3743448Z, + bcrypt==5.0.0,,0
	2026-04-02T09:36:29.3968947Z, + blinker==1.9.0,,0
	2026-04-02T09:36:29.4141276Z, + certifi==2026.2.25,,0
	2026-04-02T09:36:29.4251493Z, + cffi==2.0.0,,0
	2026-04-02T09:36:29.4359067Z, + charset-normalizer==3.4.7,,0
	2026-04-02T09:36:29.4465781Z, + click==8.3.1,,0
	2026-04-02T09:36:29.4568839Z, + colorama==0.4.6,,0
	2026-04-02T09:36:29.4745325Z, + contextlib2==21.6.0,,0
	2026-04-02T09:36:29.5021336Z, + contourpy==1.3.3,,0
	2026-04-02T09:36:29.5142435Z, + cryptography==46.0.6,,0
	2026-04-02T09:36:29.5334701Z, + cycler==0.12.1,,0
	2026-04-02T09:36:29.5502846Z, + databricks-sdk==0.102.0,,0
	2026-04-02T09:36:29.5626202Z, + docker==7.1.0,,0
	2026-04-02T09:36:29.5733973Z, + flask==3.1.3,,0
	2026-04-02T09:36:29.6307091Z, + fonttools==4.62.1,,0
	2026-04-02T09:36:29.6423785Z, + google-api-core==2.30.1,,0
	2026-04-02T09:36:29.6535444Z, + google-auth==2.49.1,,0
	2026-04-02T09:36:29.6642173Z, + googleapis-common-protos==1.73.1,,0
	2026-04-02T09:36:29.6744507Z, + humanfriendly==10.0,,0
	2026-04-02T09:36:29.7019435Z, + idna==3.11,,0
	2026-04-02T09:36:29.7210086Z, + importlib-metadata==8.7.1,,0
	2026-04-02T09:36:29.7331672Z, + isodate==0.7.2,,0
	2026-04-02T09:36:29.7433013Z, + itsdangerous==2.2.0,,0
	2026-04-02T09:36:29.7613689Z, + jeepney==0.9.0,,0
	2026-04-02T09:36:29.8005613Z, + jinja2==3.1.6,,0
	2026-04-02T09:36:29.8413001Z, + jmespath==1.1.0,,0
	2026-04-02T09:36:29.8728464Z, + joblib==1.5.3,,0
	2026-04-02T09:36:29.9415833Z, + jsonpickle==4.1.1,,0
	2026-04-02T09:36:29.9627377Z, + jsonschema==4.26.0,,0
	2026-04-02T09:36:30.0709685Z, + jsonschema-specifications==2025.9.1,,0
	2026-04-02T09:36:30.1286148Z, + kiwisolver==1.5.0,,0
	2026-04-02T09:36:30.2150912Z, + knack==0.12.0,,0
	2026-04-02T09:36:30.2824521Z, + lightgbm==4.6.0,,0
	2026-04-02T09:36:30.3423854Z, + markupsafe==3.0.3,,0
	2026-04-02T09:36:30.3805328Z, + marshmallow==3.26.2,,0
	2026-04-02T09:36:30.4115631Z, + matplotlib==3.10.8,,0
	2026-04-02T09:36:30.4178033Z, + msal==1.35.1,,0
	2026-04-02T09:36:30.4295781Z, + msal-extensions==1.3.1,,0
	2026-04-02T09:36:30.4399615Z, + msrest==0.7.1,,0
	2026-04-02T09:36:30.4514185Z, + msrestazure==0.6.4.post1,,0
	2026-04-02T09:36:30.4622287Z, + narwhals==2.18.1,,0
	2026-04-02T09:36:30.4805020Z, + ndg-httpsclient==0.5.1,,0
	2026-04-02T09:36:30.5087581Z, + numpy==2.4.4,,0
	2026-04-02T09:36:30.5302379Z, + nvidia-nccl-cu12==2.29.7,,0
	2026-04-02T09:36:30.5480969Z, + oauthlib==3.3.1,,0
	2026-04-02T09:36:30.5784410Z, + opencensus==0.11.4,,0
	2026-04-02T09:36:30.6158041Z, + opencensus-context==0.1.3,,0
	2026-04-02T09:36:30.6576235Z, + opencensus-ext-azure==1.1.15,,0
	2026-04-02T09:36:30.7072202Z, + opencensus-ext-logging==0.1.1,,0
	2026-04-02T09:36:30.7772887Z, + opentelemetry-api==1.40.0,,0
	2026-04-02T09:36:30.8634556Z, + opentelemetry-instrumentation==0.61b0,,0
	2026-04-02T09:36:30.9118711Z, + opentelemetry-instrumentation-asgi==0.61b0,,0
	2026-04-02T09:36:30.9450034Z, + opentelemetry-instrumentation-dbapi==0.61b0,,0
	2026-04-02T09:36:31.0520958Z, + opentelemetry-instrumentation-django==0.61b0,,0
	2026-04-02T09:36:31.1400851Z, + opentelemetry-instrumentation-fastapi==0.61b0,,0
	2026-04-02T09:36:31.1832490Z, + opentelemetry-instrumentation-flask==0.61b0,,0
	2026-04-02T09:36:31.2106870Z, + opentelemetry-instrumentation-logging==0.61b0,,0
	2026-04-02T09:36:31.2510385Z, + opentelemetry-instrumentation-psycopg2==0.61b0,,0
	2026-04-02T09:36:31.2811992Z, + opentelemetry-instrumentation-requests==0.61b0,,0
	2026-04-02T09:36:31.3095572Z, + opentelemetry-instrumentation-urllib==0.61b0,,0
	2026-04-02T09:36:31.3477471Z, + opentelemetry-instrumentation-urllib3==0.61b0,,0
	2026-04-02T09:36:31.3877745Z, + opentelemetry-instrumentation-wsgi==0.61b0,,0
	2026-04-02T09:36:31.4290308Z, + opentelemetry-resource-detector-azure==0.1.5,,0
	2026-04-02T09:36:31.4686275Z, + opentelemetry-sdk==1.40.0,,0
	2026-04-02T09:36:31.5388807Z, + opentelemetry-semantic-conventions==0.61b0,,0
	2026-04-02T09:36:31.5780303Z, + opentelemetry-util-http==0.61b0,,0
	2026-04-02T09:36:31.6206282Z, + packaging==25.0,,0
	2026-04-02T09:36:31.6815532Z, + pandas==3.0.2,,0
	2026-04-02T09:36:31.7920516Z, + paramiko==3.5.1,,0
	2026-04-02T09:36:31.8404710Z, + pathspec==0.12.1,,0
	2026-04-02T09:36:31.9798070Z, + pillow==12.2.0,,0
	2026-04-02T09:36:32.0488008Z, + pkginfo==1.12.1.2,,0
	2026-04-02T09:36:32.1152465Z, + plotly==6.6.0,,0
	2026-04-02T09:36:32.1352022Z, + proto-plus==1.27.2,,0
	2026-04-02T09:36:32.1704203Z, + protobuf==6.33.6,,0
	2026-04-02T09:36:32.1916337Z, + psutil==7.2.2,,0
	2026-04-02T09:36:32.2219890Z, + pyasn1==0.6.3,,0
	2026-04-02T09:36:32.2514594Z, + pyasn1-modules==0.4.2,,0
	2026-04-02T09:36:32.2908226Z, + pycparser==3.0,,0
	2026-04-02T09:36:32.3226681Z, + pydash==8.0.6,,0
	2026-04-02T09:36:32.3619262Z, + pygments==2.20.0,,0
	2026-04-02T09:36:32.3922526Z, + pyjwt==2.12.1,,0
	2026-04-02T09:36:32.4989433Z, + pynacl==1.6.2,,0
	2026-04-02T09:36:32.6472924Z, + pyodbc==5.3.0,,0
	2026-04-02T09:36:32.7066731Z, + pyopenssl==25.3.0,,0
	2026-04-02T09:36:32.7551503Z, + pyparsing==3.3.2,,0
	2026-04-02T09:36:32.7948101Z, + pysocks==1.7.1,,0
	2026-04-02T09:36:32.8521212Z, + python-dateutil==2.9.0.post0,,0
	2026-04-02T09:36:32.9215880Z, + python-dotenv==1.2.2,,0
	2026-04-02T09:36:32.9707812Z, + python-json-logger==4.1.0,,0
	2026-04-02T09:36:33.0107007Z, + pytz==2026.1.post1,,0
	2026-04-02T09:36:33.0490003Z, + pyyaml==6.0.3,,0
	2026-04-02T09:36:33.0710618Z, + referencing==0.37.0,,0
	2026-04-02T09:36:33.1106160Z, + requests==2.33.1,,0
	2026-04-02T09:36:33.1502720Z, + requests-oauthlib==2.0.0,,0
	2026-04-02T09:36:33.2052412Z, + rpds-py==0.30.0,,0
	2026-04-02T09:36:33.2363734Z, + scikit-learn==1.8.0,,0
	2026-04-02T09:36:33.2545593Z, + scipy==1.17.1,,0
	2026-04-02T09:36:33.2866054Z, + secretstorage==3.5.0,,0
	2026-04-02T09:36:33.3239047Z, + six==1.17.0,,0
	2026-04-02T09:36:33.3443175Z, + strictyaml==1.7.3,,0
	2026-04-02T09:36:33.4022624Z, + tabulate==0.10.0,,0
	2026-04-02T09:36:33.4430234Z, + threadpoolctl==3.6.0,,0
	2026-04-02T09:36:33.4743485Z, + tqdm==4.67.3,,0
	2026-04-02T09:36:33.5231983Z, + typing-extensions==4.15.0,,0
	2026-04-02T09:36:33.5393798Z, + urllib3==2.6.3,,0
	2026-04-02T09:36:33.5617131Z, + werkzeug==3.1.7,,0
	2026-04-02T09:36:33.6005737Z, + wrapt==1.17.3,,0
	2026-04-02T09:36:33.6209720Z, + xgboost==3.2.0,,0
	2026-04-02T09:36:33.6866804Z, + zipp==3.23.0,,0
	2026-04-02T09:36:33.7457180Z,uv pip install done in 282 sec(s).,,0
	2026-04-02T09:36:33.7844839Z,Not a vso image&comma; so not writing build commands,,0
	2026-04-02T09:36:33.7962746Z,Build script snippets done in 301 sec(s).,,0
	2026-04-02T09:36:33.8650459Z,Preparing output...,,0
	2026-04-02T09:36:33.9560605Z,Compressing source directory directly to destination (optimized path)...,,0
	2026-04-02T09:36:34.0043353Z,Using zstd for compression,,0
	2026-04-02T09:38:10.5439897Z,Copied the compressed output to '/home/site/wwwroot',,0
	2026-04-02T09:38:10.6561715Z,Direct compression with zstd done in 104 sec(s).,,0
	2026-04-02T09:38:10.6857553Z,,,0
	2026-04-02T09:38:10.7160182Z,Removing existing manifest file,,0
	2026-04-02T09:38:10.7544639Z,Creating a manifest file...,,0
	2026-04-02T09:38:10.7839873Z,Manifest file created.,,0
	2026-04-02T09:38:10.8063418Z,Copying .ostype to manifest output directory.,,0
	2026-04-02T09:38:10.8438609Z,,,0
	2026-04-02T09:38:10.8636827Z,Total execution done in 436 sec(s).,,0
2026-04-02T09:38:12.2325326Z,Running post deployment command(s)...,0c14933f-9aa7-4c96-af04-17d0d8d6a039,0
2026-04-02T09:38:12.3571229Z,,beefa77b-6ccc-4aff-a336-511717201a01,0
2026-04-02T09:38:12.4980342Z,Generating summary of Oryx build,d0c261bb-b885-4585-a7c6-cee59fec212b,0
2026-04-02T09:38:12.6689389Z,Parsing the build logs,5512f792-46ed-45f7-9cb6-9ac53c44ab6e,0
2026-04-02T09:38:12.8016589Z,Found 0 issue(s),0d4c5176-bd49-4970-ba14-ae4de7467691,0
2026-04-02T09:38:12.9527166Z,,9e6aaa52-a587-4ae8-9631-0cdb330dc417,0
2026-04-02T09:38:13.0744208Z,Build Summary :,3255fac1-1f21-48ea-bbee-bcab6230abe0,0
2026-04-02T09:38:13.1966628Z,===============,2c603c16-3747-4160-9327-ab618ec77376,0
2026-04-02T09:38:13.3198946Z,Errors (0),50ab07a1-6b72-4acc-8218-e8380b541947,0
2026-04-02T09:38:13.4433675Z,Warnings (0),5af23b5c-0b0d-41d9-9275-d0056d455de1,0
2026-04-02T09:38:13.5584664Z,,11ec3648-4fbb-458b-8679-a36e5c4429e3,0
2026-04-02T09:38:13.7009085Z,Triggering container recycle for OneDeploy by adding/updating restartTrigger.txt to the site root path,ef5eb138-567d-4429-801e-821a0086e1d5,0
2026-04-02T09:38:13.8925597Z,Deployment successful. deployer = OneDeploy deploymentPath = OneDeploy,db1faab8-7995-445f-9fd6-51b2f4642a34,0
