2026-04-02T10:06:27.6803391Z,Updating submodules.,08e48189-3dc2-43c3-86a2-c0ac81571fcb,0
2026-04-02T10:06:28.8703743Z,Preparing deployment for commit id '77b8ce71-4'.,fd0fc065-5a65-4812-8cb7-c88cc7ccfd4d,0
2026-04-02T10:06:29.3174664Z,PreDeployment: context.CleanOutputPath False,398dbe45-d847-43f0-bd79-1c341323723e,0
2026-04-02T10:06:29.4956335Z,PreDeployment: context.OutputPath /home/site/wwwroot,bc465ab4-eade-4fa6-a436-1f3195b53ec4,0
2026-04-02T10:06:29.7223523Z,Repository path is /tmp/zipdeploy/extracted,049954c6-33e4-4cf5-9df3-cb9ea0b5dc55,0
2026-04-02T10:06:29.8647234Z,Running oryx build...,808a3602-a149-46fc-a06d-0329044e0445,0
	2026-04-02T10:06:29.8900894Z,Command: oryx build /tmp/zipdeploy/extracted -o /home/site/wwwroot --platform python --platform-version 3.11 -p virtualenv_name=antenv --log-file /tmp/build-debug.log  -i /tmp/8de909f8225cfe0 --compress-destination-dir | tee /tmp/oryx-build.log,,0
	2026-04-02T10:06:32.0233901Z,Operation performed by Microsoft Oryx&comma; https://github.com/Microsoft/Oryx,,0
	2026-04-02T10:06:32.0818032Z,You can report issues at https://github.com/Microsoft/Oryx/issues,,0
	2026-04-02T10:06:32.1222601Z,,,0
	2026-04-02T10:06:32.1533494Z,Oryx Version: 0.2.20260204.1+0fdbe200b286be083841ff7fa201c6c2316dc6b9&comma; Commit: 0fdbe200b286be083841ff7fa201c6c2316dc6b9&comma; ReleaseTagName: 20260204.1,,0
	2026-04-02T10:06:32.1807115Z,,,0
	2026-04-02T10:06:32.2276394Z,Build Operation ID: b39938355056db27,,0
	2026-04-02T10:06:32.2595080Z,Repository Commit : 77b8ce71-46f3-4887-a251-185240129455,,0
	2026-04-02T10:06:32.3172936Z,OS Type           : bullseye,,0
	2026-04-02T10:06:32.3781058Z,Image Type        : githubactions,,0
	2026-04-02T10:06:32.4069585Z,,,0
	2026-04-02T10:06:32.4435223Z,Primary SDK Storage URL: https://oryx-cdn.microsoft.io,,0
	2026-04-02T10:06:32.4725115Z,Backup SDK Storage URL: ,,0
	2026-04-02T10:06:32.5131252Z,Detecting platforms...,,0
	2026-04-02T10:06:32.5721543Z,External SDK provider is enabled.,,0
	2026-04-02T10:06:32.6566885Z,Requesting metadata for platform python from external SDK provider,,0
	2026-04-02T10:06:34.4884653Z,Requesting metadata for platform python from external SDK provider,,0
	2026-04-02T10:06:36.6509808Z,Detected following platforms:,,0
	2026-04-02T10:06:36.7368921Z,  python: 3.11.15,,0
	2026-04-02T10:06:37.1722370Z,,,0
	2026-04-02T10:06:37.2708638Z,Using intermediate directory '/tmp/8de909f8225cfe0'.,,0
	2026-04-02T10:06:37.3390638Z,,,0
	2026-04-02T10:06:37.3606305Z,Copying files to the intermediate directory...,,0
	2026-04-02T10:06:37.3993913Z,Copying files to intermediate directory done in 0 sec(s).,,0
	2026-04-02T10:06:37.4484564Z,,,0
	2026-04-02T10:06:37.4948825Z,Source directory     : /tmp/8de909f8225cfe0,,0
	2026-04-02T10:06:37.5432660Z,Destination directory: /home/site/wwwroot,,0
	2026-04-02T10:06:37.5736037Z,,,0
	2026-04-02T10:06:37.9354516Z,Running build script snippets...,,0
	2026-04-02T10:06:38.0157144Z,Python Version: /tmp/oryx/platforms/python/3.11.15/bin/python3.11,,0
	2026-04-02T10:06:38.0663519Z,Creating directory for command manifest file if it does not exist,,0
	2026-04-02T10:06:38.1060738Z,Removing existing manifest file,,0
	2026-04-02T10:06:38.1550647Z,Python Virtual Environment: antenv,,0
	2026-04-02T10:06:38.1861043Z,Creating virtual environment...,,0
	2026-04-02T10:06:38.2220469Z,Executing: /tmp/oryx/platforms/python/3.11.15/bin/python3.11 -m venv antenv --copies --system-site-packages,,0
	2026-04-02T10:06:56.8298106Z,Activating virtual environment...,,0
	2026-04-02T10:06:56.8792443Z,Fast build is enabled,,0
	2026-04-02T10:06:56.9189496Z,Installing uv...,,0
	2026-04-02T10:07:00.3177927Z,Collecting uv,,0
	2026-04-02T10:07:00.4182959Z,  Using cached uv-0.11.3-py3-none-manylinux_2_17_x86_64.manylinux2014_x86_64.whl.metadata (11 kB),,0
	2026-04-02T10:07:00.5055010Z,Using cached uv-0.11.3-py3-none-manylinux_2_17_x86_64.manylinux2014_x86_64.whl (24.6 MB),,0
	2026-04-02T10:07:02.7859483Z,Installing collected packages: uv,,0
	2026-04-02T10:07:05.8921644Z,Successfully installed uv-0.11.3,,0
	2026-04-02T10:07:06.3872130Z,,,1
	2026-04-02T10:07:06.4542377Z,[notice] A new release of pip is available: 24.0 -> 26.0.1,,1
	2026-04-02T10:07:06.4942177Z,[notice] To update&comma; run: pip install --upgrade pip,,1
	2026-04-02T10:07:07.5673534Z,Running uv pip install...,,0
	2026-04-02T10:07:23.4663743Z,Using Python 3.11.15 environment at: antenv,,0
	2026-04-02T10:07:23.5944636Z,Resolved 15 packages in 114ms,,0
	2026-04-02T10:07:23.6613602Z,Installed 15 packages in 138ms,,0
	2026-04-02T10:07:23.8179636Z,Bytecode compiled 1155 files in 15.02s,,0
	2026-04-02T10:07:23.9816913Z, + blinker==1.9.0,,0
	2026-04-02T10:07:24.0514395Z, + certifi==2026.2.25,,0
	2026-04-02T10:07:24.2199787Z, + charset-normalizer==3.4.7,,0
	2026-04-02T10:07:24.3084661Z, + click==8.3.1,,0
	2026-04-02T10:07:24.3405353Z, + flask==3.1.3,,0
	2026-04-02T10:07:24.3914900Z, + gunicorn==25.3.0,,0
	2026-04-02T10:07:24.4660676Z, + idna==3.11,,0
	2026-04-02T10:07:24.5409157Z, + itsdangerous==2.2.0,,0
	2026-04-02T10:07:24.6553542Z, + jinja2==3.1.6,,0
	2026-04-02T10:07:24.6849412Z, + markupsafe==3.0.3,,0
	2026-04-02T10:07:24.7211216Z, + packaging==26.0,,0
	2026-04-02T10:07:24.7500331Z, + python-dotenv==1.2.2,,0
	2026-04-02T10:07:24.7808798Z, + requests==2.33.1,,0
	2026-04-02T10:07:24.8109281Z, + urllib3==2.6.3,,0
	2026-04-02T10:07:24.8297993Z, + werkzeug==3.1.7,,0
	2026-04-02T10:07:24.8407857Z,uv pip install done in 27 sec(s).,,0
	2026-04-02T10:07:24.8565267Z,Not a vso image&comma; so not writing build commands,,0
	2026-04-02T10:07:24.8831666Z,Build script snippets done in 46 sec(s).,,0
	2026-04-02T10:07:24.9212082Z,Preparing output...,,0
	2026-04-02T10:07:24.9436448Z,Compressing source directory directly to destination (optimized path)...,,0
	2026-04-02T10:07:25.1528298Z,Using zstd for compression,,0
	2026-04-02T10:07:30.4884836Z,Copied the compressed output to '/home/site/wwwroot',,0
	2026-04-02T10:07:30.5583572Z,Direct compression with zstd done in 7 sec(s).,,0
	2026-04-02T10:07:30.5774270Z,,,0
	2026-04-02T10:07:30.5971007Z,Removing existing manifest file,,0
	2026-04-02T10:07:30.6345602Z,Creating a manifest file...,,0
	2026-04-02T10:07:30.6648706Z,Manifest file created.,,0
	2026-04-02T10:07:30.6944967Z,Copying .ostype to manifest output directory.,,0
	2026-04-02T10:07:30.7401939Z,,,0
	2026-04-02T10:07:30.7888358Z,Total execution done in 53 sec(s).,,0
2026-04-02T10:07:31.2706168Z,Running post deployment command(s)...,47b8b708-e1f1-4dd3-b1b2-13e2abcea736,0
2026-04-02T10:07:31.4078864Z,,042c75df-2355-4cb9-aeb2-0c6d8d190f66,0
2026-04-02T10:07:31.5616261Z,Generating summary of Oryx build,27911705-7a7b-42c3-aa0a-f4e5d6d7585e,0
2026-04-02T10:07:31.7113110Z,Parsing the build logs,09dc8b26-1d97-47f9-842f-8c926afd143d,0
2026-04-02T10:07:31.9373823Z,Found 0 issue(s),d5daf56d-0905-49e2-b483-863fe674f976,0
2026-04-02T10:07:32.0918872Z,,60555461-5f50-4d72-b6da-ca11bfae9e3a,0
2026-04-02T10:07:32.2698631Z,Build Summary :,c5787c5e-3b12-4bee-b5a3-61ea5063390d,0
2026-04-02T10:07:32.4304467Z,===============,5b5f877f-7d15-42d7-bf29-469f9b2fbf23,0
2026-04-02T10:07:32.5722484Z,Errors (0),f1016f6d-eb00-48f2-9e65-68da5945f0fb,0
2026-04-02T10:07:32.7487071Z,Warnings (0),b95b7fc4-8194-46dc-bdf2-090c01dcd98e,0
2026-04-02T10:07:32.8797612Z,,6efbc1b1-c96f-4093-8a71-b5a05c70aef4,0
2026-04-02T10:07:33.0253059Z,Triggering container recycle for OneDeploy by adding/updating restartTrigger.txt to the site root path,f1bef7b2-db5e-45fa-94e5-9163bd163d43,0
2026-04-02T10:07:33.2728630Z,Deployment successful. deployer = OneDeploy deploymentPath = OneDeploy,e57c96bf-22ca-4e91-b589-cecadb1d0f96,0
