{"timestamp": "2026-04-10T18:43:18.170Z", "level": "Message", "containerName": "c59e0cd8-639114334743382160", "machineName": "", "message": "Updating submodules."}
{"timestamp": "2026-04-10T18:43:18.383Z", "level": "Message", "containerName": "c59e0cd8-639114334743382160", "machineName": "", "message": "Preparing deployment for commit id 'b42b5970-9'."}
{"timestamp": "2026-04-10T18:43:18.845Z", "level": "Message", "containerName": "c59e0cd8-639114334743382160", "machineName": "", "message": "PreDeployment: context.CleanOutputPath False"}
{"timestamp": "2026-04-10T18:43:19.024Z", "level": "Message", "containerName": "c59e0cd8-639114334743382160", "machineName": "", "message": "PreDeployment: context.OutputPath /home/site/wwwroot"}
{"timestamp": "2026-04-10T18:43:19.246Z", "level": "Message", "containerName": "c59e0cd8-639114334743382160", "machineName": "", "message": "Repository path is /tmp/zipdeploy/extracted"}
{"timestamp": "2026-04-10T18:44:02.927Z", "level": "Message", "containerName": "c59e0cd8-639114334743382160", "machineName": "", "message": "Running oryx build..."}
{"timestamp": "2026-04-10T18:44:02.959Z", "level": "Message", "containerName": "c59e0cd8-639114334743382160", "machineName": "", "message": "Command: oryx build /tmp/zipdeploy/extracted -o /home/site/wwwroot --platform python --platform-version 3.10.4 -p packagedir=.python_packages/lib/site-packages"}
{"timestamp": "2026-04-10T18:44:03.385Z", "level": "Message", "containerName": "c59e0cd8-639114334743382160", "machineName": "", "message": "Operation performed by Microsoft Oryx, https://github.com/Microsoft/Oryx"}
{"timestamp": "2026-04-10T18:44:03.411Z", "level": "Message", "containerName": "c59e0cd8-639114334743382160", "machineName": "", "message": "You can report issues at https://github.com/Microsoft/Oryx/issues"}
{"timestamp": "2026-04-10T18:44:03.437Z", "level": "Message", "containerName": "c59e0cd8-639114334743382160", "machineName": "", "message": ""}
{"timestamp": "2026-04-10T18:44:03.475Z", "level": "Message", "containerName": "c59e0cd8-639114334743382160", "machineName": "", "message": "Oryx Version: 0.2.20230210.1, Commit: a49c8f6b8abbe95b4356552c4c884dea7fd0d86e, ReleaseTagName: 20230210.1"}
{"timestamp": "2026-04-10T18:44:03.502Z", "level": "Message", "containerName": "c59e0cd8-639114334743382160", "machineName": "", "message": ""}
{"timestamp": "2026-04-10T18:44:03.530Z", "level": "Message", "containerName": "c59e0cd8-639114334743382160", "machineName": "", "message": "Build Operation ID: 01a9494b493a69d7"}
{"timestamp": "2026-04-10T18:44:03.556Z", "level": "Message", "containerName": "c59e0cd8-639114334743382160", "machineName": "", "message": "Repository Commit : b42b5970-9091-44f0-a838-55c3a54936ee"}
{"timestamp": "2026-04-10T18:44:03.587Z", "level": "Message", "containerName": "c59e0cd8-639114334743382160", "machineName": "", "message": "OS Type           : bullseye"}
{"timestamp": "2026-04-10T18:44:03.625Z", "level": "Message", "containerName": "c59e0cd8-639114334743382160", "machineName": "", "message": "Image Type        : githubactions"}
{"timestamp": "2026-04-10T18:44:03.652Z", "level": "Message", "containerName": "c59e0cd8-639114334743382160", "machineName": "", "message": ""}
{"timestamp": "2026-04-10T18:44:03.680Z", "level": "Message", "containerName": "c59e0cd8-639114334743382160", "machineName": "", "message": "Detecting platforms..."}
{"timestamp": "2026-04-10T18:44:06.364Z", "level": "Message", "containerName": "c59e0cd8-639114334743382160", "machineName": "", "message": "Detected following platforms:"}
{"timestamp": "2026-04-10T18:44:06.396Z", "level": "Message", "containerName": "c59e0cd8-639114334743382160", "machineName": "", "message": "  python: 3.10.4"}
{"timestamp": "2026-04-10T18:44:06.423Z", "level": "Message", "containerName": "c59e0cd8-639114334743382160", "machineName": "", "message": "Version '3.10.4' of platform 'python' is not installed. Generating script to install it..."}
{"timestamp": "2026-04-10T18:44:06.479Z", "level": "Message", "containerName": "c59e0cd8-639114334743382160", "machineName": "", "message": ""}
{"timestamp": "2026-04-10T18:44:06.520Z", "level": "Message", "containerName": "c59e0cd8-639114334743382160", "machineName": "", "message": ""}
{"timestamp": "2026-04-10T18:44:06.547Z", "level": "Message", "containerName": "c59e0cd8-639114334743382160", "machineName": "", "message": "Source directory     : /tmp/zipdeploy/extracted"}
{"timestamp": "2026-04-10T18:44:06.575Z", "level": "Message", "containerName": "c59e0cd8-639114334743382160", "machineName": "", "message": "Destination directory: /home/site/wwwroot"}
{"timestamp": "2026-04-10T18:44:06.600Z", "level": "Message", "containerName": "c59e0cd8-639114334743382160", "machineName": "", "message": ""}
{"timestamp": "2026-04-10T18:44:06.627Z", "level": "Message", "containerName": "c59e0cd8-639114334743382160", "machineName": "", "message": ""}
{"timestamp": "2026-04-10T18:44:06.653Z", "level": "Message", "containerName": "c59e0cd8-639114334743382160", "machineName": "", "message": "Downloading and extracting 'python' version '3.10.4' to '/tmp/oryx/platforms/python/3.10.4'..."}
{"timestamp": "2026-04-10T18:44:06.677Z", "level": "Message", "containerName": "c59e0cd8-639114334743382160", "machineName": "", "message": "Detected image debian flavor: bullseye."}
{"timestamp": "2026-04-10T18:44:11.462Z", "level": "Message", "containerName": "c59e0cd8-639114334743382160", "machineName": "", "message": "Downloaded in 5 sec(s)."}
{"timestamp": "2026-04-10T18:44:11.490Z", "level": "Message", "containerName": "c59e0cd8-639114334743382160", "machineName": "", "message": "Verifying checksum..."}
{"timestamp": "2026-04-10T18:44:11.516Z", "level": "Message", "containerName": "c59e0cd8-639114334743382160", "machineName": "", "message": "Extracting contents..."}
{"timestamp": "2026-04-10T18:44:13.484Z", "level": "Message", "containerName": "c59e0cd8-639114334743382160", "machineName": "", "message": "performing sha512 checksum for: python..."}
{"timestamp": "2026-04-10T18:44:13.666Z", "level": "Message", "containerName": "c59e0cd8-639114334743382160", "machineName": "", "message": "Done in 7 sec(s)."}
{"timestamp": "2026-04-10T18:44:13.692Z", "level": "Message", "containerName": "c59e0cd8-639114334743382160", "machineName": "", "message": ""}
{"timestamp": "2026-04-10T18:44:13.739Z", "level": "Message", "containerName": "c59e0cd8-639114334743382160", "machineName": "", "message": "image detector file exists, platform is python.."}
{"timestamp": "2026-04-10T18:44:13.768Z", "level": "Message", "containerName": "c59e0cd8-639114334743382160", "machineName": "", "message": "OS detector file exists, OS is bullseye.."}
{"timestamp": "2026-04-10T18:44:13.795Z", "level": "Message", "containerName": "c59e0cd8-639114334743382160", "machineName": "", "message": "Python Version: /tmp/oryx/platforms/python/3.10.4/bin/python3.10"}
{"timestamp": "2026-04-10T18:44:13.821Z", "level": "Message", "containerName": "c59e0cd8-639114334743382160", "machineName": "", "message": "Creating directory for command manifest file if it does not exist"}
{"timestamp": "2026-04-10T18:44:13.858Z", "level": "Message", "containerName": "c59e0cd8-639114334743382160", "machineName": "", "message": "Removing existing manifest file"}
{"timestamp": "2026-04-10T18:44:13.888Z", "level": "Message", "containerName": "c59e0cd8-639114334743382160", "machineName": "", "message": ""}
{"timestamp": "2026-04-10T18:44:13.916Z", "level": "Message", "containerName": "c59e0cd8-639114334743382160", "machineName": "", "message": "Running pip install..."}
{"timestamp": "2026-04-10T18:45:08.160Z", "level": "Message", "containerName": "c59e0cd8-639114334743382160", "machineName": "", "message": "Done in 55 sec(s)."}
{"timestamp": "2026-04-10T18:45:08.226Z", "level": "Message", "containerName": "c59e0cd8-639114334743382160", "machineName": "", "message": "[18:44:14+0000] Collecting azure-functions"}
{"timestamp": "2026-04-10T18:45:08.273Z", "level": "Message", "containerName": "c59e0cd8-639114334743382160", "machineName": "", "message": "[18:44:14+0000]   Downloading azure_functions-1.24.0-py3-none-any.whl (108 kB)"}
{"timestamp": "2026-04-10T18:45:08.318Z", "level": "Message", "containerName": "c59e0cd8-639114334743382160", "machineName": "", "message": "[18:44:14+0000] Collecting azure-eventhub"}
{"timestamp": "2026-04-10T18:45:08.378Z", "level": "Message", "containerName": "c59e0cd8-639114334743382160", "machineName": "", "message": "[18:44:14+0000]   Downloading azure_eventhub-5.15.1-py3-none-any.whl (317 kB)"}
{"timestamp": "2026-04-10T18:45:08.424Z", "level": "Message", "containerName": "c59e0cd8-639114334743382160", "machineName": "", "message": "[18:44:14+0000] Collecting azure-identity"}
{"timestamp": "2026-04-10T18:45:08.469Z", "level": "Message", "containerName": "c59e0cd8-639114334743382160", "machineName": "", "message": "[18:44:14+0000]   Downloading azure_identity-1.25.3-py3-none-any.whl (192 kB)"}
{"timestamp": "2026-04-10T18:45:08.528Z", "level": "Message", "containerName": "c59e0cd8-639114334743382160", "machineName": "", "message": "[18:44:15+0000] Collecting azure-keyvault-secrets"}
{"timestamp": "2026-04-10T18:45:08.576Z", "level": "Message", "containerName": "c59e0cd8-639114334743382160", "machineName": "", "message": "[18:44:15+0000]   Downloading azure_keyvault_secrets-4.10.0-py3-none-any.whl (125 kB)"}
{"timestamp": "2026-04-10T18:45:08.630Z", "level": "Message", "containerName": "c59e0cd8-639114334743382160", "machineName": "", "message": "[18:44:15+0000] Collecting opencensus-ext-azure"}
{"timestamp": "2026-04-10T18:45:08.672Z", "level": "Message", "containerName": "c59e0cd8-639114334743382160", "machineName": "", "message": "[18:44:15+0000]   Downloading opencensus_ext_azure-1.1.15-py2.py3-none-any.whl (43 kB)"}
{"timestamp": "2026-04-10T18:45:08.718Z", "level": "Message", "containerName": "c59e0cd8-639114334743382160", "machineName": "", "message": "[18:44:15+0000] Collecting requests>=2.31.0"}
{"timestamp": "2026-04-10T18:45:08.755Z", "level": "Message", "containerName": "c59e0cd8-639114334743382160", "machineName": "", "message": "[18:44:15+0000]   Downloading requests-2.33.1-py3-none-any.whl (64 kB)"}
{"timestamp": "2026-04-10T18:45:08.792Z", "level": "Message", "containerName": "c59e0cd8-639114334743382160", "machineName": "", "message": "[18:44:15+0000] Collecting python-dotenv>=1.0.0"}
{"timestamp": "2026-04-10T18:45:08.825Z", "level": "Message", "containerName": "c59e0cd8-639114334743382160", "machineName": "", "message": "[18:44:15+0000]   Downloading python_dotenv-1.2.2-py3-none-any.whl (22 kB)"}
{"timestamp": "2026-04-10T18:45:08.872Z", "level": "Message", "containerName": "c59e0cd8-639114334743382160", "machineName": "", "message": "[18:44:15+0000] Collecting pyodbc>=5.0.0"}
{"timestamp": "2026-04-10T18:45:08.904Z", "level": "Message", "containerName": "c59e0cd8-639114334743382160", "machineName": "", "message": "[18:44:15+0000]   Downloading pyodbc-5.3.0-cp310-cp310-manylinux2014_x86_64.manylinux_2_17_x86_64.manylinux_2_28_x86_64.whl (322 kB)"}
{"timestamp": "2026-04-10T18:45:08.954Z", "level": "Message", "containerName": "c59e0cd8-639114334743382160", "machineName": "", "message": "[18:44:16+0000] Collecting pandas>=2.0.0"}
{"timestamp": "2026-04-10T18:45:08.995Z", "level": "Message", "containerName": "c59e0cd8-639114334743382160", "machineName": "", "message": "[18:44:16+0000]   Downloading pandas-2.3.3-cp310-cp310-manylinux_2_24_x86_64.manylinux_2_28_x86_64.whl (12.8 MB)"}
{"timestamp": "2026-04-10T18:45:09.033Z", "level": "Message", "containerName": "c59e0cd8-639114334743382160", "machineName": "", "message": "[18:44:17+0000] Collecting numpy>=1.24.0"}
{"timestamp": "2026-04-10T18:45:09.093Z", "level": "Message", "containerName": "c59e0cd8-639114334743382160", "machineName": "", "message": "[18:44:17+0000]   Downloading numpy-2.2.6-cp310-cp310-manylinux_2_17_x86_64.manylinux2014_x86_64.whl (16.8 MB)"}
{"timestamp": "2026-04-10T18:45:09.138Z", "level": "Message", "containerName": "c59e0cd8-639114334743382160", "machineName": "", "message": "[18:44:17+0000] Collecting scikit-learn>=1.3.0"}
{"timestamp": "2026-04-10T18:45:09.183Z", "level": "Message", "containerName": "c59e0cd8-639114334743382160", "machineName": "", "message": "[18:44:17+0000]   Downloading scikit_learn-1.7.2-cp310-cp310-manylinux2014_x86_64.manylinux_2_17_x86_64.whl (9.7 MB)"}
{"timestamp": "2026-04-10T18:45:09.223Z", "level": "Message", "containerName": "c59e0cd8-639114334743382160", "machineName": "", "message": "[18:44:17+0000] Collecting joblib>=1.3.0"}
{"timestamp": "2026-04-10T18:45:09.269Z", "level": "Message", "containerName": "c59e0cd8-639114334743382160", "machineName": "", "message": "[18:44:17+0000]   Downloading joblib-1.5.3-py3-none-any.whl (309 kB)"}
{"timestamp": "2026-04-10T18:45:09.308Z", "level": "Message", "containerName": "c59e0cd8-639114334743382160", "machineName": "", "message": "[18:44:18+0000] Collecting azure-ai-ml>=1.12.0"}
{"timestamp": "2026-04-10T18:45:09.339Z", "level": "Message", "containerName": "c59e0cd8-639114334743382160", "machineName": "", "message": "[18:44:18+0000]   Downloading azure_ai_ml-1.32.0-py3-none-any.whl (13.2 MB)"}
{"timestamp": "2026-04-10T18:45:09.375Z", "level": "Message", "containerName": "c59e0cd8-639114334743382160", "machineName": "", "message": "[18:44:18+0000] Collecting azure-core>=1.30.0"}
{"timestamp": "2026-04-10T18:45:09.412Z", "level": "Message", "containerName": "c59e0cd8-639114334743382160", "machineName": "", "message": "[18:44:18+0000]   Downloading azure_core-1.39.0-py3-none-any.whl (218 kB)"}
{"timestamp": "2026-04-10T18:45:09.445Z", "level": "Message", "containerName": "c59e0cd8-639114334743382160", "machineName": "", "message": "[18:44:19+0000] Collecting matplotlib>=3.7.0"}
{"timestamp": "2026-04-10T18:45:09.478Z", "level": "Message", "containerName": "c59e0cd8-639114334743382160", "machineName": "", "message": "[18:44:19+0000]   Downloading matplotlib-3.10.8-cp310-cp310-manylinux2014_x86_64.manylinux_2_17_x86_64.whl (8.7 MB)"}
{"timestamp": "2026-04-10T18:45:09.517Z", "level": "Message", "containerName": "c59e0cd8-639114334743382160", "machineName": "", "message": "[18:44:19+0000] Collecting werkzeug~=3.1.3"}
{"timestamp": "2026-04-10T18:45:09.566Z", "level": "Message", "containerName": "c59e0cd8-639114334743382160", "machineName": "", "message": "[18:44:19+0000]   Downloading werkzeug-3.1.8-py3-none-any.whl (226 kB)"}
{"timestamp": "2026-04-10T18:45:09.598Z", "level": "Message", "containerName": "c59e0cd8-639114334743382160", "machineName": "", "message": "[18:44:19+0000] Collecting typing-extensions>=4.0.1"}
{"timestamp": "2026-04-10T18:45:09.632Z", "level": "Message", "containerName": "c59e0cd8-639114334743382160", "machineName": "", "message": "[18:44:19+0000]   Downloading typing_extensions-4.15.0-py3-none-any.whl (44 kB)"}
{"timestamp": "2026-04-10T18:45:09.667Z", "level": "Message", "containerName": "c59e0cd8-639114334743382160", "machineName": "", "message": "[18:44:19+0000] Collecting msal-extensions>=1.2.0"}
{"timestamp": "2026-04-10T18:45:09.707Z", "level": "Message", "containerName": "c59e0cd8-639114334743382160", "machineName": "", "message": "[18:44:19+0000]   Downloading msal_extensions-1.3.1-py3-none-any.whl (20 kB)"}
{"timestamp": "2026-04-10T18:45:09.741Z", "level": "Message", "containerName": "c59e0cd8-639114334743382160", "machineName": "", "message": "[18:44:20+0000] Collecting cryptography>=2.5"}
{"timestamp": "2026-04-10T18:45:09.773Z", "level": "Message", "containerName": "c59e0cd8-639114334743382160", "machineName": "", "message": "[18:44:20+0000]   Downloading cryptography-46.0.7-cp38-abi3-manylinux_2_28_x86_64.whl (4.5 MB)"}
{"timestamp": "2026-04-10T18:45:09.815Z", "level": "Message", "containerName": "c59e0cd8-639114334743382160", "machineName": "", "message": "[18:44:20+0000] Collecting msal>=1.35.1"}
{"timestamp": "2026-04-10T18:45:09.848Z", "level": "Message", "containerName": "c59e0cd8-639114334743382160", "machineName": "", "message": "[18:44:20+0000]   Downloading msal-1.36.0-py3-none-any.whl (121 kB)"}
{"timestamp": "2026-04-10T18:45:09.877Z", "level": "Message", "containerName": "c59e0cd8-639114334743382160", "machineName": "", "message": "[18:44:20+0000] Collecting isodate>=0.6.1"}
{"timestamp": "2026-04-10T18:45:09.912Z", "level": "Message", "containerName": "c59e0cd8-639114334743382160", "machineName": "", "message": "[18:44:20+0000]   Downloading isodate-0.7.2-py3-none-any.whl (22 kB)"}
{"timestamp": "2026-04-10T18:45:09.943Z", "level": "Message", "containerName": "c59e0cd8-639114334743382160", "machineName": "", "message": "[18:44:20+0000] Collecting psutil>=5.6.3"}
{"timestamp": "2026-04-10T18:45:09.982Z", "level": "Message", "containerName": "c59e0cd8-639114334743382160", "machineName": "", "message": "[18:44:20+0000]   Downloading psutil-7.2.2-cp36-abi3-manylinux2010_x86_64.manylinux_2_12_x86_64.manylinux_2_28_x86_64.whl (155 kB)"}
{"timestamp": "2026-04-10T18:45:10.011Z", "level": "Message", "containerName": "c59e0cd8-639114334743382160", "machineName": "", "message": "[18:44:20+0000] Collecting opencensus<1.0.0,>=0.11.4"}
{"timestamp": "2026-04-10T18:45:10.057Z", "level": "Message", "containerName": "c59e0cd8-639114334743382160", "machineName": "", "message": "[18:44:20+0000]   Downloading opencensus-0.11.4-py2.py3-none-any.whl (128 kB)"}
{"timestamp": "2026-04-10T18:45:10.098Z", "level": "Message", "containerName": "c59e0cd8-639114334743382160", "machineName": "", "message": "[18:44:20+0000] Collecting certifi>=2023.5.7"}
{"timestamp": "2026-04-10T18:45:10.133Z", "level": "Message", "containerName": "c59e0cd8-639114334743382160", "machineName": "", "message": "[18:44:20+0000]   Downloading certifi-2026.2.25-py3-none-any.whl (153 kB)"}
{"timestamp": "2026-04-10T18:45:10.169Z", "level": "Message", "containerName": "c59e0cd8-639114334743382160", "machineName": "", "message": "[18:44:20+0000] Collecting idna<4,>=2.5"}
{"timestamp": "2026-04-10T18:45:10.198Z", "level": "Message", "containerName": "c59e0cd8-639114334743382160", "machineName": "", "message": "[18:44:20+0000]   Downloading idna-3.11-py3-none-any.whl (71 kB)"}
{"timestamp": "2026-04-10T18:45:10.235Z", "level": "Message", "containerName": "c59e0cd8-639114334743382160", "machineName": "", "message": "[18:44:21+0000] Collecting charset_normalizer<4,>=2"}
{"timestamp": "2026-04-10T18:45:10.270Z", "level": "Message", "containerName": "c59e0cd8-639114334743382160", "machineName": "", "message": "[18:44:21+0000]   Downloading charset_normalizer-3.4.7-cp310-cp310-manylinux2014_x86_64.manylinux_2_17_x86_64.manylinux_2_28_x86_64.whl (216 kB)"}
{"timestamp": "2026-04-10T18:45:10.302Z", "level": "Message", "containerName": "c59e0cd8-639114334743382160", "machineName": "", "message": "[18:44:21+0000] Collecting urllib3<3,>=1.26"}
{"timestamp": "2026-04-10T18:45:10.337Z", "level": "Message", "containerName": "c59e0cd8-639114334743382160", "machineName": "", "message": "[18:44:21+0000]   Downloading urllib3-2.6.3-py3-none-any.whl (131 kB)"}
{"timestamp": "2026-04-10T18:45:10.374Z", "level": "Message", "containerName": "c59e0cd8-639114334743382160", "machineName": "", "message": "[18:44:21+0000] Collecting pytz>=2020.1"}
{"timestamp": "2026-04-10T18:45:10.408Z", "level": "Message", "containerName": "c59e0cd8-639114334743382160", "machineName": "", "message": "[18:44:21+0000]   Downloading pytz-2026.1.post1-py2.py3-none-any.whl (510 kB)"}
{"timestamp": "2026-04-10T18:45:10.437Z", "level": "Message", "containerName": "c59e0cd8-639114334743382160", "machineName": "", "message": "[18:44:21+0000] Collecting tzdata>=2022.7"}
{"timestamp": "2026-04-10T18:45:10.472Z", "level": "Message", "containerName": "c59e0cd8-639114334743382160", "machineName": "", "message": "[18:44:21+0000]   Downloading tzdata-2026.1-py2.py3-none-any.whl (348 kB)"}
{"timestamp": "2026-04-10T18:45:10.506Z", "level": "Message", "containerName": "c59e0cd8-639114334743382160", "machineName": "", "message": "[18:44:21+0000] Collecting python-dateutil>=2.8.2"}
{"timestamp": "2026-04-10T18:45:10.549Z", "level": "Message", "containerName": "c59e0cd8-639114334743382160", "machineName": "", "message": "[18:44:21+0000]   Downloading python_dateutil-2.9.0.post0-py2.py3-none-any.whl (229 kB)"}
{"timestamp": "2026-04-10T18:45:10.602Z", "level": "Message", "containerName": "c59e0cd8-639114334743382160", "machineName": "", "message": "[18:44:22+0000] Collecting scipy>=1.8.0"}
{"timestamp": "2026-04-10T18:45:10.645Z", "level": "Message", "containerName": "c59e0cd8-639114334743382160", "machineName": "", "message": "[18:44:22+0000]   Downloading scipy-1.15.3-cp310-cp310-manylinux_2_17_x86_64.manylinux2014_x86_64.whl (37.7 MB)"}
{"timestamp": "2026-04-10T18:45:10.680Z", "level": "Message", "containerName": "c59e0cd8-639114334743382160", "machineName": "", "message": "[18:44:22+0000] Collecting threadpoolctl>=3.1.0"}
{"timestamp": "2026-04-10T18:45:10.727Z", "level": "Message", "containerName": "c59e0cd8-639114334743382160", "machineName": "", "message": "[18:44:22+0000]   Downloading threadpoolctl-3.6.0-py3-none-any.whl (18 kB)"}
{"timestamp": "2026-04-10T18:45:10.763Z", "level": "Message", "containerName": "c59e0cd8-639114334743382160", "machineName": "", "message": "[18:44:23+0000] Collecting pyyaml<7.0.0,>=5.1.0"}
{"timestamp": "2026-04-10T18:45:10.799Z", "level": "Message", "containerName": "c59e0cd8-639114334743382160", "machineName": "", "message": "[18:44:23+0000]   Downloading pyyaml-6.0.3-cp310-cp310-manylinux2014_x86_64.manylinux_2_17_x86_64.manylinux_2_28_x86_64.whl (770 kB)"}
{"timestamp": "2026-04-10T18:45:10.835Z", "level": "Message", "containerName": "c59e0cd8-639114334743382160", "machineName": "", "message": "[18:44:23+0000] Collecting jsonschema<5.0.0,>=4.0.0"}
{"timestamp": "2026-04-10T18:45:10.868Z", "level": "Message", "containerName": "c59e0cd8-639114334743382160", "machineName": "", "message": "[18:44:23+0000]   Downloading jsonschema-4.26.0-py3-none-any.whl (90 kB)"}
{"timestamp": "2026-04-10T18:45:10.906Z", "level": "Message", "containerName": "c59e0cd8-639114334743382160", "machineName": "", "message": "[18:44:23+0000] Collecting azure-storage-file-datalake>=12.2.0"}
{"timestamp": "2026-04-10T18:45:10.934Z", "level": "Message", "containerName": "c59e0cd8-639114334743382160", "machineName": "", "message": "[18:44:23+0000]   Downloading azure_storage_file_datalake-12.23.0-py3-none-any.whl (284 kB)"}
{"timestamp": "2026-04-10T18:45:10.965Z", "level": "Message", "containerName": "c59e0cd8-639114334743382160", "machineName": "", "message": "[18:44:23+0000] Collecting pydash<9.0.0,>=6.0.0"}
{"timestamp": "2026-04-10T18:45:10.997Z", "level": "Message", "containerName": "c59e0cd8-639114334743382160", "machineName": "", "message": "[18:44:23+0000]   Downloading pydash-8.0.6-py3-none-any.whl (101 kB)"}
{"timestamp": "2026-04-10T18:45:11.024Z", "level": "Message", "containerName": "c59e0cd8-639114334743382160", "machineName": "", "message": "[18:44:23+0000] Collecting colorama<1.0.0"}
{"timestamp": "2026-04-10T18:45:11.056Z", "level": "Message", "containerName": "c59e0cd8-639114334743382160", "machineName": "", "message": "[18:44:23+0000]   Downloading colorama-0.4.6-py2.py3-none-any.whl (25 kB)"}
{"timestamp": "2026-04-10T18:45:11.087Z", "level": "Message", "containerName": "c59e0cd8-639114334743382160", "machineName": "", "message": "[18:44:23+0000] Collecting azure-storage-blob>=12.10.0"}
{"timestamp": "2026-04-10T18:45:11.118Z", "level": "Message", "containerName": "c59e0cd8-639114334743382160", "machineName": "", "message": "[18:44:23+0000]   Downloading azure_storage_blob-12.28.0-py3-none-any.whl (431 kB)"}
{"timestamp": "2026-04-10T18:45:11.147Z", "level": "Message", "containerName": "c59e0cd8-639114334743382160", "machineName": "", "message": "[18:44:23+0000] Collecting tqdm<5.0.0"}
{"timestamp": "2026-04-10T18:45:11.180Z", "level": "Message", "containerName": "c59e0cd8-639114334743382160", "machineName": "", "message": "[18:44:23+0000]   Downloading tqdm-4.67.3-py3-none-any.whl (78 kB)"}
{"timestamp": "2026-04-10T18:45:11.216Z", "level": "Message", "containerName": "c59e0cd8-639114334743382160", "machineName": "", "message": "[18:44:23+0000] Collecting strictyaml<2.0.0"}
{"timestamp": "2026-04-10T18:45:11.263Z", "level": "Message", "containerName": "c59e0cd8-639114334743382160", "machineName": "", "message": "[18:44:23+0000]   Downloading strictyaml-1.7.3-py3-none-any.whl (123 kB)"}
{"timestamp": "2026-04-10T18:45:11.294Z", "level": "Message", "containerName": "c59e0cd8-639114334743382160", "machineName": "", "message": "[18:44:24+0000] Collecting pyjwt<3.0.0"}
{"timestamp": "2026-04-10T18:45:11.329Z", "level": "Message", "containerName": "c59e0cd8-639114334743382160", "machineName": "", "message": "[18:44:24+0000]   Downloading pyjwt-2.12.1-py3-none-any.whl (29 kB)"}
{"timestamp": "2026-04-10T18:45:11.367Z", "level": "Message", "containerName": "c59e0cd8-639114334743382160", "machineName": "", "message": "[18:44:24+0000] Collecting azure-common>=1.1"}
{"timestamp": "2026-04-10T18:45:11.402Z", "level": "Message", "containerName": "c59e0cd8-639114334743382160", "machineName": "", "message": "[18:44:24+0000]   Downloading azure_common-1.1.28-py2.py3-none-any.whl (14 kB)"}
{"timestamp": "2026-04-10T18:45:11.433Z", "level": "Message", "containerName": "c59e0cd8-639114334743382160", "machineName": "", "message": "[18:44:24+0000] Collecting marshmallow<4.0.0,>=3.5"}
{"timestamp": "2026-04-10T18:45:11.468Z", "level": "Message", "containerName": "c59e0cd8-639114334743382160", "machineName": "", "message": "[18:44:24+0000]   Downloading marshmallow-3.26.2-py3-none-any.whl (50 kB)"}
{"timestamp": "2026-04-10T18:45:11.506Z", "level": "Message", "containerName": "c59e0cd8-639114334743382160", "machineName": "", "message": "[18:44:24+0000] Collecting azure-mgmt-core>=1.3.0"}
{"timestamp": "2026-04-10T18:45:11.542Z", "level": "Message", "containerName": "c59e0cd8-639114334743382160", "machineName": "", "message": "[18:44:24+0000]   Downloading azure_mgmt_core-1.6.0-py3-none-any.whl (29 kB)"}
{"timestamp": "2026-04-10T18:45:11.576Z", "level": "Message", "containerName": "c59e0cd8-639114334743382160", "machineName": "", "message": "[18:44:24+0000] Collecting azure-monitor-opentelemetry"}
{"timestamp": "2026-04-10T18:45:11.623Z", "level": "Message", "containerName": "c59e0cd8-639114334743382160", "machineName": "", "message": "[18:44:24+0000]   Downloading azure_monitor_opentelemetry-1.8.7-py3-none-any.whl (41 kB)"}
{"timestamp": "2026-04-10T18:45:11.653Z", "level": "Message", "containerName": "c59e0cd8-639114334743382160", "machineName": "", "message": "[18:44:25+0000] Collecting azure-storage-file-share"}
{"timestamp": "2026-04-10T18:45:11.681Z", "level": "Message", "containerName": "c59e0cd8-639114334743382160", "machineName": "", "message": "[18:44:25+0000]   Downloading azure_storage_file_share-12.24.0-py3-none-any.whl (314 kB)"}
{"timestamp": "2026-04-10T18:45:11.714Z", "level": "Message", "containerName": "c59e0cd8-639114334743382160", "machineName": "", "message": "[18:44:25+0000] Collecting kiwisolver>=1.3.1"}
{"timestamp": "2026-04-10T18:45:11.762Z", "level": "Message", "containerName": "c59e0cd8-639114334743382160", "machineName": "", "message": "[18:44:25+0000]   Downloading kiwisolver-1.5.0-cp310-cp310-manylinux_2_12_x86_64.manylinux2010_x86_64.whl (1.6 MB)"}
{"timestamp": "2026-04-10T18:45:11.803Z", "level": "Message", "containerName": "c59e0cd8-639114334743382160", "machineName": "", "message": "[18:44:25+0000] Collecting contourpy>=1.0.1"}
{"timestamp": "2026-04-10T18:45:11.833Z", "level": "Message", "containerName": "c59e0cd8-639114334743382160", "machineName": "", "message": "[18:44:25+0000]   Downloading contourpy-1.3.2-cp310-cp310-manylinux_2_17_x86_64.manylinux2014_x86_64.whl (325 kB)"}
{"timestamp": "2026-04-10T18:45:11.874Z", "level": "Message", "containerName": "c59e0cd8-639114334743382160", "machineName": "", "message": "[18:44:25+0000] Collecting packaging>=20.0"}
{"timestamp": "2026-04-10T18:45:11.923Z", "level": "Message", "containerName": "c59e0cd8-639114334743382160", "machineName": "", "message": "[18:44:25+0000]   Downloading packaging-26.0-py3-none-any.whl (74 kB)"}
{"timestamp": "2026-04-10T18:45:11.950Z", "level": "Message", "containerName": "c59e0cd8-639114334743382160", "machineName": "", "message": "[18:44:26+0000] Collecting pillow>=8"}
{"timestamp": "2026-04-10T18:45:11.987Z", "level": "Message", "containerName": "c59e0cd8-639114334743382160", "machineName": "", "message": "[18:44:26+0000]   Downloading pillow-12.2.0-cp310-cp310-manylinux_2_27_x86_64.manylinux_2_28_x86_64.whl (7.1 MB)"}
{"timestamp": "2026-04-10T18:45:12.025Z", "level": "Message", "containerName": "c59e0cd8-639114334743382160", "machineName": "", "message": "[18:44:26+0000] Collecting pyparsing>=3"}
{"timestamp": "2026-04-10T18:45:12.067Z", "level": "Message", "containerName": "c59e0cd8-639114334743382160", "machineName": "", "message": "[18:44:26+0000]   Downloading pyparsing-3.3.2-py3-none-any.whl (122 kB)"}
{"timestamp": "2026-04-10T18:45:12.110Z", "level": "Message", "containerName": "c59e0cd8-639114334743382160", "machineName": "", "message": "[18:44:27+0000] Collecting fonttools>=4.22.0"}
{"timestamp": "2026-04-10T18:45:12.143Z", "level": "Message", "containerName": "c59e0cd8-639114334743382160", "machineName": "", "message": "[18:44:27+0000]   Downloading fonttools-4.62.1-cp310-cp310-manylinux2014_x86_64.manylinux_2_17_x86_64.whl (4.9 MB)"}
{"timestamp": "2026-04-10T18:45:12.175Z", "level": "Message", "containerName": "c59e0cd8-639114334743382160", "machineName": "", "message": "[18:44:27+0000] Collecting cycler>=0.10"}
{"timestamp": "2026-04-10T18:45:12.213Z", "level": "Message", "containerName": "c59e0cd8-639114334743382160", "machineName": "", "message": "[18:44:27+0000]   Downloading cycler-0.12.1-py3-none-any.whl (8.3 kB)"}
{"timestamp": "2026-04-10T18:45:12.264Z", "level": "Message", "containerName": "c59e0cd8-639114334743382160", "machineName": "", "message": "[18:44:28+0000] Collecting cffi>=2.0.0"}
{"timestamp": "2026-04-10T18:45:12.293Z", "level": "Message", "containerName": "c59e0cd8-639114334743382160", "machineName": "", "message": "[18:44:28+0000]   Downloading cffi-2.0.0-cp310-cp310-manylinux2014_x86_64.manylinux_2_17_x86_64.whl (216 kB)"}
{"timestamp": "2026-04-10T18:45:12.327Z", "level": "Message", "containerName": "c59e0cd8-639114334743382160", "machineName": "", "message": "[18:44:28+0000] Collecting pycparser"}
{"timestamp": "2026-04-10T18:45:12.358Z", "level": "Message", "containerName": "c59e0cd8-639114334743382160", "machineName": "", "message": "[18:44:28+0000]   Downloading pycparser-3.0-py3-none-any.whl (48 kB)"}
{"timestamp": "2026-04-10T18:45:12.392Z", "level": "Message", "containerName": "c59e0cd8-639114334743382160", "machineName": "", "message": "[18:44:29+0000] Collecting rpds-py>=0.25.0"}
{"timestamp": "2026-04-10T18:45:12.430Z", "level": "Message", "containerName": "c59e0cd8-639114334743382160", "machineName": "", "message": "[18:44:29+0000]   Downloading rpds_py-0.30.0-cp310-cp310-manylinux_2_17_x86_64.manylinux2014_x86_64.whl (390 kB)"}
{"timestamp": "2026-04-10T18:45:12.467Z", "level": "Message", "containerName": "c59e0cd8-639114334743382160", "machineName": "", "message": "[18:44:29+0000] Collecting jsonschema-specifications>=2023.03.6"}
{"timestamp": "2026-04-10T18:45:12.494Z", "level": "Message", "containerName": "c59e0cd8-639114334743382160", "machineName": "", "message": "[18:44:29+0000]   Downloading jsonschema_specifications-2025.9.1-py3-none-any.whl (18 kB)"}
{"timestamp": "2026-04-10T18:45:12.529Z", "level": "Message", "containerName": "c59e0cd8-639114334743382160", "machineName": "", "message": "[18:44:29+0000] Collecting referencing>=0.28.4"}
{"timestamp": "2026-04-10T18:45:12.560Z", "level": "Message", "containerName": "c59e0cd8-639114334743382160", "machineName": "", "message": "[18:44:29+0000]   Downloading referencing-0.37.0-py3-none-any.whl (26 kB)"}
{"timestamp": "2026-04-10T18:45:12.599Z", "level": "Message", "containerName": "c59e0cd8-639114334743382160", "machineName": "", "message": "[18:44:30+0000] Collecting attrs>=22.2.0"}
{"timestamp": "2026-04-10T18:45:12.646Z", "level": "Message", "containerName": "c59e0cd8-639114334743382160", "machineName": "", "message": "[18:44:30+0000]   Downloading attrs-26.1.0-py3-none-any.whl (67 kB)"}
{"timestamp": "2026-04-10T18:45:12.676Z", "level": "Message", "containerName": "c59e0cd8-639114334743382160", "machineName": "", "message": "[18:44:30+0000] Collecting six~=1.16"}
{"timestamp": "2026-04-10T18:45:12.712Z", "level": "Message", "containerName": "c59e0cd8-639114334743382160", "machineName": "", "message": "[18:44:30+0000]   Downloading six-1.17.0-py2.py3-none-any.whl (11 kB)"}
{"timestamp": "2026-04-10T18:45:12.741Z", "level": "Message", "containerName": "c59e0cd8-639114334743382160", "machineName": "", "message": "[18:44:30+0000] Collecting opencensus-context>=0.1.3"}
{"timestamp": "2026-04-10T18:45:12.784Z", "level": "Message", "containerName": "c59e0cd8-639114334743382160", "machineName": "", "message": "[18:44:30+0000]   Downloading opencensus_context-0.1.3-py2.py3-none-any.whl (5.1 kB)"}
{"timestamp": "2026-04-10T18:45:12.829Z", "level": "Message", "containerName": "c59e0cd8-639114334743382160", "machineName": "", "message": "[18:44:30+0000] Collecting google-api-core<3.0.0,>=1.0.0"}
{"timestamp": "2026-04-10T18:45:12.865Z", "level": "Message", "containerName": "c59e0cd8-639114334743382160", "machineName": "", "message": "[18:44:30+0000]   Downloading google_api_core-2.30.3-py3-none-any.whl (173 kB)"}
{"timestamp": "2026-04-10T18:45:12.910Z", "level": "Message", "containerName": "c59e0cd8-639114334743382160", "machineName": "", "message": "[18:44:31+0000] Collecting protobuf<8.0.0,>=4.25.8"}
{"timestamp": "2026-04-10T18:45:12.948Z", "level": "Message", "containerName": "c59e0cd8-639114334743382160", "machineName": "", "message": "[18:44:31+0000]   Downloading protobuf-7.34.1-cp310-abi3-manylinux2014_x86_64.whl (324 kB)"}
{"timestamp": "2026-04-10T18:45:12.982Z", "level": "Message", "containerName": "c59e0cd8-639114334743382160", "machineName": "", "message": "[18:44:31+0000] Collecting proto-plus<2.0.0,>=1.22.3"}
{"timestamp": "2026-04-10T18:45:13.007Z", "level": "Message", "containerName": "c59e0cd8-639114334743382160", "machineName": "", "message": "[18:44:31+0000]   Downloading proto_plus-1.27.2-py3-none-any.whl (50 kB)"}
{"timestamp": "2026-04-10T18:45:13.038Z", "level": "Message", "containerName": "c59e0cd8-639114334743382160", "machineName": "", "message": "[18:44:31+0000] Collecting googleapis-common-protos<2.0.0,>=1.63.2"}
{"timestamp": "2026-04-10T18:45:13.076Z", "level": "Message", "containerName": "c59e0cd8-639114334743382160", "machineName": "", "message": "[18:44:31+0000]   Downloading googleapis_common_protos-1.74.0-py3-none-any.whl (300 kB)"}
{"timestamp": "2026-04-10T18:45:13.112Z", "level": "Message", "containerName": "c59e0cd8-639114334743382160", "machineName": "", "message": "[18:44:31+0000] Collecting google-auth<3.0.0,>=2.14.1"}
{"timestamp": "2026-04-10T18:45:13.140Z", "level": "Message", "containerName": "c59e0cd8-639114334743382160", "machineName": "", "message": "[18:44:31+0000]   Downloading google_auth-2.49.2-py3-none-any.whl (240 kB)"}
{"timestamp": "2026-04-10T18:45:13.185Z", "level": "Message", "containerName": "c59e0cd8-639114334743382160", "machineName": "", "message": "[18:44:31+0000] Collecting pyasn1-modules>=0.2.1"}
{"timestamp": "2026-04-10T18:45:13.214Z", "level": "Message", "containerName": "c59e0cd8-639114334743382160", "machineName": "", "message": "[18:44:31+0000]   Downloading pyasn1_modules-0.4.2-py3-none-any.whl (181 kB)"}
{"timestamp": "2026-04-10T18:45:13.258Z", "level": "Message", "containerName": "c59e0cd8-639114334743382160", "machineName": "", "message": "[18:44:31+0000] Collecting pyasn1<0.7.0,>=0.6.1"}
{"timestamp": "2026-04-10T18:45:13.306Z", "level": "Message", "containerName": "c59e0cd8-639114334743382160", "machineName": "", "message": "[18:44:31+0000]   Downloading pyasn1-0.6.3-py3-none-any.whl (83 kB)"}
{"timestamp": "2026-04-10T18:45:13.345Z", "level": "Message", "containerName": "c59e0cd8-639114334743382160", "machineName": "", "message": "[18:44:32+0000] Collecting markupsafe>=2.1.1"}
{"timestamp": "2026-04-10T18:45:13.379Z", "level": "Message", "containerName": "c59e0cd8-639114334743382160", "machineName": "", "message": "[18:44:32+0000]   Downloading markupsafe-3.0.3-cp310-cp310-manylinux2014_x86_64.manylinux_2_17_x86_64.manylinux_2_28_x86_64.whl (20 kB)"}
{"timestamp": "2026-04-10T18:45:13.419Z", "level": "Message", "containerName": "c59e0cd8-639114334743382160", "machineName": "", "message": "[18:44:32+0000] Collecting opentelemetry-instrumentation-requests==0.61b0"}
{"timestamp": "2026-04-10T18:45:13.469Z", "level": "Message", "containerName": "c59e0cd8-639114334743382160", "machineName": "", "message": "[18:44:32+0000]   Downloading opentelemetry_instrumentation_requests-0.61b0-py3-none-any.whl (14 kB)"}
{"timestamp": "2026-04-10T18:45:13.518Z", "level": "Message", "containerName": "c59e0cd8-639114334743382160", "machineName": "", "message": "[18:44:32+0000] Collecting azure-monitor-opentelemetry-exporter~=1.0.0b49"}
{"timestamp": "2026-04-10T18:45:13.565Z", "level": "Message", "containerName": "c59e0cd8-639114334743382160", "machineName": "", "message": "[18:44:32+0000]   Downloading azure_monitor_opentelemetry_exporter-1.0.0b51-py2.py3-none-any.whl (242 kB)"}
{"timestamp": "2026-04-10T18:45:13.603Z", "level": "Message", "containerName": "c59e0cd8-639114334743382160", "machineName": "", "message": "[18:44:33+0000] Collecting opentelemetry-instrumentation-urllib==0.61b0"}
{"timestamp": "2026-04-10T18:45:13.632Z", "level": "Message", "containerName": "c59e0cd8-639114334743382160", "machineName": "", "message": "[18:44:33+0000]   Downloading opentelemetry_instrumentation_urllib-0.61b0-py3-none-any.whl (13 kB)"}
{"timestamp": "2026-04-10T18:45:13.672Z", "level": "Message", "containerName": "c59e0cd8-639114334743382160", "machineName": "", "message": "[18:44:33+0000] Collecting opentelemetry-resource-detector-azure<1.0.0,>=0.1.5"}
{"timestamp": "2026-04-10T18:45:13.705Z", "level": "Message", "containerName": "c59e0cd8-639114334743382160", "machineName": "", "message": "[18:44:33+0000]   Downloading opentelemetry_resource_detector_azure-0.1.5-py3-none-any.whl (14 kB)"}
{"timestamp": "2026-04-10T18:45:13.736Z", "level": "Message", "containerName": "c59e0cd8-639114334743382160", "machineName": "", "message": "[18:44:33+0000] Collecting opentelemetry-sdk==1.40"}
{"timestamp": "2026-04-10T18:45:13.768Z", "level": "Message", "containerName": "c59e0cd8-639114334743382160", "machineName": "", "message": "[18:44:33+0000]   Downloading opentelemetry_sdk-1.40.0-py3-none-any.whl (141 kB)"}
{"timestamp": "2026-04-10T18:45:13.802Z", "level": "Message", "containerName": "c59e0cd8-639114334743382160", "machineName": "", "message": "[18:44:33+0000] Collecting opentelemetry-instrumentation-urllib3==0.61b0"}
{"timestamp": "2026-04-10T18:45:13.830Z", "level": "Message", "containerName": "c59e0cd8-639114334743382160", "machineName": "", "message": "[18:44:33+0000]   Downloading opentelemetry_instrumentation_urllib3-0.61b0-py3-none-any.whl (14 kB)"}
{"timestamp": "2026-04-10T18:45:13.864Z", "level": "Message", "containerName": "c59e0cd8-639114334743382160", "machineName": "", "message": "[18:44:34+0000] Collecting opentelemetry-instrumentation-flask==0.61b0"}
{"timestamp": "2026-04-10T18:45:13.895Z", "level": "Message", "containerName": "c59e0cd8-639114334743382160", "machineName": "", "message": "[18:44:34+0000]   Downloading opentelemetry_instrumentation_flask-0.61b0-py3-none-any.whl (15 kB)"}
{"timestamp": "2026-04-10T18:45:13.937Z", "level": "Message", "containerName": "c59e0cd8-639114334743382160", "machineName": "", "message": "[18:44:34+0000] Collecting opentelemetry-instrumentation-logging==0.61b0"}
{"timestamp": "2026-04-10T18:45:13.967Z", "level": "Message", "containerName": "c59e0cd8-639114334743382160", "machineName": "", "message": "[18:44:34+0000]   Downloading opentelemetry_instrumentation_logging-0.61b0-py3-none-any.whl (17 kB)"}
{"timestamp": "2026-04-10T18:45:14.004Z", "level": "Message", "containerName": "c59e0cd8-639114334743382160", "machineName": "", "message": "[18:44:34+0000] Collecting opentelemetry-instrumentation-fastapi==0.61b0"}
{"timestamp": "2026-04-10T18:45:14.044Z", "level": "Message", "containerName": "c59e0cd8-639114334743382160", "machineName": "", "message": "[18:44:34+0000]   Downloading opentelemetry_instrumentation_fastapi-0.61b0-py3-none-any.whl (13 kB)"}
{"timestamp": "2026-04-10T18:45:14.091Z", "level": "Message", "containerName": "c59e0cd8-639114334743382160", "machineName": "", "message": "[18:44:35+0000] Collecting opentelemetry-instrumentation-psycopg2==0.61b0"}
{"timestamp": "2026-04-10T18:45:14.120Z", "level": "Message", "containerName": "c59e0cd8-639114334743382160", "machineName": "", "message": "[18:44:35+0000]   Downloading opentelemetry_instrumentation_psycopg2-0.61b0-py3-none-any.whl (11 kB)"}
{"timestamp": "2026-04-10T18:45:14.160Z", "level": "Message", "containerName": "c59e0cd8-639114334743382160", "machineName": "", "message": "[18:44:35+0000] Collecting azure-core-tracing-opentelemetry~=1.0.0b11"}
{"timestamp": "2026-04-10T18:45:14.191Z", "level": "Message", "containerName": "c59e0cd8-639114334743382160", "machineName": "", "message": "[18:44:35+0000]   Downloading azure_core_tracing_opentelemetry-1.0.0b12-py3-none-any.whl (11 kB)"}
{"timestamp": "2026-04-10T18:45:14.231Z", "level": "Message", "containerName": "c59e0cd8-639114334743382160", "machineName": "", "message": "[18:44:35+0000] Collecting opentelemetry-instrumentation-django==0.61b0"}
{"timestamp": "2026-04-10T18:45:14.260Z", "level": "Message", "containerName": "c59e0cd8-639114334743382160", "machineName": "", "message": "[18:44:35+0000]   Downloading opentelemetry_instrumentation_django-0.61b0-py3-none-any.whl (20 kB)"}
{"timestamp": "2026-04-10T18:45:14.288Z", "level": "Message", "containerName": "c59e0cd8-639114334743382160", "machineName": "", "message": "[18:44:35+0000] Collecting opentelemetry-util-http==0.61b0"}
{"timestamp": "2026-04-10T18:45:14.335Z", "level": "Message", "containerName": "c59e0cd8-639114334743382160", "machineName": "", "message": "[18:44:35+0000]   Downloading opentelemetry_util_http-0.61b0-py3-none-any.whl (9.3 kB)"}
{"timestamp": "2026-04-10T18:45:14.380Z", "level": "Message", "containerName": "c59e0cd8-639114334743382160", "machineName": "", "message": "[18:44:35+0000] Collecting opentelemetry-api~=1.12"}
{"timestamp": "2026-04-10T18:45:14.419Z", "level": "Message", "containerName": "c59e0cd8-639114334743382160", "machineName": "", "message": "[18:44:35+0000]   Downloading opentelemetry_api-1.41.0-py3-none-any.whl (69 kB)"}
{"timestamp": "2026-04-10T18:45:14.450Z", "level": "Message", "containerName": "c59e0cd8-639114334743382160", "machineName": "", "message": "[18:44:35+0000] Collecting opentelemetry-semantic-conventions==0.61b0"}
{"timestamp": "2026-04-10T18:45:14.478Z", "level": "Message", "containerName": "c59e0cd8-639114334743382160", "machineName": "", "message": "[18:44:35+0000]   Downloading opentelemetry_semantic_conventions-0.61b0-py3-none-any.whl (231 kB)"}
{"timestamp": "2026-04-10T18:45:14.512Z", "level": "Message", "containerName": "c59e0cd8-639114334743382160", "machineName": "", "message": "[18:44:36+0000] Collecting opentelemetry-instrumentation-wsgi==0.61b0"}
{"timestamp": "2026-04-10T18:45:14.551Z", "level": "Message", "containerName": "c59e0cd8-639114334743382160", "machineName": "", "message": "[18:44:36+0000]   Downloading opentelemetry_instrumentation_wsgi-0.61b0-py3-none-any.whl (14 kB)"}
{"timestamp": "2026-04-10T18:45:14.586Z", "level": "Message", "containerName": "c59e0cd8-639114334743382160", "machineName": "", "message": "[18:44:36+0000] Collecting opentelemetry-instrumentation==0.61b0"}
{"timestamp": "2026-04-10T18:45:14.624Z", "level": "Message", "containerName": "c59e0cd8-639114334743382160", "machineName": "", "message": "[18:44:36+0000]   Downloading opentelemetry_instrumentation-0.61b0-py3-none-any.whl (33 kB)"}
{"timestamp": "2026-04-10T18:45:14.665Z", "level": "Message", "containerName": "c59e0cd8-639114334743382160", "machineName": "", "message": "[18:44:37+0000] Collecting wrapt<2.0.0,>=1.0.0"}
{"timestamp": "2026-04-10T18:45:14.714Z", "level": "Message", "containerName": "c59e0cd8-639114334743382160", "machineName": "", "message": "[18:44:37+0000]   Downloading wrapt-1.17.3-cp310-cp310-manylinux1_x86_64.manylinux_2_28_x86_64.manylinux_2_5_x86_64.whl (81 kB)"}
{"timestamp": "2026-04-10T18:45:14.760Z", "level": "Message", "containerName": "c59e0cd8-639114334743382160", "machineName": "", "message": "[18:44:37+0000] Collecting opentelemetry-instrumentation-asgi==0.61b0"}
{"timestamp": "2026-04-10T18:45:14.793Z", "level": "Message", "containerName": "c59e0cd8-639114334743382160", "machineName": "", "message": "[18:44:37+0000]   Downloading opentelemetry_instrumentation_asgi-0.61b0-py3-none-any.whl (16 kB)"}
{"timestamp": "2026-04-10T18:45:14.838Z", "level": "Message", "containerName": "c59e0cd8-639114334743382160", "machineName": "", "message": "[18:44:37+0000] Collecting asgiref~=3.0"}
{"timestamp": "2026-04-10T18:45:14.879Z", "level": "Message", "containerName": "c59e0cd8-639114334743382160", "machineName": "", "message": "[18:44:37+0000]   Downloading asgiref-3.11.1-py3-none-any.whl (24 kB)"}
{"timestamp": "2026-04-10T18:45:14.918Z", "level": "Message", "containerName": "c59e0cd8-639114334743382160", "machineName": "", "message": "[18:44:37+0000] Collecting opentelemetry-instrumentation-dbapi==0.61b0"}
{"timestamp": "2026-04-10T18:45:14.969Z", "level": "Message", "containerName": "c59e0cd8-639114334743382160", "machineName": "", "message": "[18:44:37+0000]   Downloading opentelemetry_instrumentation_dbapi-0.61b0-py3-none-any.whl (14 kB)"}
{"timestamp": "2026-04-10T18:45:15.003Z", "level": "Message", "containerName": "c59e0cd8-639114334743382160", "machineName": "", "message": "[18:44:38+0000] Collecting opentelemetry-api~=1.12"}
{"timestamp": "2026-04-10T18:45:15.035Z", "level": "Message", "containerName": "c59e0cd8-639114334743382160", "machineName": "", "message": "[18:44:38+0000]   Downloading opentelemetry_api-1.40.0-py3-none-any.whl (68 kB)"}
{"timestamp": "2026-04-10T18:45:15.069Z", "level": "Message", "containerName": "c59e0cd8-639114334743382160", "machineName": "", "message": "[18:44:38+0000] Collecting importlib-metadata<8.8.0,>=6.0"}
{"timestamp": "2026-04-10T18:45:15.098Z", "level": "Message", "containerName": "c59e0cd8-639114334743382160", "machineName": "", "message": "[18:44:38+0000]   Downloading importlib_metadata-8.7.1-py3-none-any.whl (27 kB)"}
{"timestamp": "2026-04-10T18:45:15.134Z", "level": "Message", "containerName": "c59e0cd8-639114334743382160", "machineName": "", "message": "[18:44:38+0000] Collecting msrest>=0.6.10"}
{"timestamp": "2026-04-10T18:45:15.164Z", "level": "Message", "containerName": "c59e0cd8-639114334743382160", "machineName": "", "message": "[18:44:38+0000]   Downloading msrest-0.7.1-py3-none-any.whl (85 kB)"}
{"timestamp": "2026-04-10T18:45:15.197Z", "level": "Message", "containerName": "c59e0cd8-639114334743382160", "machineName": "", "message": "[18:44:38+0000] Collecting zipp>=3.20"}
{"timestamp": "2026-04-10T18:45:15.228Z", "level": "Message", "containerName": "c59e0cd8-639114334743382160", "machineName": "", "message": "[18:44:38+0000]   Downloading zipp-3.23.0-py3-none-any.whl (10 kB)"}
{"timestamp": "2026-04-10T18:45:15.272Z", "level": "Message", "containerName": "c59e0cd8-639114334743382160", "machineName": "", "message": "[18:44:38+0000] Collecting requests-oauthlib>=0.5.0"}
{"timestamp": "2026-04-10T18:45:15.312Z", "level": "Message", "containerName": "c59e0cd8-639114334743382160", "machineName": "", "message": "[18:44:38+0000]   Downloading requests_oauthlib-2.0.0-py2.py3-none-any.whl (24 kB)"}
{"timestamp": "2026-04-10T18:45:15.366Z", "level": "Message", "containerName": "c59e0cd8-639114334743382160", "machineName": "", "message": "[18:44:38+0000] Collecting oauthlib>=3.0.0"}
{"timestamp": "2026-04-10T18:45:15.397Z", "level": "Message", "containerName": "c59e0cd8-639114334743382160", "machineName": "", "message": "[18:44:38+0000]   Downloading oauthlib-3.3.1-py3-none-any.whl (160 kB)"}
{"timestamp": "2026-04-10T18:45:15.427Z", "level": "Message", "containerName": "c59e0cd8-639114334743382160", "machineName": "", "message": "[18:44:39+0000] Installing collected packages: pycparser, zipp, typing-extensions, cffi, urllib3, pyjwt, importlib-metadata, idna, cryptography, charset-normalizer, certifi, requests, opentelemetry-api, wrapt, pyasn1, packaging, opentelemetry-semantic-conventions, oauthlib, msal, rpds-py, requests-oauthlib, pyasn1-modules, protobuf, opentelemetry-util-http, opentelemetry-instrumentation, msal-extensions, isodate, azure-core, attrs, asgiref, six, referencing, psutil, proto-plus, opentelemetry-sdk, opentelemetry-instrumentation-wsgi, opentelemetry-instrumentation-dbapi, opentelemetry-instrumentation-asgi, msrest, googleapis-common-protos, google-auth, azure-identity, python-dateutil, opentelemetry-resource-detector-azure, opentelemetry-instrumentation-urllib3, opentelemetry-instrumentation-urllib, opentelemetry-instrumentation-requests, opentelemetry-instrumentation-psycopg2, opentelemetry-instrumentation-logging, opentelemetry-instrumentation-flask, opentelemetry-instrumentation-fastapi, opentelemetry-instrumentation-django, opencensus-context, numpy, markupsafe, jsonschema-specifications, google-api-core, azure-storage-blob, azure-monitor-opentelemetry-exporter, azure-core-tracing-opentelemetry, werkzeug, tzdata, tqdm, threadpoolctl, strictyaml, scipy, pyyaml, pytz, pyparsing, pydash, pillow, opencensus, marshmallow, kiwisolver, jsonschema, joblib, fonttools, cycler, contourpy, colorama, azure-storage-file-share, azure-storage-file-datalake, azure-monitor-opentelemetry, azure-mgmt-core, azure-common, scikit-learn, python-dotenv, pyodbc, pandas, opencensus-ext-azure, matplotlib, azure-keyvault-secrets, azure-functions, azure-eventhub, azure-ai-ml"}
{"timestamp": "2026-04-10T18:45:15.458Z", "level": "Message", "containerName": "c59e0cd8-639114334743382160", "machineName": "", "message": "[18:45:07+0000] Successfully installed asgiref-3.11.1 attrs-26.1.0 azure-ai-ml-1.32.0 azure-common-1.1.28 azure-core-1.39.0 azure-core-tracing-opentelemetry-1.0.0b12 azure-eventhub-5.15.1 azure-functions-1.24.0 azure-identity-1.25.3 azure-keyvault-secrets-4.10.0 azure-mgmt-core-1.6.0 azure-monitor-opentelemetry-1.8.7 azure-monitor-opentelemetry-exporter-1.0.0b51 azure-storage-blob-12.28.0 azure-storage-file-datalake-12.23.0 azure-storage-file-share-12.24.0 certifi-2026.2.25 cffi-2.0.0 charset-normalizer-3.4.7 colorama-0.4.6 contourpy-1.3.2 cryptography-46.0.7 cycler-0.12.1 fonttools-4.62.1 google-api-core-2.30.3 google-auth-2.49.2 googleapis-common-protos-1.74.0 idna-3.11 importlib-metadata-8.7.1 isodate-0.7.2 joblib-1.5.3 jsonschema-4.26.0 jsonschema-specifications-2025.9.1 kiwisolver-1.5.0 markupsafe-3.0.3 marshmallow-3.26.2 matplotlib-3.10.8 msal-1.36.0 msal-extensions-1.3.1 msrest-0.7.1 numpy-2.2.6 oauthlib-3.3.1 opencensus-0.11.4 opencensus-context-0.1.3 opencensus-ext-azure-1.1.15 opentelemetry-api-1.40.0 opentelemetry-instrumentation-0.61b0 opentelemetry-instrumentation-asgi-0.61b0 opentelemetry-instrumentation-dbapi-0.61b0 opentelemetry-instrumentation-django-0.61b0 opentelemetry-instrumentation-fastapi-0.61b0 opentelemetry-instrumentation-flask-0.61b0 opentelemetry-instrumentation-logging-0.61b0 opentelemetry-instrumentation-psycopg2-0.61b0 opentelemetry-instrumentation-requests-0.61b0 opentelemetry-instrumentation-urllib-0.61b0 opentelemetry-instrumentation-urllib3-0.61b0 opentelemetry-instrumentation-wsgi-0.61b0 opentelemetry-resource-detector-azure-0.1.5 opentelemetry-sdk-1.40.0 opentelemetry-semantic-conventions-0.61b0 opentelemetry-util-http-0.61b0 packaging-26.0 pandas-2.3.3 pillow-12.2.0 proto-plus-1.27.2 protobuf-7.34.1 psutil-7.2.2 pyasn1-0.6.3 pyasn1-modules-0.4.2 pycparser-3.0 pydash-8.0.6 pyjwt-2.12.1 pyodbc-5.3.0 pyparsing-3.3.2 python-dateutil-2.9.0.post0 python-dotenv-1.2.2 pytz-2026.1.post1 pyyaml-6.0.3 referencing-0.37.0 requests-2.33.1 requests-oauthlib-2.0.0 rpds-py-0.30.0 scikit-learn-1.7.2 scipy-1.15.3 six-1.17.0 strictyaml-1.7.3 threadpoolctl-3.6.0 tqdm-4.67.3 typing-extensions-4.15.0 tzdata-2026.1 urllib3-2.6.3 werkzeug-3.1.8 wrapt-1.17.3 zipp-3.23.0"}
{"timestamp": "2026-04-10T18:45:15.500Z", "level": "Message", "containerName": "c59e0cd8-639114334743382160", "machineName": "", "message": "WARNING: Running pip as the 'root' user can result in broken permissions and conflicting behaviour with the system package manager. It is recommended to use a virtual environment instead: https://pip.pypa.io/warnings/venv"}
{"timestamp": "2026-04-10T18:45:15.541Z", "level": "Message", "containerName": "c59e0cd8-639114334743382160", "machineName": "", "message": "WARNING: You are using pip version 21.2.4; however, version 26.0.1 is available."}
{"timestamp": "2026-04-10T18:45:15.576Z", "level": "Message", "containerName": "c59e0cd8-639114334743382160", "machineName": "", "message": "You should consider upgrading via the '/tmp/oryx/platforms/python/3.10.4/bin/python3.10 -m pip install --upgrade pip' command."}
{"timestamp": "2026-04-10T18:45:15.612Z", "level": "Message", "containerName": "c59e0cd8-639114334743382160", "machineName": "", "message": "Not a vso image, so not writing build commands"}
{"timestamp": "2026-04-10T18:45:15.642Z", "level": "Message", "containerName": "c59e0cd8-639114334743382160", "machineName": "", "message": "Preparing output..."}
{"timestamp": "2026-04-10T18:45:15.676Z", "level": "Message", "containerName": "c59e0cd8-639114334743382160", "machineName": "", "message": ""}
{"timestamp": "2026-04-10T18:45:15.742Z", "level": "Message", "containerName": "c59e0cd8-639114334743382160", "machineName": "", "message": "Copying files to destination directory '/home/site/wwwroot'..."}
{"timestamp": "2026-04-10T19:05:53.774Z", "level": "Message", "containerName": "c59e0cd8-639114334743382160", "machineName": "", "message": "Done in 1245 sec(s)."}
{"timestamp": "2026-04-10T19:05:53.839Z", "level": "Message", "containerName": "c59e0cd8-639114334743382160", "machineName": "", "message": ""}
{"timestamp": "2026-04-10T19:05:53.873Z", "level": "Message", "containerName": "c59e0cd8-639114334743382160", "machineName": "", "message": "Removing existing manifest file"}
{"timestamp": "2026-04-10T19:05:53.906Z", "level": "Message", "containerName": "c59e0cd8-639114334743382160", "machineName": "", "message": "Creating a manifest file..."}
{"timestamp": "2026-04-10T19:05:53.932Z", "level": "Message", "containerName": "c59e0cd8-639114334743382160", "machineName": "", "message": "Manifest file created."}
{"timestamp": "2026-04-10T19:05:53.971Z", "level": "Message", "containerName": "c59e0cd8-639114334743382160", "machineName": "", "message": "Copying .ostype to manifest output directory."}
{"timestamp": "2026-04-10T19:05:53.999Z", "level": "Message", "containerName": "c59e0cd8-639114334743382160", "machineName": "", "message": ""}
{"timestamp": "2026-04-10T19:05:54.032Z", "level": "Message", "containerName": "c59e0cd8-639114334743382160", "machineName": "", "message": "Done in 1307 sec(s)."}
{"timestamp": "2026-04-10T19:05:55.624Z", "level": "Message", "containerName": "c59e0cd8-639114334743382160", "machineName": "", "message": "Running post deployment command(s)..."}
{"timestamp": "2026-04-10T19:05:55.816Z", "level": "Message", "containerName": "c59e0cd8-639114334743382160", "machineName": "", "message": ""}
{"timestamp": "2026-04-10T19:05:55.968Z", "level": "Message", "containerName": "c59e0cd8-639114334743382160", "machineName": "", "message": "Generating summary of Oryx build"}
{"timestamp": "2026-04-10T19:05:56.145Z", "level": "Message", "containerName": "c59e0cd8-639114334743382160", "machineName": "", "message": "Deployment Log file does not exist in /tmp/oryx-build.log"}
{"timestamp": "2026-04-10T19:05:56.297Z", "level": "Message", "containerName": "c59e0cd8-639114334743382160", "machineName": "", "message": "The logfile at /tmp/oryx-build.log is empty. Unable to fetch the summary of build"}
{"timestamp": "2026-04-10T19:05:56.544Z", "level": "Message", "containerName": "c59e0cd8-639114334743382160", "machineName": "", "message": "Triggering recycle (preview mode disabled)."}
{"timestamp": "2026-04-10T19:05:56.851Z", "level": "Message", "containerName": "c59e0cd8-639114334743382160", "machineName": "", "message": "Linux Consumption plan has a 1.5 GB memory limit on a remote build container."}
{"timestamp": "2026-04-10T19:05:57.011Z", "level": "Message", "containerName": "c59e0cd8-639114334743382160", "machineName": "", "message": "To check our service limit, please visit https://docs.microsoft.com/en-us/azure/azure-functions/functions-scale#service-limits"}
{"timestamp": "2026-04-10T19:05:57.189Z", "level": "Message", "containerName": "c59e0cd8-639114334743382160", "machineName": "", "message": "Writing the artifacts to a squashfs file"}
{"timestamp": "2026-04-10T19:06:46.462Z", "level": "Message", "containerName": "c59e0cd8-639114334743382160", "machineName": "", "message": "Parallel mksquashfs: Using 4 processors"}
{"timestamp": "2026-04-10T19:06:46.670Z", "level": "Message", "containerName": "c59e0cd8-639114334743382160", "machineName": "", "message": "Creating 4.0 filesystem on /home/site/artifacts/functionappartifact.squashfs, block size 131072."}
{"timestamp": "2026-04-10T19:06:46.876Z", "level": "Message", "containerName": "c59e0cd8-639114334743382160", "machineName": "", "message": ""}
{"timestamp": "2026-04-10T19:06:51.933Z", "level": "Message", "containerName": "c59e0cd8-639114334743382160", "machineName": "", "message": "[\\                                                           ]   400/25220   1%"}
{"timestamp": "2026-04-10T19:07:58.748Z", "level": "Message", "containerName": "c59e0cd8-639114334743382160", "machineName": "", "message": "[=/                                                          ]   600/25220   2%"}
{"timestamp": "2026-04-10T19:08:52.820Z", "level": "Message", "containerName": "c59e0cd8-639114334743382160", "machineName": "", "message": "[========|                                                   ]  3500/25220  13%"}
{"timestamp": "2026-04-10T19:09:15.783Z", "level": "Message", "containerName": "c59e0cd8-639114334743382160", "machineName": "", "message": "[=============/                                              ]  5700/25220  22%"}
{"timestamp": "2026-04-10T19:09:20.539Z", "level": "Message", "containerName": "c59e0cd8-639114334743382160", "machineName": "", "message": "[===============/                                            ]  6600/25220  26%"}
{"timestamp": "2026-04-10T19:09:23.078Z", "level": "Message", "containerName": "c59e0cd8-639114334743382160", "machineName": "", "message": "[===============|                                            ]  6800/25220  26%"}
{"timestamp": "2026-04-10T19:09:32.569Z", "level": "Message", "containerName": "c59e0cd8-639114334743382160", "machineName": "", "message": "[================-                                           ]  6900/25220  27%"}
{"timestamp": "2026-04-10T19:09:42.847Z", "level": "Message", "containerName": "c59e0cd8-639114334743382160", "machineName": "", "message": "[=================|                                          ]  7300/25220  28%"}
{"timestamp": "2026-04-10T19:10:01.816Z", "level": "Message", "containerName": "c59e0cd8-639114334743382160", "machineName": "", "message": "[==================/                                         ]  7700/25220  30%"}
{"timestamp": "2026-04-10T19:11:38.231Z", "level": "Message", "containerName": "c59e0cd8-639114334743382160", "machineName": "", "message": "[===================/                                        ]  8500/25220  33%"}
{"timestamp": "2026-04-10T19:11:47.251Z", "level": "Message", "containerName": "c59e0cd8-639114334743382160", "machineName": "", "message": "[=============================-                              ] 12700/25220  50%"}
{"timestamp": "2026-04-10T19:11:56.977Z", "level": "Message", "containerName": "c59e0cd8-639114334743382160", "machineName": "", "message": "[==============================-                             ] 13100/25220  51%"}
{"timestamp": "2026-04-10T19:12:02.489Z", "level": "Message", "containerName": "c59e0cd8-639114334743382160", "machineName": "", "message": "[===============================/                            ] 13600/25220  53%"}
{"timestamp": "2026-04-10T19:12:23.270Z", "level": "Message", "containerName": "c59e0cd8-639114334743382160", "machineName": "", "message": "[================================\\                           ] 13800/25220  54%"}
{"timestamp": "2026-04-10T19:12:27.811Z", "level": "Message", "containerName": "c59e0cd8-639114334743382160", "machineName": "", "message": "[==================================-                         ] 14600/25220  57%"}
{"timestamp": "2026-04-10T19:12:32.832Z", "level": "Message", "containerName": "c59e0cd8-639114334743382160", "machineName": "", "message": "[==================================/                         ] 14900/25220  59%"}
{"timestamp": "2026-04-10T19:13:00.119Z", "level": "Message", "containerName": "c59e0cd8-639114334743382160", "machineName": "", "message": "[===================================/                        ] 15100/25220  59%"}
{"timestamp": "2026-04-10T19:13:12.838Z", "level": "Message", "containerName": "c59e0cd8-639114334743382160", "machineName": "", "message": "[=====================================-                      ] 16200/25220  64%"}
{"timestamp": "2026-04-10T19:13:30.619Z", "level": "Message", "containerName": "c59e0cd8-639114334743382160", "machineName": "", "message": "[=======================================/                    ] 16700/25220  66%"}
{"timestamp": "2026-04-10T19:13:53.900Z", "level": "Message", "containerName": "c59e0cd8-639114334743382160", "machineName": "", "message": "[========================================|                   ] 17400/25220  68%"}
{"timestamp": "2026-04-10T19:14:06.140Z", "level": "Message", "containerName": "c59e0cd8-639114334743382160", "machineName": "", "message": "[===========================================/                ] 18400/25220  72%"}
{"timestamp": "2026-04-10T19:14:27.615Z", "level": "Message", "containerName": "c59e0cd8-639114334743382160", "machineName": "", "message": "[============================================-               ] 18900/25220  74%"}
{"timestamp": "2026-04-10T19:15:03.791Z", "level": "Message", "containerName": "c59e0cd8-639114334743382160", "machineName": "", "message": "[==============================================|             ] 19800/25220  78%"}
{"timestamp": "2026-04-10T19:15:16.796Z", "level": "Message", "containerName": "c59e0cd8-639114334743382160", "machineName": "", "message": "[==================================================|         ] 21500/25220  85%"}
{"timestamp": "2026-04-10T19:15:24.103Z", "level": "Message", "containerName": "c59e0cd8-639114334743382160", "machineName": "", "message": "[===================================================|        ] 22200/25220  88%"}
{"timestamp": "2026-04-10T19:15:27.036Z", "level": "Message", "containerName": "c59e0cd8-639114334743382160", "machineName": "", "message": "[====================================================-       ] 22500/25220  89%"}
{"timestamp": "2026-04-10T19:15:44.773Z", "level": "Message", "containerName": "c59e0cd8-639114334743382160", "machineName": "", "message": "[====================================================/       ] 22600/25220  89%"}
{"timestamp": "2026-04-10T19:16:06.586Z", "level": "Message", "containerName": "c59e0cd8-639114334743382160", "machineName": "", "message": "[======================================================|     ] 23300/25220  92%"}
{"timestamp": "2026-04-10T19:16:27.698Z", "level": "Message", "containerName": "c59e0cd8-639114334743382160", "machineName": "", "message": "[========================================================|   ] 24200/25220  95%"}
{"timestamp": "2026-04-10T19:16:27.867Z", "level": "Message", "containerName": "c59e0cd8-639114334743382160", "machineName": "", "message": "[===========================================================|] 25220/25220 100%"}
{"timestamp": "2026-04-10T19:16:28.029Z", "level": "Message", "containerName": "c59e0cd8-639114334743382160", "machineName": "", "message": ""}
{"timestamp": "2026-04-10T19:16:28.213Z", "level": "Message", "containerName": "c59e0cd8-639114334743382160", "machineName": "", "message": "Exportable Squashfs 4.0 filesystem, gzip compressed, data block size 131072"}
{"timestamp": "2026-04-10T19:16:28.381Z", "level": "Message", "containerName": "c59e0cd8-639114334743382160", "machineName": "", "message": "\tcompressed data, compressed metadata, compressed fragments,"}
{"timestamp": "2026-04-10T19:16:28.569Z", "level": "Message", "containerName": "c59e0cd8-639114334743382160", "machineName": "", "message": "\tcompressed xattrs, compressed ids"}
{"timestamp": "2026-04-10T19:16:28.780Z", "level": "Message", "containerName": "c59e0cd8-639114334743382160", "machineName": "", "message": "\tduplicates are removed"}
{"timestamp": "2026-04-10T19:16:28.971Z", "level": "Message", "containerName": "c59e0cd8-639114334743382160", "machineName": "", "message": "Filesystem size 163454.49 Kbytes (159.62 Mbytes)"}
{"timestamp": "2026-04-10T19:16:29.141Z", "level": "Message", "containerName": "c59e0cd8-639114334743382160", "machineName": "", "message": "\t25.41% of uncompressed filesystem size (643344.78 Kbytes)"}
{"timestamp": "2026-04-10T19:16:29.327Z", "level": "Message", "containerName": "c59e0cd8-639114334743382160", "machineName": "", "message": "Inode table size 245364 bytes (239.61 Kbytes)"}
{"timestamp": "2026-04-10T19:16:29.505Z", "level": "Message", "containerName": "c59e0cd8-639114334743382160", "machineName": "", "message": "\t29.84% of uncompressed inode table size (822194 bytes)"}
{"timestamp": "2026-04-10T19:16:29.681Z", "level": "Message", "containerName": "c59e0cd8-639114334743382160", "machineName": "", "message": "Directory table size 244837 bytes (239.10 Kbytes)"}
{"timestamp": "2026-04-10T19:16:29.861Z", "level": "Message", "containerName": "c59e0cd8-639114334743382160", "machineName": "", "message": "\t31.78% of uncompressed directory table size (770377 bytes)"}
{"timestamp": "2026-04-10T19:16:30.042Z", "level": "Message", "containerName": "c59e0cd8-639114334743382160", "machineName": "", "message": "Number of duplicate files found 1527"}
{"timestamp": "2026-04-10T19:16:30.240Z", "level": "Message", "containerName": "c59e0cd8-639114334743382160", "machineName": "", "message": "Number of inodes 25276"}
{"timestamp": "2026-04-10T19:16:30.412Z", "level": "Message", "containerName": "c59e0cd8-639114334743382160", "machineName": "", "message": "Number of files 22773"}
{"timestamp": "2026-04-10T19:16:30.595Z", "level": "Message", "containerName": "c59e0cd8-639114334743382160", "machineName": "", "message": "Number of fragments 2299"}
{"timestamp": "2026-04-10T19:16:30.784Z", "level": "Message", "containerName": "c59e0cd8-639114334743382160", "machineName": "", "message": "Number of symbolic links  0"}
{"timestamp": "2026-04-10T19:16:30.956Z", "level": "Message", "containerName": "c59e0cd8-639114334743382160", "machineName": "", "message": "Number of device nodes 0"}
{"timestamp": "2026-04-10T19:16:31.128Z", "level": "Message", "containerName": "c59e0cd8-639114334743382160", "machineName": "", "message": "Number of fifo nodes 0"}
{"timestamp": "2026-04-10T19:16:31.333Z", "level": "Message", "containerName": "c59e0cd8-639114334743382160", "machineName": "", "message": "Number of socket nodes 0"}
{"timestamp": "2026-04-10T19:16:31.507Z", "level": "Message", "containerName": "c59e0cd8-639114334743382160", "machineName": "", "message": "Number of directories 2503"}
{"timestamp": "2026-04-10T19:16:31.695Z", "level": "Message", "containerName": "c59e0cd8-639114334743382160", "machineName": "", "message": "Number of ids (unique uids + gids) 1"}
{"timestamp": "2026-04-10T19:16:31.855Z", "level": "Message", "containerName": "c59e0cd8-639114334743382160", "machineName": "", "message": "Number of uids 1"}
{"timestamp": "2026-04-10T19:16:32.051Z", "level": "Message", "containerName": "c59e0cd8-639114334743382160", "machineName": "", "message": "\troot (0)"}
{"timestamp": "2026-04-10T19:16:32.227Z", "level": "Message", "containerName": "c59e0cd8-639114334743382160", "machineName": "", "message": "Number of gids 1"}
{"timestamp": "2026-04-10T19:16:32.436Z", "level": "Message", "containerName": "c59e0cd8-639114334743382160", "machineName": "", "message": "\troot (0)"}
{"timestamp": "2026-04-10T19:16:32.684Z", "level": "Message", "containerName": "c59e0cd8-639114334743382160", "machineName": "", "message": "Creating placeholder blob for linux consumption function app..."}
{"timestamp": "2026-04-10T19:16:32.874Z", "level": "Message", "containerName": "c59e0cd8-639114334743382160", "machineName": "", "message": "SCM_RUN_FROM_PACKAGE placeholder blob scm-latest-func-sales-validation-d9bt2m.zip located"}
{"timestamp": "2026-04-10T19:16:33.039Z", "level": "Message", "containerName": "c59e0cd8-639114334743382160", "machineName": "", "message": "Uploading built content /home/site/artifacts/functionappartifact.squashfs for linux consumption function app..."}
{"timestamp": "2026-04-10T19:24:52.989Z", "level": "Message", "containerName": "c59e0cd8-639114334743382160", "machineName": "", "message": "Resetting all workers for func-sales-validation-d9bt2m.azurewebsites.net"}
{"timestamp": "2026-04-10T19:24:53.304Z", "level": "Message", "containerName": "c59e0cd8-639114334743382160", "machineName": "", "message": "Deployment successful. deployer = Push-Deployer deploymentPath = Functions App ZipDeploy. Extract zip. Remote build."}
