2026-04-02T10:16:07.6840486Z    _____                               
2026-04-02T10:16:07.6842451Z   /  _  \ __________ _________   ____  
2026-04-02T10:16:07.6842504Z  /  /_\  \\___   /  |  \_  __ \_/ __ \ 
2026-04-02T10:16:07.6842529Z /    |    \/    /|  |  /|  | \/\  ___/ 
2026-04-02T10:16:07.6842621Z \____|__  /_____ \____/ |__|    \___  >
2026-04-02T10:16:07.6842651Z         \/      \/                  \/ 
2026-04-02T10:16:07.6842674Z A P P   S E R V I C E   O N   L I N U X
2026-04-02T10:16:07.6842694Z 
2026-04-02T10:16:07.6842722Z Documentation    : http://aka.ms/webapp-linux
2026-04-02T10:16:07.6842747Z Python quickstart: https://aka.ms/python-qs
2026-04-02T10:16:07.6842789Z Python version   : 3.11.14
2026-04-02T10:16:07.6842813Z Instance Name    : lw1sdlwk000KKM
2026-04-02T10:16:07.6842843Z Instance Id      : 7d4ee311498b261eb996c3c5566ae5bbd227759952a6214551a3ab4312f134f3
2026-04-02T10:16:07.6842864Z 
2026-04-02T10:16:07.6842886Z Note: Any data outside '/home' is not persisted
2026-04-02T10:16:09.1556903Z Starting OpenBSD Secure Shell server: sshd.
2026-04-02T10:16:09.1756856Z WEBSITES_INCLUDE_CLOUD_CERTS is not set to true.
2026-04-02T10:16:09.2523885Z Updating certificates in /etc/ssl/certs...
2026-04-02T10:16:27.2348595Z rehash: warning: skipping duplicate certificate in azl_SSL.com_TLS_ECC_Root_CA_2022.pem
2026-04-02T10:16:27.2657720Z rehash: warning: skipping duplicate certificate in azl_Sectigo_Public_Server_Authentication_Root_E46.pem
2026-04-02T10:16:27.2744078Z rehash: warning: skipping duplicate certificate in azl_SSL.com_TLS_RSA_Root_CA_2022.pem
2026-04-02T10:16:27.2744725Z rehash: warning: skipping duplicate certificate in azl_Sectigo_Public_Server_Authentication_Root_R46.pem
2026-04-02T10:16:27.3467713Z 4 added, 0 removed; done.
2026-04-02T10:16:27.3555796Z Running hooks in /etc/ca-certificates/update.d...
2026-04-02T10:16:27.3644934Z done.
2026-04-02T10:16:27.3766432Z CA certificates copied and updated successfully.
2026-04-02T10:16:27.5681441Z Site's appCommandLine: gunicorn --bind=0.0.0.0:8000 --timeout 600 webapp.app:app
2026-04-02T10:16:28.0505252Z Starting periodic command scheduler: cron.
2026-04-02T10:16:28.0517165Z Launching oryx with: create-script -appPath /home/site/wwwroot -output /opt/startup/startup.sh -virtualEnvName antenv -defaultApp /opt/defaultsite -userStartupCommand 'gunicorn --bind=0.0.0.0:8000 --timeout 600 webapp.app:app'
2026-04-02T10:16:28.2326704Z Found build manifest file at '/home/site/wwwroot/oryx-manifest.toml'. Deserializing it...
2026-04-02T10:16:28.2414213Z Build Operation ID: b39938355056db27
2026-04-02T10:16:28.2499677Z Oryx Version: 0.2.20260130.1, Commit: a98e9aef5dfb6572a08b0a07ce414e1122ab4a2e, ReleaseTagName: 20260130.1
2026-04-02T10:16:28.2510429Z Output is compressed. Extracting it...
2026-04-02T10:16:28.2526390Z Found zstd-compressed tarball.
2026-04-02T10:16:28.2606604Z Extracting '/home/site/wwwroot/output.tar.zst' to directory '/tmp/8de909f8225cfe0'...
2026-04-02T10:16:28.2620154Z Using zstd for decompression of file: /home/site/wwwroot/output.tar.zst
2026-04-02T10:16:32.9500567Z zstd tar Successfully extracted '/home/site/wwwroot/output.tar.zst' to '/tmp/8de909f8225cfe0'
2026-04-02T10:16:32.9509186Z App path is set to '/tmp/8de909f8225cfe0'
2026-04-02T10:16:33.7124830Z Writing output script to '/opt/startup/startup.sh'
2026-04-02T10:16:34.2286213Z Using packages from virtual environment antenv located at /tmp/8de909f8225cfe0/antenv.
2026-04-02T10:16:34.2293776Z Updated PYTHONPATH to '/opt/startup/app_logs:/tmp/8de909f8225cfe0/antenv/lib/python3.11/site-packages'
2026-04-02T10:16:35.6767882Z [2026-04-02 10:16:35 +0000] [1895] [INFO] Starting gunicorn 25.3.0
2026-04-02T10:16:35.6864195Z [2026-04-02 10:16:35 +0000] [1895] [INFO] Listening at: http://0.0.0.0:8000 (1895)
2026-04-02T10:16:35.6948376Z [2026-04-02 10:16:35 +0000] [1895] [INFO] Using worker: sync
2026-04-02T10:16:35.7271917Z [2026-04-02 10:16:35 +0000] [1897] [INFO] Booting worker with pid: 1897
2026-04-02T10:16:35.7975425Z [2026-04-02 10:16:35 +0000] [1897] [ERROR] Exception in worker process
2026-04-02T10:16:35.7976130Z Traceback (most recent call last):
2026-04-02T10:16:35.7976172Z   File "/tmp/8de909f8225cfe0/antenv/lib/python3.11/site-packages/gunicorn/arbiter.py", line 713, in spawn_worker
2026-04-02T10:16:35.7976198Z     worker.init_process()
2026-04-02T10:16:35.7976233Z   File "/tmp/8de909f8225cfe0/antenv/lib/python3.11/site-packages/gunicorn/workers/base.py", line 136, in init_process
2026-04-02T10:16:35.7976321Z     self.load_wsgi()
2026-04-02T10:16:35.7976349Z   File "/tmp/8de909f8225cfe0/antenv/lib/python3.11/site-packages/gunicorn/workers/base.py", line 148, in load_wsgi
2026-04-02T10:16:35.7976370Z     self.wsgi = self.app.wsgi()
2026-04-02T10:16:35.7976390Z                 ^^^^^^^^^^^^^^^
2026-04-02T10:16:35.7976414Z   File "/tmp/8de909f8225cfe0/antenv/lib/python3.11/site-packages/gunicorn/app/base.py", line 66, in wsgi
2026-04-02T10:16:35.7976436Z     self.callable = self.load()
2026-04-02T10:16:35.7976456Z                     ^^^^^^^^^^^
2026-04-02T10:16:35.7976501Z   File "/tmp/8de909f8225cfe0/antenv/lib/python3.11/site-packages/gunicorn/app/wsgiapp.py", line 57, in load
2026-04-02T10:16:35.7976523Z     return self.load_wsgiapp()
2026-04-02T10:16:35.7976543Z            ^^^^^^^^^^^^^^^^^^^
2026-04-02T10:16:35.7976568Z   File "/tmp/8de909f8225cfe0/antenv/lib/python3.11/site-packages/gunicorn/app/wsgiapp.py", line 47, in load_wsgiapp
2026-04-02T10:16:35.7976590Z     return util.import_app(self.app_uri)
2026-04-02T10:16:35.7976663Z            ^^^^^^^^^^^^^^^^^^^^^^^^^^^^^
2026-04-02T10:16:35.7976689Z   File "/tmp/8de909f8225cfe0/antenv/lib/python3.11/site-packages/gunicorn/util.py", line 377, in import_app
2026-04-02T10:16:35.7976710Z     mod = importlib.import_module(module)
2026-04-02T10:16:35.7976732Z           ^^^^^^^^^^^^^^^^^^^^^^^^^^^^^^^
2026-04-02T10:16:35.7976756Z   File "/opt/python/3.11.14/lib/python3.11/importlib/__init__.py", line 126, in import_module
2026-04-02T10:16:35.7976778Z     return _bootstrap._gcd_import(name[level:], package, level)
2026-04-02T10:16:35.7976821Z            ^^^^^^^^^^^^^^^^^^^^^^^^^^^^^^^^^^^^^^^^^^^^^^^^^^^^
2026-04-02T10:16:35.7976845Z   File "<frozen importlib._bootstrap>", line 1204, in _gcd_import
2026-04-02T10:16:35.7976867Z   File "<frozen importlib._bootstrap>", line 1176, in _find_and_load
2026-04-02T10:16:35.7976891Z   File "<frozen importlib._bootstrap>", line 1126, in _find_and_load_unlocked
2026-04-02T10:16:35.7976915Z   File "<frozen importlib._bootstrap>", line 241, in _call_with_frames_removed
2026-04-02T10:16:35.7976937Z   File "<frozen importlib._bootstrap>", line 1204, in _gcd_import
2026-04-02T10:16:35.7976974Z   File "<frozen importlib._bootstrap>", line 1176, in _find_and_load
2026-04-02T10:16:35.7976998Z   File "<frozen importlib._bootstrap>", line 1140, in _find_and_load_unlocked
2026-04-02T10:16:35.7977019Z ModuleNotFoundError: No module named 'webapp'
2026-04-02T10:16:35.8275303Z No module named 'webapp'
2026-04-02T10:16:35.8275733Z [2026-04-02 10:16:35 +0000] [1897] [INFO] Worker exiting (pid: 1897)
2026-04-02T10:16:36.2589418Z [2026-04-02 10:16:36 +0000] [1895] [INFO] Control socket listening at /root/.gunicorn/gunicorn.ctl
2026-04-02T10:16:36.3064070Z [2026-04-02 10:16:36 +0000] [1895] [ERROR] Worker (pid:1897) exited with code 3.
2026-04-02T10:16:36.3079732Z [2026-04-02 10:16:36 +0000] [1895] [ERROR] Shutting down: Master
2026-04-02T10:16:36.3084535Z [2026-04-02 10:16:36 +0000] [1895] [ERROR] Reason: Worker failed to boot.
2026-04-02T10:19:28.1939564Z    _____                               
2026-04-02T10:19:28.1941577Z   /  _  \ __________ _________   ____  
2026-04-02T10:19:28.1941647Z  /  /_\  \\___   /  |  \_  __ \_/ __ \ 
2026-04-02T10:19:28.1941670Z /    |    \/    /|  |  /|  | \/\  ___/ 
2026-04-02T10:19:28.1941696Z \____|__  /_____ \____/ |__|    \___  >
2026-04-02T10:19:28.1941724Z         \/      \/                  \/ 
2026-04-02T10:19:28.1941810Z A P P   S E R V I C E   O N   L I N U X
2026-04-02T10:19:28.1941830Z 
2026-04-02T10:19:28.1941860Z Documentation    : http://aka.ms/webapp-linux
2026-04-02T10:19:28.1941884Z Python quickstart: https://aka.ms/python-qs
2026-04-02T10:19:28.1941907Z Python version   : 3.11.14
2026-04-02T10:19:28.1941930Z Instance Name    : lw1sdlwk000KKM
2026-04-02T10:19:28.1941980Z Instance Id      : 7d4ee311498b261eb996c3c5566ae5bbd227759952a6214551a3ab4312f134f3
2026-04-02T10:19:28.1942001Z 
2026-04-02T10:19:28.1942023Z Note: Any data outside '/home' is not persisted
2026-04-02T10:19:31.3512097Z Starting OpenBSD Secure Shell server: sshd.
2026-04-02T10:19:31.3883225Z WEBSITES_INCLUDE_CLOUD_CERTS is not set to true.
2026-04-02T10:19:31.5167451Z Updating certificates in /etc/ssl/certs...
2026-04-02T10:19:57.5859965Z rehash: warning: skipping duplicate certificate in azl_SSL.com_TLS_ECC_Root_CA_2022.pem
2026-04-02T10:19:57.6135229Z rehash: warning: skipping duplicate certificate in azl_Sectigo_Public_Server_Authentication_Root_E46.pem
2026-04-02T10:19:57.6150893Z rehash: warning: skipping duplicate certificate in azl_SSL.com_TLS_RSA_Root_CA_2022.pem
2026-04-02T10:19:57.6442490Z rehash: warning: skipping duplicate certificate in azl_Sectigo_Public_Server_Authentication_Root_R46.pem
2026-04-02T10:19:57.7749177Z 4 added, 0 removed; done.
2026-04-02T10:19:57.7749628Z Running hooks in /etc/ca-certificates/update.d...
2026-04-02T10:19:57.8047408Z done.
2026-04-02T10:19:57.8338089Z CA certificates copied and updated successfully.
2026-04-02T10:19:58.0020889Z Site's appCommandLine: gunicorn --bind=0.0.0.0:8000 --timeout 600 --chdir /home/site/wwwroot webapp.app:app
2026-04-02T10:19:58.3111590Z Starting periodic command scheduler: cron.
2026-04-02T10:19:58.3196251Z Launching oryx with: create-script -appPath /home/site/wwwroot -output /opt/startup/startup.sh -virtualEnvName antenv -defaultApp /opt/defaultsite -userStartupCommand 'gunicorn --bind=0.0.0.0:8000 --timeout 600 --chdir /home/site/wwwroot webapp.app:app'
2026-04-02T10:19:58.5414013Z Found build manifest file at '/home/site/wwwroot/oryx-manifest.toml'. Deserializing it...
2026-04-02T10:19:58.5593649Z Build Operation ID: b39938355056db27
2026-04-02T10:19:58.5609355Z Oryx Version: 0.2.20260130.1, Commit: a98e9aef5dfb6572a08b0a07ce414e1122ab4a2e, ReleaseTagName: 20260130.1
2026-04-02T10:19:58.5685899Z Output is compressed. Extracting it...
2026-04-02T10:19:58.5700660Z Found zstd-compressed tarball.
2026-04-02T10:19:58.5710142Z Extracting '/home/site/wwwroot/output.tar.zst' to directory '/tmp/8de909f8225cfe0'...
2026-04-02T10:19:58.5716974Z Using zstd for decompression of file: /home/site/wwwroot/output.tar.zst
2026-04-02T10:20:07.9826838Z zstd tar Successfully extracted '/home/site/wwwroot/output.tar.zst' to '/tmp/8de909f8225cfe0'
2026-04-02T10:20:07.9827695Z App path is set to '/tmp/8de909f8225cfe0'
2026-04-02T10:20:09.2058535Z Writing output script to '/opt/startup/startup.sh'
2026-04-02T10:20:09.4448668Z Using packages from virtual environment antenv located at /tmp/8de909f8225cfe0/antenv.
2026-04-02T10:20:09.4458790Z Updated PYTHONPATH to '/opt/startup/app_logs:/tmp/8de909f8225cfe0/antenv/lib/python3.11/site-packages'
2026-04-02T10:20:11.4075641Z [2026-04-02 10:20:11 +0000] [1898] [INFO] Starting gunicorn 25.3.0
2026-04-02T10:20:11.4144551Z [2026-04-02 10:20:11 +0000] [1898] [INFO] Listening at: http://0.0.0.0:8000 (1898)
2026-04-02T10:20:11.4146625Z [2026-04-02 10:20:11 +0000] [1898] [INFO] Using worker: sync
2026-04-02T10:20:11.4448232Z [2026-04-02 10:20:11 +0000] [1899] [INFO] Booting worker with pid: 1899
2026-04-02T10:20:11.5727327Z [2026-04-02 10:20:11 +0000] [1899] [ERROR] Exception in worker process
2026-04-02T10:20:11.5728156Z Traceback (most recent call last):
2026-04-02T10:20:11.5728191Z   File "/tmp/8de909f8225cfe0/antenv/lib/python3.11/site-packages/gunicorn/arbiter.py", line 713, in spawn_worker
2026-04-02T10:20:11.5728211Z     worker.init_process()
2026-04-02T10:20:11.5728252Z   File "/tmp/8de909f8225cfe0/antenv/lib/python3.11/site-packages/gunicorn/workers/base.py", line 136, in init_process
2026-04-02T10:20:11.5728270Z     self.load_wsgi()
2026-04-02T10:20:11.5728369Z   File "/tmp/8de909f8225cfe0/antenv/lib/python3.11/site-packages/gunicorn/workers/base.py", line 148, in load_wsgi
2026-04-02T10:20:11.5728389Z     self.wsgi = self.app.wsgi()
2026-04-02T10:20:11.5728408Z                 ^^^^^^^^^^^^^^^
2026-04-02T10:20:11.5728429Z   File "/tmp/8de909f8225cfe0/antenv/lib/python3.11/site-packages/gunicorn/app/base.py", line 66, in wsgi
2026-04-02T10:20:11.5728447Z     self.callable = self.load()
2026-04-02T10:20:11.5728465Z                     ^^^^^^^^^^^
2026-04-02T10:20:11.5728502Z   File "/tmp/8de909f8225cfe0/antenv/lib/python3.11/site-packages/gunicorn/app/wsgiapp.py", line 57, in load
2026-04-02T10:20:11.5728521Z     return self.load_wsgiapp()
2026-04-02T10:20:11.5728540Z            ^^^^^^^^^^^^^^^^^^^
2026-04-02T10:20:11.5728562Z   File "/tmp/8de909f8225cfe0/antenv/lib/python3.11/site-packages/gunicorn/app/wsgiapp.py", line 47, in load_wsgiapp
2026-04-02T10:20:11.5728581Z     return util.import_app(self.app_uri)
2026-04-02T10:20:11.5728629Z            ^^^^^^^^^^^^^^^^^^^^^^^^^^^^^
2026-04-02T10:20:11.5728670Z   File "/tmp/8de909f8225cfe0/antenv/lib/python3.11/site-packages/gunicorn/util.py", line 377, in import_app
2026-04-02T10:20:11.5728690Z     mod = importlib.import_module(module)
2026-04-02T10:20:11.5728709Z           ^^^^^^^^^^^^^^^^^^^^^^^^^^^^^^^
2026-04-02T10:20:11.5728730Z   File "/opt/python/3.11.14/lib/python3.11/importlib/__init__.py", line 126, in import_module
2026-04-02T10:20:11.5728751Z     return _bootstrap._gcd_import(name[level:], package, level)
2026-04-02T10:20:11.5728770Z            ^^^^^^^^^^^^^^^^^^^^^^^^^^^^^^^^^^^^^^^^^^^^^^^^^^^^
2026-04-02T10:20:11.5728805Z   File "<frozen importlib._bootstrap>", line 1204, in _gcd_import
2026-04-02T10:20:11.5728825Z   File "<frozen importlib._bootstrap>", line 1176, in _find_and_load
2026-04-02T10:20:11.5728845Z   File "<frozen importlib._bootstrap>", line 1126, in _find_and_load_unlocked
2026-04-02T10:20:11.5728866Z   File "<frozen importlib._bootstrap>", line 241, in _call_with_frames_removed
2026-04-02T10:20:11.5728886Z   File "<frozen importlib._bootstrap>", line 1204, in _gcd_import
2026-04-02T10:20:11.5728906Z   File "<frozen importlib._bootstrap>", line 1176, in _find_and_load
2026-04-02T10:20:11.5728942Z   File "<frozen importlib._bootstrap>", line 1140, in _find_and_load_unlocked
2026-04-02T10:20:11.5728962Z ModuleNotFoundError: No module named 'webapp'
2026-04-02T10:20:11.5824494Z No module named 'webapp'
2026-04-02T10:20:11.5827341Z [2026-04-02 10:20:11 +0000] [1899] [INFO] Worker exiting (pid: 1899)
2026-04-02T10:20:12.0217003Z [2026-04-02 10:20:12 +0000] [1898] [INFO] Control socket listening at /root/.gunicorn/gunicorn.ctl
2026-04-02T10:20:12.1152448Z [2026-04-02 10:20:12 +0000] [1898] [ERROR] Worker (pid:1899) exited with code 3.
2026-04-02T10:20:12.1442523Z [2026-04-02 10:20:12 +0000] [1898] [ERROR] Shutting down: Master
2026-04-02T10:20:12.1442849Z [2026-04-02 10:20:12 +0000] [1898] [ERROR] Reason: Worker failed to boot.
2026-04-02T10:20:54.5345614Z    _____                               
2026-04-02T10:20:54.5347405Z   /  _  \ __________ _________   ____  
2026-04-02T10:20:54.5347460Z  /  /_\  \\___   /  |  \_  __ \_/ __ \ 
2026-04-02T10:20:54.5347484Z /    |    \/    /|  |  /|  | \/\  ___/ 
2026-04-02T10:20:54.5347572Z \____|__  /_____ \____/ |__|    \___  >
2026-04-02T10:20:54.5347602Z         \/      \/                  \/ 
2026-04-02T10:20:54.5347623Z A P P   S E R V I C E   O N   L I N U X
2026-04-02T10:20:54.5347643Z 
2026-04-02T10:20:54.5347672Z Documentation    : http://aka.ms/webapp-linux
2026-04-02T10:20:54.5347698Z Python quickstart: https://aka.ms/python-qs
2026-04-02T10:20:54.5347737Z Python version   : 3.11.14
2026-04-02T10:20:54.5347759Z Instance Name    : lw1sdlwk000KKM
2026-04-02T10:20:54.5347785Z Instance Id      : 7d4ee311498b261eb996c3c5566ae5bbd227759952a6214551a3ab4312f134f3
2026-04-02T10:20:54.5347806Z 
2026-04-02T10:20:54.5347829Z Note: Any data outside '/home' is not persisted
2026-04-02T10:20:58.0296329Z Starting OpenBSD Secure Shell server: sshd.
2026-04-02T10:20:58.1000574Z WEBSITES_INCLUDE_CLOUD_CERTS is not set to true.
2026-04-02T10:20:58.2295750Z Updating certificates in /etc/ssl/certs...
2026-04-02T10:21:29.0011591Z rehash: warning: skipping duplicate certificate in azl_SSL.com_TLS_ECC_Root_CA_2022.pem
2026-04-02T10:21:29.0032735Z rehash: warning: skipping duplicate certificate in azl_Sectigo_Public_Server_Authentication_Root_E46.pem
2026-04-02T10:21:29.0109073Z rehash: warning: skipping duplicate certificate in azl_SSL.com_TLS_RSA_Root_CA_2022.pem
2026-04-02T10:21:29.0123741Z rehash: warning: skipping duplicate certificate in azl_Sectigo_Public_Server_Authentication_Root_R46.pem
2026-04-02T10:21:29.0927640Z 4 added, 0 removed; done.
2026-04-02T10:21:29.0937119Z Running hooks in /etc/ca-certificates/update.d...
2026-04-02T10:21:29.1217456Z done.
2026-04-02T10:21:29.1319658Z CA certificates copied and updated successfully.
2026-04-02T10:21:29.3428491Z Site's appCommandLine: cd /home/site/wwwroot && gunicorn --bind=0.0.0.0:8000 --timeout 600 webapp.app:app
2026-04-02T10:21:29.9461897Z Starting periodic command scheduler: cron.
2026-04-02T10:21:29.9736662Z Launching oryx with: create-script -appPath /home/site/wwwroot -output /opt/startup/startup.sh -virtualEnvName antenv -defaultApp /opt/defaultsite -userStartupCommand 'cd /home/site/wwwroot && gunicorn --bind=0.0.0.0:8000 --timeout 600 webapp.app:app'
2026-04-02T10:21:30.3169910Z Could not find build manifest file at '/home/site/wwwroot/oryx-manifest.toml'
2026-04-02T10:21:30.3186834Z Could not find operation ID in manifest. Generating an operation id...
2026-04-02T10:21:30.3260216Z Build Operation ID: eeb56ac1-4fca-4ea4-a588-3f81086b4909
2026-04-02T10:21:31.5084108Z Oryx Version: 0.2.20260130.1, Commit: a98e9aef5dfb6572a08b0a07ce414e1122ab4a2e, ReleaseTagName: 20260130.1
2026-04-02T10:21:31.6545782Z Writing output script to '/opt/startup/startup.sh'
2026-04-02T10:21:31.8660912Z WARNING: Could not find virtual environment directory /home/site/wwwroot/antenv.
2026-04-02T10:21:31.8830608Z WARNING: Could not find package directory /home/site/wwwroot/__oryx_packages__.
2026-04-02T10:21:34.3283802Z [2026-04-02 10:21:34 +0000] [1891] [INFO] Starting gunicorn 24.1.1
2026-04-02T10:21:34.3374547Z [2026-04-02 10:21:34 +0000] [1891] [INFO] Listening at: http://0.0.0.0:8000 (1891)
2026-04-02T10:21:34.3388419Z [2026-04-02 10:21:34 +0000] [1891] [INFO] Using worker: sync
2026-04-02T10:21:34.4150066Z [2026-04-02 10:21:34 +0000] [1892] [INFO] Booting worker with pid: 1892
2026-04-02T10:21:34.4461060Z [2026-04-02 10:21:34 +0000] [1892] [ERROR] Exception in worker process
2026-04-02T10:21:34.4461813Z Traceback (most recent call last):
2026-04-02T10:21:34.4461924Z   File "/opt/python/3.11.14/lib/python3.11/site-packages/gunicorn/arbiter.py", line 641, in spawn_worker
2026-04-02T10:21:34.4461948Z     worker.init_process()
2026-04-02T10:21:34.4461985Z   File "/opt/python/3.11.14/lib/python3.11/site-packages/gunicorn/workers/base.py", line 135, in init_process
2026-04-02T10:21:34.4462006Z     self.load_wsgi()
2026-04-02T10:21:34.4462031Z   File "/opt/python/3.11.14/lib/python3.11/site-packages/gunicorn/workers/base.py", line 147, in load_wsgi
2026-04-02T10:21:34.4462053Z     self.wsgi = self.app.wsgi()
2026-04-02T10:21:34.4462099Z                 ^^^^^^^^^^^^^^^
2026-04-02T10:21:34.4462125Z   File "/opt/python/3.11.14/lib/python3.11/site-packages/gunicorn/app/base.py", line 66, in wsgi
2026-04-02T10:21:34.4462145Z     self.callable = self.load()
2026-04-02T10:21:34.4462165Z                     ^^^^^^^^^^^
2026-04-02T10:21:34.4462188Z   File "/opt/python/3.11.14/lib/python3.11/site-packages/gunicorn/app/wsgiapp.py", line 57, in load
2026-04-02T10:21:34.4462209Z     return self.load_wsgiapp()
2026-04-02T10:21:34.4462230Z            ^^^^^^^^^^^^^^^^^^^
2026-04-02T10:21:34.4462271Z   File "/opt/python/3.11.14/lib/python3.11/site-packages/gunicorn/app/wsgiapp.py", line 47, in load_wsgiapp
2026-04-02T10:21:34.4462295Z     return util.import_app(self.app_uri)
2026-04-02T10:21:34.4462347Z            ^^^^^^^^^^^^^^^^^^^^^^^^^^^^^
2026-04-02T10:21:34.4462371Z   File "/opt/python/3.11.14/lib/python3.11/site-packages/gunicorn/util.py", line 366, in import_app
2026-04-02T10:21:34.4462394Z     mod = importlib.import_module(module)
2026-04-02T10:21:34.4462430Z           ^^^^^^^^^^^^^^^^^^^^^^^^^^^^^^^
2026-04-02T10:21:34.4462456Z   File "/opt/python/3.11.14/lib/python3.11/importlib/__init__.py", line 126, in import_module
2026-04-02T10:21:34.4462480Z     return _bootstrap._gcd_import(name[level:], package, level)
2026-04-02T10:21:34.4462503Z            ^^^^^^^^^^^^^^^^^^^^^^^^^^^^^^^^^^^^^^^^^^^^^^^^^^^^
2026-04-02T10:21:34.4462529Z   File "<frozen importlib._bootstrap>", line 1204, in _gcd_import
2026-04-02T10:21:34.4462553Z   File "<frozen importlib._bootstrap>", line 1176, in _find_and_load
2026-04-02T10:21:34.4462591Z   File "<frozen importlib._bootstrap>", line 1126, in _find_and_load_unlocked
2026-04-02T10:21:34.4462615Z   File "<frozen importlib._bootstrap>", line 241, in _call_with_frames_removed
2026-04-02T10:21:34.4462638Z   File "<frozen importlib._bootstrap>", line 1204, in _gcd_import
2026-04-02T10:21:34.4462661Z   File "<frozen importlib._bootstrap>", line 1176, in _find_and_load
2026-04-02T10:21:34.4462685Z   File "<frozen importlib._bootstrap>", line 1140, in _find_and_load_unlocked
2026-04-02T10:21:34.4462707Z ModuleNotFoundError: No module named 'webapp'
2026-04-02T10:21:34.4779757Z No module named 'webapp'
2026-04-02T10:21:34.4951409Z [2026-04-02 10:21:34 +0000] [1892] [INFO] Worker exiting (pid: 1892)
2026-04-02T10:21:35.1831764Z [2026-04-02 10:21:35 +0000] [1891] [ERROR] Worker (pid:1892) exited with code 3.
2026-04-02T10:21:35.1933828Z [2026-04-02 10:21:35 +0000] [1891] [ERROR] Shutting down: Master
2026-04-02T10:21:35.2309869Z [2026-04-02 10:21:35 +0000] [1891] [ERROR] Reason: Worker failed to boot.
2026-04-02T10:37:31.4522142Z    _____                               
2026-04-02T10:37:31.4524021Z   /  _  \ __________ _________   ____  
2026-04-02T10:37:31.4524069Z  /  /_\  \\___   /  |  \_  __ \_/ __ \ 
2026-04-02T10:37:31.4524093Z /    |    \/    /|  |  /|  | \/\  ___/ 
2026-04-02T10:37:31.4524119Z \____|__  /_____ \____/ |__|    \___  >
2026-04-02T10:37:31.4524148Z         \/      \/                  \/ 
2026-04-02T10:37:31.4524170Z A P P   S E R V I C E   O N   L I N U X
2026-04-02T10:37:31.4524208Z 
2026-04-02T10:37:31.4524237Z Documentation    : http://aka.ms/webapp-linux
2026-04-02T10:37:31.4524264Z Python quickstart: https://aka.ms/python-qs
2026-04-02T10:37:31.4524286Z Python version   : 3.11.14
2026-04-02T10:37:31.4524308Z Instance Name    : lw1sdlwk000KKM
2026-04-02T10:37:31.4524336Z Instance Id      : 7d4ee311498b261eb996c3c5566ae5bbd227759952a6214551a3ab4312f134f3
2026-04-02T10:37:31.4524356Z 
2026-04-02T10:37:31.4524401Z Note: Any data outside '/home' is not persisted
2026-04-02T10:37:34.6075510Z Starting OpenBSD Secure Shell server: sshd.
2026-04-02T10:37:34.6358651Z WEBSITES_INCLUDE_CLOUD_CERTS is not set to true.
2026-04-02T10:37:34.6954101Z Updating certificates in /etc/ssl/certs...
2026-04-02T10:37:53.8311291Z rehash: warning: skipping duplicate certificate in azl_SSL.com_TLS_ECC_Root_CA_2022.pem
2026-04-02T10:37:53.8403641Z rehash: warning: skipping duplicate certificate in azl_Sectigo_Public_Server_Authentication_Root_E46.pem
2026-04-02T10:37:53.8413391Z rehash: warning: skipping duplicate certificate in azl_SSL.com_TLS_RSA_Root_CA_2022.pem
2026-04-02T10:37:53.8492919Z rehash: warning: skipping duplicate certificate in azl_Sectigo_Public_Server_Authentication_Root_R46.pem
2026-04-02T10:37:53.9007715Z 4 added, 0 removed; done.
2026-04-02T10:37:53.9019802Z Running hooks in /etc/ca-certificates/update.d...
2026-04-02T10:37:53.9226347Z done.
2026-04-02T10:37:53.9587120Z CA certificates copied and updated successfully.
2026-04-02T10:37:54.0704530Z Site's appCommandLine: cd /home/site/wwwroot && gunicorn --bind=0.0.0.0:8000 --timeout 600 webapp.app:app
2026-04-02T10:37:54.4627482Z Starting periodic command scheduler: cron.
2026-04-02T10:37:54.5128958Z Launching oryx with: create-script -appPath /home/site/wwwroot -output /opt/startup/startup.sh -virtualEnvName antenv -defaultApp /opt/defaultsite -userStartupCommand 'cd /home/site/wwwroot && gunicorn --bind=0.0.0.0:8000 --timeout 600 webapp.app:app'
2026-04-02T10:37:54.7693482Z Found build manifest file at '/home/site/wwwroot/oryx-manifest.toml'. Deserializing it...
2026-04-02T10:37:54.7780141Z Build Operation ID: b9b53addc56fe91f
2026-04-02T10:37:54.7885915Z Oryx Version: 0.2.20260130.1, Commit: a98e9aef5dfb6572a08b0a07ce414e1122ab4a2e, ReleaseTagName: 20260130.1
2026-04-02T10:37:54.7984871Z Output is compressed. Extracting it...
2026-04-02T10:37:54.8081212Z Found zstd-compressed tarball.
2026-04-02T10:37:54.8094222Z Extracting '/home/site/wwwroot/output.tar.zst' to directory '/tmp/8de90a3aeabd2cd'...
2026-04-02T10:37:54.8170659Z Using zstd for decompression of file: /home/site/wwwroot/output.tar.zst
2026-04-02T10:38:00.2360422Z zstd tar Successfully extracted '/home/site/wwwroot/output.tar.zst' to '/tmp/8de90a3aeabd2cd'
2026-04-02T10:38:00.2363029Z App path is set to '/tmp/8de90a3aeabd2cd'
2026-04-02T10:38:00.9997566Z Writing output script to '/opt/startup/startup.sh'
2026-04-02T10:38:01.4144255Z Using packages from virtual environment antenv located at /tmp/8de90a3aeabd2cd/antenv.
2026-04-02T10:38:01.4223918Z Updated PYTHONPATH to '/opt/startup/app_logs:/tmp/8de90a3aeabd2cd/antenv/lib/python3.11/site-packages'
2026-04-02T10:38:04.9989888Z [2026-04-02 10:38:04 +0000] [1895] [INFO] Starting gunicorn 25.3.0
2026-04-02T10:38:05.0000066Z [2026-04-02 10:38:04 +0000] [1895] [INFO] Listening at: http://0.0.0.0:8000 (1895)
2026-04-02T10:38:05.0001802Z [2026-04-02 10:38:05 +0000] [1895] [INFO] Using worker: sync
2026-04-02T10:38:05.0624975Z [2026-04-02 10:38:05 +0000] [1896] [INFO] Booting worker with pid: 1896
2026-04-02T10:38:05.4288147Z [2026-04-02 10:38:05 +0000] [1896] [ERROR] Exception in worker process
2026-04-02T10:38:05.4288599Z Traceback (most recent call last):
2026-04-02T10:38:05.4288637Z   File "/tmp/8de90a3aeabd2cd/antenv/lib/python3.11/site-packages/gunicorn/arbiter.py", line 713, in spawn_worker
2026-04-02T10:38:05.4288746Z     worker.init_process()
2026-04-02T10:38:05.4288780Z   File "/tmp/8de90a3aeabd2cd/antenv/lib/python3.11/site-packages/gunicorn/workers/base.py", line 136, in init_process
2026-04-02T10:38:05.4288803Z     self.load_wsgi()
2026-04-02T10:38:05.4288829Z   File "/tmp/8de90a3aeabd2cd/antenv/lib/python3.11/site-packages/gunicorn/workers/base.py", line 148, in load_wsgi
2026-04-02T10:38:05.4288852Z     self.wsgi = self.app.wsgi()
2026-04-02T10:38:05.4288874Z                 ^^^^^^^^^^^^^^^
2026-04-02T10:38:05.4288920Z   File "/tmp/8de90a3aeabd2cd/antenv/lib/python3.11/site-packages/gunicorn/app/base.py", line 66, in wsgi
2026-04-02T10:38:05.4288944Z     self.callable = self.load()
2026-04-02T10:38:05.4288966Z                     ^^^^^^^^^^^
2026-04-02T10:38:05.4288991Z   File "/tmp/8de90a3aeabd2cd/antenv/lib/python3.11/site-packages/gunicorn/app/wsgiapp.py", line 57, in load
2026-04-02T10:38:05.4289013Z     return self.load_wsgiapp()
2026-04-02T10:38:05.4289034Z            ^^^^^^^^^^^^^^^^^^^
2026-04-02T10:38:05.4289059Z   File "/tmp/8de90a3aeabd2cd/antenv/lib/python3.11/site-packages/gunicorn/app/wsgiapp.py", line 47, in load_wsgiapp
2026-04-02T10:38:05.4289114Z     return util.import_app(self.app_uri)
2026-04-02T10:38:05.4289157Z            ^^^^^^^^^^^^^^^^^^^^^^^^^^^^^
2026-04-02T10:38:05.4289183Z   File "/tmp/8de90a3aeabd2cd/antenv/lib/python3.11/site-packages/gunicorn/util.py", line 377, in import_app
2026-04-02T10:38:05.4289207Z     mod = importlib.import_module(module)
2026-04-02T10:38:05.4289229Z           ^^^^^^^^^^^^^^^^^^^^^^^^^^^^^^^
2026-04-02T10:38:05.4289275Z   File "/opt/python/3.11.14/lib/python3.11/importlib/__init__.py", line 126, in import_module
2026-04-02T10:38:05.4289301Z     return _bootstrap._gcd_import(name[level:], package, level)
2026-04-02T10:38:05.4289325Z            ^^^^^^^^^^^^^^^^^^^^^^^^^^^^^^^^^^^^^^^^^^^^^^^^^^^^
2026-04-02T10:38:05.4289349Z   File "<frozen importlib._bootstrap>", line 1204, in _gcd_import
2026-04-02T10:38:05.4289373Z   File "<frozen importlib._bootstrap>", line 1176, in _find_and_load
2026-04-02T10:38:05.4289397Z   File "<frozen importlib._bootstrap>", line 1126, in _find_and_load_unlocked
2026-04-02T10:38:05.4289437Z   File "<frozen importlib._bootstrap>", line 241, in _call_with_frames_removed
2026-04-02T10:38:05.4289462Z   File "<frozen importlib._bootstrap>", line 1204, in _gcd_import
2026-04-02T10:38:05.4289485Z   File "<frozen importlib._bootstrap>", line 1176, in _find_and_load
2026-04-02T10:38:05.4289509Z   File "<frozen importlib._bootstrap>", line 1140, in _find_and_load_unlocked
2026-04-02T10:38:05.4289531Z ModuleNotFoundError: No module named 'webapp'
2026-04-02T10:38:05.4387725Z No module named 'webapp'
2026-04-02T10:38:05.4388002Z [2026-04-02 10:38:05 +0000] [1896] [INFO] Worker exiting (pid: 1896)
2026-04-02T10:38:06.2686644Z [2026-04-02 10:38:06 +0000] [1895] [INFO] Control socket listening at /root/.gunicorn/gunicorn.ctl
2026-04-02T10:38:06.3095472Z [2026-04-02 10:38:06 +0000] [1895] [ERROR] Worker (pid:1896) exited with code 3.
2026-04-02T10:38:06.3192255Z [2026-04-02 10:38:06 +0000] [1895] [ERROR] Shutting down: Master
2026-04-02T10:38:06.3194335Z [2026-04-02 10:38:06 +0000] [1895] [ERROR] Reason: Worker failed to boot.
2026-04-02T10:43:13.0092905Z    _____                               
2026-04-02T10:43:13.0095064Z   /  _  \ __________ _________   ____  
2026-04-02T10:43:13.0095151Z  /  /_\  \\___   /  |  \_  __ \_/ __ \ 
2026-04-02T10:43:13.0095174Z /    |    \/    /|  |  /|  | \/\  ___/ 
2026-04-02T10:43:13.0095198Z \____|__  /_____ \____/ |__|    \___  >
2026-04-02T10:43:13.0095230Z         \/      \/                  \/ 
2026-04-02T10:43:13.0095282Z A P P   S E R V I C E   O N   L I N U X
2026-04-02T10:43:13.0095304Z 
2026-04-02T10:43:13.0095331Z Documentation    : http://aka.ms/webapp-linux
2026-04-02T10:43:13.0095357Z Python quickstart: https://aka.ms/python-qs
2026-04-02T10:43:13.0095381Z Python version   : 3.11.14
2026-04-02T10:43:13.0095404Z Instance Name    : lw1sdlwk000KKM
2026-04-02T10:43:13.0095451Z Instance Id      : 7d4ee311498b261eb996c3c5566ae5bbd227759952a6214551a3ab4312f134f3
2026-04-02T10:43:13.0095474Z 
2026-04-02T10:43:13.0095496Z Note: Any data outside '/home' is not persisted
2026-04-02T10:43:15.5363950Z Starting OpenBSD Secure Shell server: sshd.
2026-04-02T10:43:15.5599750Z WEBSITES_INCLUDE_CLOUD_CERTS is not set to true.
2026-04-02T10:43:15.6211301Z Updating certificates in /etc/ssl/certs...
2026-04-02T10:43:33.8485893Z rehash: warning: skipping duplicate certificate in azl_SSL.com_TLS_ECC_Root_CA_2022.pem
2026-04-02T10:43:33.8503444Z rehash: warning: skipping duplicate certificate in azl_Sectigo_Public_Server_Authentication_Root_E46.pem
2026-04-02T10:43:33.8507003Z rehash: warning: skipping duplicate certificate in azl_SSL.com_TLS_RSA_Root_CA_2022.pem
2026-04-02T10:43:33.8601360Z rehash: warning: skipping duplicate certificate in azl_Sectigo_Public_Server_Authentication_Root_R46.pem
2026-04-02T10:43:33.9648065Z 4 added, 0 removed; done.
2026-04-02T10:43:33.9648571Z Running hooks in /etc/ca-certificates/update.d...
2026-04-02T10:43:33.9648618Z done.
2026-04-02T10:43:33.9939508Z CA certificates copied and updated successfully.
2026-04-02T10:43:34.1542846Z Site's appCommandLine: gunicorn --bind=0.0.0.0:8000 --timeout 600 --chdir /home/site/wwwroot/webapp app:app
2026-04-02T10:43:34.5674413Z Starting periodic command scheduler: cron.
2026-04-02T10:43:34.5691360Z Launching oryx with: create-script -appPath /home/site/wwwroot -output /opt/startup/startup.sh -virtualEnvName antenv -defaultApp /opt/defaultsite -userStartupCommand 'gunicorn --bind=0.0.0.0:8000 --timeout 600 --chdir /home/site/wwwroot/webapp app:app'
2026-04-02T10:43:34.6186559Z Found build manifest file at '/home/site/wwwroot/oryx-manifest.toml'. Deserializing it...
2026-04-02T10:43:34.6384431Z Build Operation ID: b9b53addc56fe91f
2026-04-02T10:43:34.6674057Z Oryx Version: 0.2.20260130.1, Commit: a98e9aef5dfb6572a08b0a07ce414e1122ab4a2e, ReleaseTagName: 20260130.1
2026-04-02T10:43:34.6692289Z Output is compressed. Extracting it...
2026-04-02T10:43:34.6774106Z Found zstd-compressed tarball.
2026-04-02T10:43:34.6784765Z Extracting '/home/site/wwwroot/output.tar.zst' to directory '/tmp/8de90a3aeabd2cd'...
2026-04-02T10:43:34.6792280Z Using zstd for decompression of file: /home/site/wwwroot/output.tar.zst
2026-04-02T10:43:39.4426767Z zstd tar Successfully extracted '/home/site/wwwroot/output.tar.zst' to '/tmp/8de90a3aeabd2cd'
2026-04-02T10:43:39.4436660Z App path is set to '/tmp/8de90a3aeabd2cd'
2026-04-02T10:43:40.1467195Z Writing output script to '/opt/startup/startup.sh'
2026-04-02T10:43:40.4509930Z Using packages from virtual environment antenv located at /tmp/8de90a3aeabd2cd/antenv.
2026-04-02T10:43:40.4602174Z Updated PYTHONPATH to '/opt/startup/app_logs:/tmp/8de90a3aeabd2cd/antenv/lib/python3.11/site-packages'
2026-04-02T10:43:41.4514739Z 
2026-04-02T10:43:41.4521405Z Error: can't chdir to '/home/site/wwwroot/webapp'
2026-04-02T10:48:55.3852312Z    _____                               
2026-04-02T10:48:55.3867300Z   /  _  \ __________ _________   ____  
2026-04-02T10:48:55.3867463Z  /  /_\  \\___   /  |  \_  __ \_/ __ \ 
2026-04-02T10:48:55.3867489Z /    |    \/    /|  |  /|  | \/\  ___/ 
2026-04-02T10:48:55.3867512Z \____|__  /_____ \____/ |__|    \___  >
2026-04-02T10:48:55.3867535Z         \/      \/                  \/ 
2026-04-02T10:48:55.3867629Z A P P   S E R V I C E   O N   L I N U X
2026-04-02T10:48:55.3867654Z 
2026-04-02T10:48:55.3867681Z Documentation    : http://aka.ms/webapp-linux
2026-04-02T10:48:55.3867704Z Python quickstart: https://aka.ms/python-qs
2026-04-02T10:48:55.3867729Z Python version   : 3.11.14
2026-04-02T10:48:55.3867753Z Instance Name    : lw1sdlwk000KKM
2026-04-02T10:48:55.3867799Z Instance Id      : 7d4ee311498b261eb996c3c5566ae5bbd227759952a6214551a3ab4312f134f3
2026-04-02T10:48:55.3867822Z 
2026-04-02T10:48:55.3867844Z Note: Any data outside '/home' is not persisted
2026-04-02T10:48:59.4288300Z Starting OpenBSD Secure Shell server: sshd.
2026-04-02T10:48:59.4495455Z WEBSITES_INCLUDE_CLOUD_CERTS is not set to true.
2026-04-02T10:48:59.5394469Z Updating certificates in /etc/ssl/certs...
2026-04-02T10:49:18.8879104Z rehash: warning: skipping duplicate certificate in azl_SSL.com_TLS_ECC_Root_CA_2022.pem
2026-04-02T10:49:18.8976007Z rehash: warning: skipping duplicate certificate in azl_Sectigo_Public_Server_Authentication_Root_E46.pem
2026-04-02T10:49:18.8979708Z rehash: warning: skipping duplicate certificate in azl_SSL.com_TLS_RSA_Root_CA_2022.pem
2026-04-02T10:49:18.9078676Z rehash: warning: skipping duplicate certificate in azl_Sectigo_Public_Server_Authentication_Root_R46.pem
2026-04-02T10:49:18.9762108Z 4 added, 0 removed; done.
2026-04-02T10:49:18.9765661Z Running hooks in /etc/ca-certificates/update.d...
2026-04-02T10:49:18.9945779Z done.
2026-04-02T10:49:19.0156850Z CA certificates copied and updated successfully.
2026-04-02T10:49:19.1147542Z Site's appCommandLine: gunicorn --bind=0.0.0.0:8000 --timeout 600 app:app
2026-04-02T10:49:19.6337425Z Starting periodic command scheduler: cron.
2026-04-02T10:49:19.6353088Z Launching oryx with: create-script -appPath /home/site/wwwroot -output /opt/startup/startup.sh -virtualEnvName antenv -defaultApp /opt/defaultsite -userStartupCommand 'gunicorn --bind=0.0.0.0:8000 --timeout 600 app:app'
2026-04-02T10:49:19.7671094Z Found build manifest file at '/home/site/wwwroot/oryx-manifest.toml'. Deserializing it...
2026-04-02T10:49:19.7873456Z Build Operation ID: c5bbc454fe135fcd
2026-04-02T10:49:19.7940343Z Oryx Version: 0.2.20260130.1, Commit: a98e9aef5dfb6572a08b0a07ce414e1122ab4a2e, ReleaseTagName: 20260130.1
2026-04-02T10:49:19.7954327Z Output is compressed. Extracting it...
2026-04-02T10:49:19.8223505Z Found zstd-compressed tarball.
2026-04-02T10:49:19.8250271Z Extracting '/home/site/wwwroot/output.tar.zst' to directory '/tmp/8de90a4ee66cddc'...
2026-04-02T10:49:19.8334780Z Using zstd for decompression of file: /home/site/wwwroot/output.tar.zst
2026-04-02T10:49:24.9469917Z zstd tar Successfully extracted '/home/site/wwwroot/output.tar.zst' to '/tmp/8de90a4ee66cddc'
2026-04-02T10:49:24.9540680Z App path is set to '/tmp/8de90a4ee66cddc'
2026-04-02T10:49:25.7300259Z Writing output script to '/opt/startup/startup.sh'
2026-04-02T10:49:26.0822885Z Using packages from virtual environment antenv located at /tmp/8de90a4ee66cddc/antenv.
2026-04-02T10:49:26.0831012Z Updated PYTHONPATH to '/opt/startup/app_logs:/tmp/8de90a4ee66cddc/antenv/lib/python3.11/site-packages'
2026-04-02T10:49:27.6870048Z [2026-04-02 10:49:27 +0000] [1895] [INFO] Starting gunicorn 25.3.0
2026-04-02T10:49:27.7044963Z [2026-04-02 10:49:27 +0000] [1895] [INFO] Listening at: http://0.0.0.0:8000 (1895)
2026-04-02T10:49:27.7055733Z [2026-04-02 10:49:27 +0000] [1895] [INFO] Using worker: sync
2026-04-02T10:49:27.7358726Z [2026-04-02 10:49:27 +0000] [1896] [INFO] Booting worker with pid: 1896
2026-04-02T10:49:28.2333613Z [2026-04-02 10:49:28 +0000] [1895] [INFO] Control socket listening at /root/.gunicorn/gunicorn.ctl
2026-04-02T10:50:24.6336251Z [2026-04-02 10:50:24,621] ERROR in app: Exception on / [GET]
2026-04-02T10:50:24.6336709Z Traceback (most recent call last):
2026-04-02T10:50:24.6336736Z   File "/tmp/8de90a4ee66cddc/antenv/lib/python3.11/site-packages/flask/app.py", line 1511, in wsgi_app
2026-04-02T10:50:24.6336756Z     response = self.full_dispatch_request()
2026-04-02T10:50:24.6336772Z                ^^^^^^^^^^^^^^^^^^^^^^^^^^^^
2026-04-02T10:50:24.6336792Z   File "/tmp/8de90a4ee66cddc/antenv/lib/python3.11/site-packages/flask/app.py", line 919, in full_dispatch_request
2026-04-02T10:50:24.6336809Z     rv = self.handle_user_exception(e)
2026-04-02T10:50:24.6336825Z          ^^^^^^^^^^^^^^^^^^^^^^^^^^^^^
2026-04-02T10:50:24.6336845Z   File "/tmp/8de90a4ee66cddc/antenv/lib/python3.11/site-packages/flask/app.py", line 917, in full_dispatch_request
2026-04-02T10:50:24.6336862Z     rv = self.dispatch_request()
2026-04-02T10:50:24.6336877Z          ^^^^^^^^^^^^^^^^^^^^^^^
2026-04-02T10:50:24.6336920Z   File "/tmp/8de90a4ee66cddc/antenv/lib/python3.11/site-packages/flask/app.py", line 902, in dispatch_request
2026-04-02T10:50:24.6336940Z     return self.ensure_sync(self.view_functions[rule.endpoint])(**view_args)  # type: ignore[no-any-return]
2026-04-02T10:50:24.6336958Z            ^^^^^^^^^^^^^^^^^^^^^^^^^^^^^^^^^^^^^^^^^^^^^^^^^^^^^^^^^^^^^^^^^
2026-04-02T10:50:24.6336975Z   File "/tmp/8de90a4ee66cddc/app.py", line 90, in index
2026-04-02T10:50:24.6336993Z     return render_template("index.html", stores=STORES, products=PRODUCTS)
2026-04-02T10:50:24.6337010Z            ^^^^^^^^^^^^^^^^^^^^^^^^^^^^^^^^^^^^^^^^^^^^^^^^^^^^^^^^^^^^^^^
2026-04-02T10:50:24.6337055Z   File "/tmp/8de90a4ee66cddc/antenv/lib/python3.11/site-packages/flask/templating.py", line 150, in render_template
2026-04-02T10:50:24.6337073Z     template = app.jinja_env.get_or_select_template(template_name_or_list)
2026-04-02T10:50:24.6337090Z                ^^^^^^^^^^^^^^^^^^^^^^^^^^^^^^^^^^^^^^^^^^^^^^^^^^^^^^^^^^^
2026-04-02T10:50:24.6337133Z   File "/tmp/8de90a4ee66cddc/antenv/lib/python3.11/site-packages/jinja2/environment.py", line 1087, in get_or_select_template
2026-04-02T10:50:24.6337151Z     return self.get_template(template_name_or_list, parent, globals)
2026-04-02T10:50:24.6337168Z            ^^^^^^^^^^^^^^^^^^^^^^^^^^^^^^^^^^^^^^^^^^^^^^^^^^^^^^^^^
2026-04-02T10:50:24.6337187Z   File "/tmp/8de90a4ee66cddc/antenv/lib/python3.11/site-packages/jinja2/environment.py", line 1016, in get_template
2026-04-02T10:50:24.6337204Z     return self._load_template(name, globals)
2026-04-02T10:50:24.6337220Z            ^^^^^^^^^^^^^^^^^^^^^^^^^^^^^^^^^^
2026-04-02T10:50:24.6337240Z   File "/tmp/8de90a4ee66cddc/antenv/lib/python3.11/site-packages/jinja2/environment.py", line 975, in _load_template
2026-04-02T10:50:24.6337257Z     template = self.loader.load(self, name, self.make_globals(globals))
2026-04-02T10:50:24.6337274Z                ^^^^^^^^^^^^^^^^^^^^^^^^^^^^^^^^^^^^^^^^^^^^^^^^^^^^^^^^
2026-04-02T10:50:24.6337293Z   File "/tmp/8de90a4ee66cddc/antenv/lib/python3.11/site-packages/jinja2/loaders.py", line 126, in load
2026-04-02T10:50:24.6337327Z     source, filename, uptodate = self.get_source(environment, name)
2026-04-02T10:50:24.6337345Z                                  ^^^^^^^^^^^^^^^^^^^^^^^^^^^^^^^^^^
2026-04-02T10:50:24.6337365Z   File "/tmp/8de90a4ee66cddc/antenv/lib/python3.11/site-packages/flask/templating.py", line 66, in get_source
2026-04-02T10:50:24.6337389Z     return self._get_source_fast(environment, template)
2026-04-02T10:50:24.6337406Z            ^^^^^^^^^^^^^^^^^^^^^^^^^^^^^^^^^^^^^^^^^^^^
2026-04-02T10:50:24.6337425Z   File "/tmp/8de90a4ee66cddc/antenv/lib/python3.11/site-packages/flask/templating.py", line 100, in _get_source_fast
2026-04-02T10:50:24.6337441Z     raise TemplateNotFound(template)
2026-04-02T10:50:24.6337458Z jinja2.exceptions.TemplateNotFound: index.html
2026-04-02T10:50:29.1388018Z [2026-04-02 10:50:29,133] ERROR in app: Exception on / [GET]
2026-04-02T10:50:29.1388614Z Traceback (most recent call last):
2026-04-02T10:50:29.1388641Z   File "/tmp/8de90a4ee66cddc/antenv/lib/python3.11/site-packages/flask/app.py", line 1511, in wsgi_app
2026-04-02T10:50:29.1388660Z     response = self.full_dispatch_request()
2026-04-02T10:50:29.1388676Z                ^^^^^^^^^^^^^^^^^^^^^^^^^^^^
2026-04-02T10:50:29.1388696Z   File "/tmp/8de90a4ee66cddc/antenv/lib/python3.11/site-packages/flask/app.py", line 919, in full_dispatch_request
2026-04-02T10:50:29.1388715Z     rv = self.handle_user_exception(e)
2026-04-02T10:50:29.1388739Z          ^^^^^^^^^^^^^^^^^^^^^^^^^^^^^
2026-04-02T10:50:29.1388759Z   File "/tmp/8de90a4ee66cddc/antenv/lib/python3.11/site-packages/flask/app.py", line 917, in full_dispatch_request
2026-04-02T10:50:29.1388776Z     rv = self.dispatch_request()
2026-04-02T10:50:29.1388791Z          ^^^^^^^^^^^^^^^^^^^^^^^
2026-04-02T10:50:29.1388887Z   File "/tmp/8de90a4ee66cddc/antenv/lib/python3.11/site-packages/flask/app.py", line 902, in dispatch_request
2026-04-02T10:50:29.1388907Z     return self.ensure_sync(self.view_functions[rule.endpoint])(**view_args)  # type: ignore[no-any-return]
2026-04-02T10:50:29.1388926Z            ^^^^^^^^^^^^^^^^^^^^^^^^^^^^^^^^^^^^^^^^^^^^^^^^^^^^^^^^^^^^^^^^^
2026-04-02T10:50:29.1388944Z   File "/tmp/8de90a4ee66cddc/app.py", line 90, in index
2026-04-02T10:50:29.1388963Z     return render_template("index.html", stores=STORES, products=PRODUCTS)
2026-04-02T10:50:29.1388981Z            ^^^^^^^^^^^^^^^^^^^^^^^^^^^^^^^^^^^^^^^^^^^^^^^^^^^^^^^^^^^^^^^
2026-04-02T10:50:29.1389001Z   File "/tmp/8de90a4ee66cddc/antenv/lib/python3.11/site-packages/flask/templating.py", line 150, in render_template
2026-04-02T10:50:29.1389018Z     template = app.jinja_env.get_or_select_template(template_name_or_list)
2026-04-02T10:50:29.1389037Z                ^^^^^^^^^^^^^^^^^^^^^^^^^^^^^^^^^^^^^^^^^^^^^^^^^^^^^^^^^^^
2026-04-02T10:50:29.1389057Z   File "/tmp/8de90a4ee66cddc/antenv/lib/python3.11/site-packages/jinja2/environment.py", line 1087, in get_or_select_template
2026-04-02T10:50:29.1389097Z     return self.get_template(template_name_or_list, parent, globals)
2026-04-02T10:50:29.1389115Z            ^^^^^^^^^^^^^^^^^^^^^^^^^^^^^^^^^^^^^^^^^^^^^^^^^^^^^^^^^
2026-04-02T10:50:29.1389135Z   File "/tmp/8de90a4ee66cddc/antenv/lib/python3.11/site-packages/jinja2/environment.py", line 1016, in get_template
2026-04-02T10:50:29.1389152Z     return self._load_template(name, globals)
2026-04-02T10:50:29.1389168Z            ^^^^^^^^^^^^^^^^^^^^^^^^^^^^^^^^^^
2026-04-02T10:50:29.1389189Z   File "/tmp/8de90a4ee66cddc/antenv/lib/python3.11/site-packages/jinja2/environment.py", line 975, in _load_template
2026-04-02T10:50:29.1389209Z     template = self.loader.load(self, name, self.make_globals(globals))
2026-04-02T10:50:29.1389226Z                ^^^^^^^^^^^^^^^^^^^^^^^^^^^^^^^^^^^^^^^^^^^^^^^^^^^^^^^^
2026-04-02T10:50:29.1389245Z   File "/tmp/8de90a4ee66cddc/antenv/lib/python3.11/site-packages/jinja2/loaders.py", line 126, in load
2026-04-02T10:50:29.1389263Z     source, filename, uptodate = self.get_source(environment, name)
2026-04-02T10:50:29.1389306Z                                  ^^^^^^^^^^^^^^^^^^^^^^^^^^^^^^^^^^
2026-04-02T10:50:29.1389327Z   File "/tmp/8de90a4ee66cddc/antenv/lib/python3.11/site-packages/flask/templating.py", line 66, in get_source
2026-04-02T10:50:29.1389344Z     return self._get_source_fast(environment, template)
2026-04-02T10:50:29.1389360Z            ^^^^^^^^^^^^^^^^^^^^^^^^^^^^^^^^^^^^^^^^^^^^
2026-04-02T10:50:29.1389382Z   File "/tmp/8de90a4ee66cddc/antenv/lib/python3.11/site-packages/flask/templating.py", line 100, in _get_source_fast
2026-04-02T10:50:29.1389398Z     raise TemplateNotFound(template)
2026-04-02T10:50:29.1389414Z jinja2.exceptions.TemplateNotFound: index.html
