2026-04-02T10:22:09.0737117Z,Updating submodules.,043b5162-3d0e-4dcc-bae9-fa9d890a2fbf,0
2026-04-02T10:22:10.2221503Z,Preparing deployment for commit id '3ab6e68b-3'.,557ed612-2ea5-42cb-8ae3-b2d02e92ab21,0
2026-04-02T10:22:10.6666112Z,PreDeployment: context.CleanOutputPath False,c27251c8-164b-4949-bf23-d20a81860dd7,0
2026-04-02T10:22:10.8254391Z,PreDeployment: context.OutputPath /home/site/wwwroot,a3920ea8-7a3d-43db-aab3-ae55cb325584,0
2026-04-02T10:22:10.9909194Z,Repository path is /tmp/zipdeploy/extracted,8bcf5181-b9d2-410d-864c-8cb823382cdf,0
2026-04-02T10:22:11.3743767Z,Running oryx build...,806991d2-be60-49a7-9962-9aad5912e09a,0
	2026-04-02T10:22:11.4203196Z,Command: oryx build /tmp/zipdeploy/extracted -o /home/site/wwwroot --platform python --platform-version 3.11 -p virtualenv_name=antenv --log-file /tmp/build-debug.log  -i /tmp/8de90a1b33b7008 --compress-destination-dir | tee /tmp/oryx-build.log,,0
	2026-04-02T10:22:18.8546752Z,Operation performed by Microsoft Oryx&comma; https://github.com/Microsoft/Oryx,,0
	2026-04-02T10:22:19.0384272Z,You can report issues at https://github.com/Microsoft/Oryx/issues,,0
	2026-04-02T10:22:19.1747236Z,,,0
	2026-04-02T10:22:19.2827909Z,Oryx Version: 0.2.20260204.1+0fdbe200b286be083841ff7fa201c6c2316dc6b9&comma; Commit: 0fdbe200b286be083841ff7fa201c6c2316dc6b9&comma; ReleaseTagName: 20260204.1,,0
	2026-04-02T10:22:19.3840293Z,,,0
	2026-04-02T10:22:19.5569648Z,Build Operation ID: f7a35b95c06947fa,,0
	2026-04-02T10:22:19.6145252Z,Repository Commit : 3ab6e68b-3372-4195-aa8c-351fd00497c3,,0
	2026-04-02T10:22:19.7542829Z,OS Type           : bullseye,,0
	2026-04-02T10:22:19.8619122Z,Image Type        : githubactions,,0
	2026-04-02T10:22:20.0696278Z,,,0
	2026-04-02T10:22:20.4072296Z,Primary SDK Storage URL: https://oryx-cdn.microsoft.io,,0
	2026-04-02T10:22:20.6274397Z,Backup SDK Storage URL: ,,0
	2026-04-02T10:22:20.7619456Z,Detecting platforms...,,0
	2026-04-02T10:22:20.8186379Z,External SDK provider is enabled.,,0
	2026-04-02T10:22:20.9743998Z,Requesting metadata for platform python from external SDK provider,,0
	2026-04-02T10:22:24.1693526Z,Requesting metadata for platform python from external SDK provider,,0
	2026-04-02T10:22:26.4268182Z,Detected following platforms:,,0
	2026-04-02T10:22:26.4934250Z,  python: 3.11.15,,0
	2026-04-02T10:22:26.5203075Z,Requesting metadata for platform python from external SDK provider,,0
	2026-04-02T10:22:30.3058878Z,Version '3.11.15' of platform 'python' is not installed. Generating script to install it...,,0
	2026-04-02T10:22:30.8107320Z,,,0
	2026-04-02T10:22:30.9001445Z,Using intermediate directory '/tmp/8de90a1b33b7008'.,,0
	2026-04-02T10:22:30.9230130Z,,,0
	2026-04-02T10:22:30.9525361Z,Copying files to the intermediate directory...,,0
	2026-04-02T10:22:30.9821721Z,Copying files to intermediate directory done in 0 sec(s).,,0
	2026-04-02T10:22:31.0338901Z,,,0
	2026-04-02T10:22:31.0647891Z,Source directory     : /tmp/8de90a1b33b7008,,0
	2026-04-02T10:22:31.1010769Z,Destination directory: /home/site/wwwroot,,0
	2026-04-02T10:22:31.2008965Z,,,0
	2026-04-02T10:22:31.2610796Z,Installing platform...,,0
	2026-04-02T10:22:31.3021638Z,,,0
	2026-04-02T10:22:31.3421359Z,Downloading and extracting 'python' version '3.11.15' to '/tmp/oryx/platforms/python/3.11.15'...,,0
	2026-04-02T10:22:31.3846780Z,Detected image debian flavor: bullseye.,,0
	2026-04-02T10:22:31.4433446Z,Skipping download of python version 3.11.15 as it is available in external sdk provider cache...,,0
	2026-04-02T10:22:31.4925677Z,Extracting contents...,,0
	2026-04-02T10:22:50.2063917Z,Successfully extracted python version 3.11.15 from external sdk provider cache...,,0
	2026-04-02T10:22:50.2977209Z,,,0
	2026-04-02T10:22:50.3282737Z,image detector file exists&comma; platform is python..,,0
	2026-04-02T10:22:50.3773844Z,OS detector file exists&comma; OS is bullseye..,,0
	2026-04-02T10:22:50.4385813Z,Platform installation done in 20 sec(s).,,0
	2026-04-02T10:22:50.7708660Z,Running build script snippets...,,0
	2026-04-02T10:22:50.8221588Z,Python Version: /tmp/oryx/platforms/python/3.11.15/bin/python3.11,,0
	2026-04-02T10:22:50.8702730Z,Creating directory for command manifest file if it does not exist,,0
	2026-04-02T10:22:50.9425176Z,Removing existing manifest file,,0
	2026-04-02T10:22:51.0532640Z,Python Virtual Environment: antenv,,0
	2026-04-02T10:22:51.1337133Z,Creating virtual environment...,,0
	2026-04-02T10:22:51.2521868Z,Executing: /tmp/oryx/platforms/python/3.11.15/bin/python3.11 -m venv antenv --copies --system-site-packages,,0
	2026-04-02T10:23:09.5570091Z,Activating virtual environment...,,0
	2026-04-02T10:23:09.6152455Z,Fast build is enabled,,0
	2026-04-02T10:23:09.6743866Z,Installing uv...,,0
	2026-04-02T10:23:13.0765002Z,Collecting uv,,0
	2026-04-02T10:23:13.1253976Z,  Using cached uv-0.11.3-py3-none-manylinux_2_17_x86_64.manylinux2014_x86_64.whl.metadata (11 kB),,0
	2026-04-02T10:23:13.1655758Z,Using cached uv-0.11.3-py3-none-manylinux_2_17_x86_64.manylinux2014_x86_64.whl (24.6 MB),,0
	2026-04-02T10:23:14.0510654Z,Installing collected packages: uv,,0
	2026-04-02T10:23:16.1357223Z,Successfully installed uv-0.11.3,,0
	2026-04-02T10:23:16.5027704Z,,,1
	2026-04-02T10:23:16.5140967Z,[notice] A new release of pip is available: 24.0 -> 26.0.1,,1
	2026-04-02T10:23:16.5415701Z,[notice] To update&comma; run: pip install --upgrade pip,,1
	2026-04-02T10:23:17.4191769Z,Running uv pip install...,,0
	2026-04-02T10:31:17.9567717Z,Using Python 3.11.15 environment at: antenv,,0
	2026-04-02T10:31:18.0362426Z,Resolved 138 packages in 2.34s,,0
	2026-04-02T10:31:18.1010327Z,Downloading azure-ai-ml (12.6MiB),,0
	2026-04-02T10:31:18.1411986Z,Downloading xgboost (125.6MiB),,0
	2026-04-02T10:31:18.1896800Z,Downloading plotly (9.5MiB),,0
	2026-04-02T10:31:18.2948858Z,Downloading scikit-learn (8.7MiB),,0
	2026-04-02T10:31:18.3706205Z,Downloading pillow (6.8MiB),,0
	2026-04-02T10:31:18.4601771Z,Downloading cryptography (4.3MiB),,0
	2026-04-02T10:31:18.4899751Z,Downloading azure-mgmt-containerregistry (1.6MiB),,0
	2026-04-02T10:31:18.5372946Z,Downloading scipy (33.7MiB),,0
	2026-04-02T10:31:18.5670663Z,Downloading azure-mgmt-resource (3.4MiB),,0
	2026-04-02T10:31:18.6160714Z,Downloading nvidia-nccl-cu12 (280.0MiB),,0
	2026-04-02T10:31:18.6932993Z,Downloading fonttools (4.8MiB),,0
	2026-04-02T10:31:18.7055347Z,Downloading lightgbm (3.4MiB),,0
	2026-04-02T10:31:18.7429740Z,Downloading pynacl (1.4MiB),,0
	2026-04-02T10:31:18.7933131Z,Downloading pandas (10.7MiB),,0
	2026-04-02T10:31:18.8329218Z,Downloading pygments (1.2MiB),,0
	2026-04-02T10:31:18.8604908Z,Downloading kiwisolver (1.4MiB),,0
	2026-04-02T10:31:18.9113032Z,Downloading matplotlib (8.3MiB),,0
	2026-04-02T10:31:18.9505441Z,Downloading azure-mgmt-authorization (1.0MiB),,0
	2026-04-02T10:31:19.1287942Z,Downloading azureml-core (3.2MiB),,0
	2026-04-02T10:31:19.1863734Z,Downloading numpy (16.1MiB),,0
	2026-04-02T10:31:19.2934143Z, Downloaded pynacl,,0
	2026-04-02T10:31:19.3542796Z, Downloaded pygments,,0
	2026-04-02T10:31:19.4516703Z, Downloaded kiwisolver,,0
	2026-04-02T10:31:19.5498543Z, Downloaded azure-mgmt-containerregistry,,0
	2026-04-02T10:31:19.6375313Z, Downloaded azure-mgmt-authorization,,0
	2026-04-02T10:31:19.7091477Z, Downloaded lightgbm,,0
	2026-04-02T10:31:19.7561141Z, Downloaded cryptography,,0
	2026-04-02T10:31:19.7784310Z, Downloaded fonttools,,0
	2026-04-02T10:31:19.8454247Z, Downloaded azureml-core,,0
	2026-04-02T10:31:19.8650810Z, Downloaded azure-mgmt-resource,,0
	2026-04-02T10:31:19.9050522Z, Downloaded pillow,,0
	2026-04-02T10:31:19.9809581Z, Downloaded matplotlib,,0
	2026-04-02T10:31:20.0119295Z, Downloaded scikit-learn,,0
	2026-04-02T10:31:20.0504567Z, Downloaded plotly,,0
	2026-04-02T10:31:20.0791187Z, Downloaded numpy,,0
	2026-04-02T10:31:20.1091426Z, Downloaded pandas,,0
	2026-04-02T10:31:20.1585773Z, Downloaded azure-ai-ml,,0
	2026-04-02T10:31:20.2135002Z, Downloaded scipy,,0
	2026-04-02T10:31:20.2750304Z, Downloaded xgboost,,0
	2026-04-02T10:31:20.3318412Z, Downloaded nvidia-nccl-cu12,,0
	2026-04-02T10:31:20.3534473Z,Prepared 138 packages in 51.85s,,0
	2026-04-02T10:31:20.3937595Z,Installed 138 packages in 3.19s,,0
	2026-04-02T10:31:20.4641331Z,Bytecode compiled 16717 files in 7m 01s,,0
	2026-04-02T10:31:20.5215895Z, + adal==1.2.7,,0
	2026-04-02T10:31:20.5829903Z, + argcomplete==3.6.3,,0
	2026-04-02T10:31:20.6340732Z, + asgiref==3.11.1,,0
	2026-04-02T10:31:20.7391036Z, + attrs==26.1.0,,0
	2026-04-02T10:31:20.7879749Z, + azure-ai-ml==1.32.0,,0
	2026-04-02T10:31:20.8577547Z, + azure-common==1.1.28,,0
	2026-04-02T10:31:20.9374332Z, + azure-core==1.39.0,,0
	2026-04-02T10:31:20.9869945Z, + azure-core-tracing-opentelemetry==1.0.0b12,,0
	2026-04-02T10:31:21.0257676Z, + azure-eventhub==5.15.1,,0
	2026-04-02T10:31:21.0872041Z, + azure-graphrbac==0.61.2,,0
	2026-04-02T10:31:21.1185873Z, + azure-identity==1.25.3,,0
	2026-04-02T10:31:21.1848203Z, + azure-keyvault-secrets==4.10.0,,0
	2026-04-02T10:31:21.2426597Z, + azure-mgmt-authorization==4.0.0,,0
	2026-04-02T10:31:21.3015629Z, + azure-mgmt-containerregistry==14.0.0,,0
	2026-04-02T10:31:21.3311767Z, + azure-mgmt-core==1.6.0,,0
	2026-04-02T10:31:21.3782324Z, + azure-mgmt-datafactory==9.3.0,,0
	2026-04-02T10:31:21.4293424Z, + azure-mgmt-keyvault==11.0.0,,0
	2026-04-02T10:31:21.4800913Z, + azure-mgmt-network==30.0.0,,0
	2026-04-02T10:31:21.6792982Z, + azure-mgmt-resource==24.0.0,,0
	2026-04-02T10:31:21.7315402Z, + azure-mgmt-storage==24.0.0,,0
	2026-04-02T10:31:21.7896795Z, + azure-monitor-opentelemetry==1.8.7,,0
	2026-04-02T10:31:21.8319898Z, + azure-monitor-opentelemetry-exporter==1.0.0b49,,0
	2026-04-02T10:31:21.8899776Z, + azure-storage-blob==12.28.0,,0
	2026-04-02T10:31:21.9211710Z, + azure-storage-file-datalake==12.23.0,,0
	2026-04-02T10:31:21.9727323Z, + azure-storage-file-share==12.24.0,,0
	2026-04-02T10:31:22.0003005Z, + azureml-core==1.61.0.post3,,0
	2026-04-02T10:31:22.0306379Z, + backports-tempfile==1.0,,0
	2026-04-02T10:31:22.0506136Z, + backports-weakref==1.0.post1,,0
	2026-04-02T10:31:22.0633654Z, + bcrypt==5.0.0,,0
	2026-04-02T10:31:22.0907132Z, + blinker==1.9.0,,0
	2026-04-02T10:31:22.1630703Z, + certifi==2026.2.25,,0
	2026-04-02T10:31:22.2025112Z, + cffi==2.0.0,,0
	2026-04-02T10:31:22.2461995Z, + charset-normalizer==3.4.7,,0
	2026-04-02T10:31:22.2601087Z, + click==8.3.1,,0
	2026-04-02T10:31:22.2644457Z, + colorama==0.4.6,,0
	2026-04-02T10:31:22.2723510Z, + contextlib2==21.6.0,,0
	2026-04-02T10:31:22.2829982Z, + contourpy==1.3.3,,0
	2026-04-02T10:31:22.3390147Z, + cryptography==46.0.6,,0
	2026-04-02T10:31:22.3506872Z, + cycler==0.12.1,,0
	2026-04-02T10:31:22.3619677Z, + databricks-sdk==0.102.0,,0
	2026-04-02T10:31:22.3747133Z, + docker==7.1.0,,0
	2026-04-02T10:31:22.4117110Z, + flask==3.1.3,,0
	2026-04-02T10:31:22.4506068Z, + fonttools==4.62.1,,0
	2026-04-02T10:31:22.4712879Z, + google-api-core==2.30.1,,0
	2026-04-02T10:31:22.5222288Z, + google-auth==2.49.1,,0
	2026-04-02T10:31:22.5526492Z, + googleapis-common-protos==1.73.1,,0
	2026-04-02T10:31:22.6119507Z, + humanfriendly==10.0,,0
	2026-04-02T10:31:22.6708460Z, + idna==3.11,,0
	2026-04-02T10:31:22.7304161Z, + importlib-metadata==8.7.1,,0
	2026-04-02T10:31:22.7710473Z, + isodate==0.7.2,,0
	2026-04-02T10:31:22.8106810Z, + itsdangerous==2.2.0,,0
	2026-04-02T10:31:22.8812585Z, + jeepney==0.9.0,,0
	2026-04-02T10:31:22.9318904Z, + jinja2==3.1.6,,0
	2026-04-02T10:31:22.9818892Z, + jmespath==1.1.0,,0
	2026-04-02T10:31:23.0524926Z, + joblib==1.5.3,,0
	2026-04-02T10:31:23.1111312Z, + jsonpickle==4.1.1,,0
	2026-04-02T10:31:23.1654442Z, + jsonschema==4.26.0,,0
	2026-04-02T10:31:23.2225222Z, + jsonschema-specifications==2025.9.1,,0
	2026-04-02T10:31:23.2617169Z, + kiwisolver==1.5.0,,0
	2026-04-02T10:31:23.3232217Z, + knack==0.12.0,,0
	2026-04-02T10:31:23.3630212Z, + lightgbm==4.6.0,,0
	2026-04-02T10:31:23.4129324Z, + markupsafe==3.0.3,,0
	2026-04-02T10:31:23.4346969Z, + marshmallow==3.26.2,,0
	2026-04-02T10:31:23.4734657Z, + matplotlib==3.10.8,,0
	2026-04-02T10:31:23.5436438Z, + msal==1.35.1,,0
	2026-04-02T10:31:23.5835159Z, + msal-extensions==1.3.1,,0
	2026-04-02T10:31:23.6154588Z, + msrest==0.7.1,,0
	2026-04-02T10:31:23.7551297Z, + msrestazure==0.6.4.post1,,0
	2026-04-02T10:31:23.7962400Z, + narwhals==2.18.1,,0
	2026-04-02T10:31:23.8168604Z, + ndg-httpsclient==0.5.1,,0
	2026-04-02T10:31:23.8450192Z, + numpy==2.4.4,,0
	2026-04-02T10:31:23.8841971Z, + nvidia-nccl-cu12==2.29.7,,0
	2026-04-02T10:31:23.9148870Z, + oauthlib==3.3.1,,0
	2026-04-02T10:31:23.9639681Z, + opencensus==0.11.4,,0
	2026-04-02T10:31:24.0051619Z, + opencensus-context==0.1.3,,0
	2026-04-02T10:31:24.0459576Z, + opencensus-ext-azure==1.1.15,,0
	2026-04-02T10:31:24.1070897Z, + opencensus-ext-logging==0.1.1,,0
	2026-04-02T10:31:24.1345998Z, + opentelemetry-api==1.40.0,,0
	2026-04-02T10:31:24.2054767Z, + opentelemetry-instrumentation==0.61b0,,0
	2026-04-02T10:31:24.2574668Z, + opentelemetry-instrumentation-asgi==0.61b0,,0
	2026-04-02T10:31:24.3082190Z, + opentelemetry-instrumentation-dbapi==0.61b0,,0
	2026-04-02T10:31:24.3612383Z, + opentelemetry-instrumentation-django==0.61b0,,0
	2026-04-02T10:31:24.3810754Z, + opentelemetry-instrumentation-fastapi==0.61b0,,0
	2026-04-02T10:31:24.4684224Z, + opentelemetry-instrumentation-flask==0.61b0,,0
	2026-04-02T10:31:24.4941678Z, + opentelemetry-instrumentation-logging==0.61b0,,0
	2026-04-02T10:31:24.5165141Z, + opentelemetry-instrumentation-psycopg2==0.61b0,,0
	2026-04-02T10:31:24.6062148Z, + opentelemetry-instrumentation-requests==0.61b0,,0
	2026-04-02T10:31:24.6459186Z, + opentelemetry-instrumentation-urllib==0.61b0,,0
	2026-04-02T10:31:24.6837490Z, + opentelemetry-instrumentation-urllib3==0.61b0,,0
	2026-04-02T10:31:24.7364003Z, + opentelemetry-instrumentation-wsgi==0.61b0,,0
	2026-04-02T10:31:24.7737288Z, + opentelemetry-resource-detector-azure==0.1.5,,0
	2026-04-02T10:31:24.8038136Z, + opentelemetry-sdk==1.40.0,,0
	2026-04-02T10:31:24.8344409Z, + opentelemetry-semantic-conventions==0.61b0,,0
	2026-04-02T10:31:24.8840526Z, + opentelemetry-util-http==0.61b0,,0
	2026-04-02T10:31:24.9435872Z, + packaging==25.0,,0
	2026-04-02T10:31:24.9719552Z, + pandas==3.0.2,,0
	2026-04-02T10:31:24.9925459Z, + paramiko==3.5.1,,0
	2026-04-02T10:31:25.0335622Z, + pathspec==0.12.1,,0
	2026-04-02T10:31:25.0823646Z, + pillow==12.2.0,,0
	2026-04-02T10:31:25.1199324Z, + pkginfo==1.12.1.2,,0
	2026-04-02T10:31:25.1667774Z, + plotly==6.6.0,,0
	2026-04-02T10:31:25.1867890Z, + proto-plus==1.27.2,,0
	2026-04-02T10:31:25.2385712Z, + protobuf==6.33.6,,0
	2026-04-02T10:31:25.2685624Z, + psutil==7.2.2,,0
	2026-04-02T10:31:25.3931318Z, + pyasn1==0.6.3,,0
	2026-04-02T10:31:25.4315155Z, + pyasn1-modules==0.4.2,,0
	2026-04-02T10:31:25.4641582Z, + pycparser==3.0,,0
	2026-04-02T10:31:25.4952118Z, + pydash==8.0.6,,0
	2026-04-02T10:31:25.5450601Z, + pygments==2.20.0,,0
	2026-04-02T10:31:25.6355940Z, + pyjwt==2.12.1,,0
	2026-04-02T10:31:25.6729889Z, + pynacl==1.6.2,,0
	2026-04-02T10:31:25.7149043Z, + pyodbc==5.3.0,,0
	2026-04-02T10:31:25.7741142Z, + pyopenssl==25.3.0,,0
	2026-04-02T10:31:25.8066462Z, + pyparsing==3.3.2,,0
	2026-04-02T10:31:25.8566540Z, + pysocks==1.7.1,,0
	2026-04-02T10:31:25.8972952Z, + python-dateutil==2.9.0.post0,,0
	2026-04-02T10:31:25.9354048Z, + python-dotenv==1.2.2,,0
	2026-04-02T10:31:25.9949229Z, + python-json-logger==4.1.0,,0
	2026-04-02T10:31:26.0366277Z, + pytz==2026.1.post1,,0
	2026-04-02T10:31:26.0776359Z, + pyyaml==6.0.3,,0
	2026-04-02T10:31:26.1465980Z, + referencing==0.37.0,,0
	2026-04-02T10:31:26.1771972Z, + requests==2.33.1,,0
	2026-04-02T10:31:26.2213420Z, + requests-oauthlib==2.0.0,,0
	2026-04-02T10:31:26.2504319Z, + rpds-py==0.30.0,,0
	2026-04-02T10:31:26.2928897Z, + scikit-learn==1.8.0,,0
	2026-04-02T10:31:26.3209703Z, + scipy==1.17.1,,0
	2026-04-02T10:31:26.3608554Z, + secretstorage==3.5.0,,0
	2026-04-02T10:31:26.4462463Z, + six==1.17.0,,0
	2026-04-02T10:31:26.5055418Z, + strictyaml==1.7.3,,0
	2026-04-02T10:31:26.5543600Z, + tabulate==0.10.0,,0
	2026-04-02T10:31:26.6027800Z, + threadpoolctl==3.6.0,,0
	2026-04-02T10:31:26.6633462Z, + tqdm==4.67.3,,0
	2026-04-02T10:31:26.7041857Z, + typing-extensions==4.15.0,,0
	2026-04-02T10:31:26.7440624Z, + urllib3==2.6.3,,0
	2026-04-02T10:31:26.7839894Z, + werkzeug==3.1.7,,0
	2026-04-02T10:31:26.8438165Z, + wrapt==1.17.3,,0
	2026-04-02T10:31:26.8958727Z, + xgboost==3.2.0,,0
	2026-04-02T10:31:26.9362111Z, + zipp==3.23.0,,0
	2026-04-02T10:31:26.9954081Z,uv pip install done in 488 sec(s).,,0
	2026-04-02T10:31:27.0561350Z,Not a vso image&comma; so not writing build commands,,0
	2026-04-02T10:31:27.1168358Z,Build script snippets done in 508 sec(s).,,0
	2026-04-02T10:31:27.1556259Z,Preparing output...,,0
	2026-04-02T10:31:27.1677748Z,Compressing source directory directly to destination (optimized path)...,,0
	2026-04-02T10:31:27.2358816Z,Using zstd for compression,,0
	2026-04-02T10:35:11.5110134Z,Copied the compressed output to '/home/site/wwwroot',,0
	2026-04-02T10:35:11.7011768Z,Direct compression with zstd done in 233 sec(s).,,0
	2026-04-02T10:35:11.9192237Z,,,0
	2026-04-02T10:35:12.0068739Z,Removing existing manifest file,,0
	2026-04-02T10:35:12.0947144Z,Creating a manifest file...,,0
	2026-04-02T10:35:12.2434021Z,Manifest file created.,,0
	2026-04-02T10:35:12.2937972Z,Copying .ostype to manifest output directory.,,0
	2026-04-02T10:35:12.7056840Z,,,0
	2026-04-02T10:35:12.7547541Z,Total execution done in 762 sec(s).,,0
2026-04-02T10:35:16.4771969Z,Running post deployment command(s)...,5aa0779c-f9b8-4825-99bc-9c41cedde9ae,0
2026-04-02T10:35:16.6881956Z,,21775d33-2186-471e-a537-d24eb039c4a1,0
2026-04-02T10:35:16.8339574Z,Generating summary of Oryx build,8381d5ef-ef3c-478f-9d58-9d0143c08973,0
2026-04-02T10:35:17.0660207Z,Parsing the build logs,98bc4f97-e35a-422e-beb5-99fdd84c7b41,0
2026-04-02T10:35:17.5065399Z,Found 0 issue(s),16fe3ff1-d53c-4603-8070-5fccbb2355c5,0
2026-04-02T10:35:17.7630954Z,,670e283c-458b-4e4b-a90a-9ee0102eb8e5,0
2026-04-02T10:35:17.9386574Z,Build Summary :,b9091264-18d3-4453-8938-1c0e61b862de,0
2026-04-02T10:35:18.0926825Z,===============,ac63b931-cda8-4a82-9116-843f3f882c87,0
2026-04-02T10:35:18.2713761Z,Errors (0),5b797316-bf71-4bbc-9dab-d14203b99779,0
2026-04-02T10:35:18.4261136Z,Warnings (0),5422f851-f786-426d-b9f5-6cab2703e5fc,0
2026-04-02T10:35:18.5898379Z,,ff163aed-9ac3-4671-991d-2a84435d9e98,0
2026-04-02T10:35:18.8571207Z,Triggering container recycle for OneDeploy by adding/updating restartTrigger.txt to the site root path,e94e04c8-5325-4758-b337-034b2a2cb8bf,0
2026-04-02T10:35:19.1484812Z,Deployment successful. deployer = OneDeploy deploymentPath = OneDeploy,0ccb94f6-6e2d-41c5-b9f0-f20455cb67a1,0
